#
# A fatal error has been detected by the Java Runtime Environment:
#
#  Internal Error (jvmciRuntime.cpp:1609), pid=21, tid=39
#  fatal error: Fatal exception in JVMCI: Error calling jdk.vm.ci.services.Services.serializeSavedProperties
#
# JRE version: OpenJDK Runtime Environment GraalVM CE 22.3.0 (17.0.5+8) (build 17.0.5+8-jvmci-22.3-b08)
# Java VM: OpenJDK 64-Bit Server VM GraalVM CE 22.3.0 (17.0.5+8-jvmci-22.3-b08, mixed mode, sharing, tiered, jvmci, jvmci compiler, compressed oops, compressed class ptrs, parallel gc, linux-amd64)
# Problematic frame:
# V  [libjvm.so+0x972714]  JVMCIRuntime::fatal_exception(JVMCIEnv*, char const*)+0x74
#
# Core dump will be written. Default location: Core dumps may be processed with "/usr/share/apport/apport -p%p -s%s -c%c -d%d -P%P -u%u -g%g -- %E" (or dumping to /home/runner/Assignment-5-1/core.21)
#
# If you would like to submit a bug report, please visit:
#   https://github.com/oracle/graal/issues
#

---------------  S U M M A R Y ------------

Command Line: -XX:ThreadPriorityPolicy=1 -XX:+UnlockExperimentalVMOptions -XX:+EnableJVMCIProduct -XX:JVMCIThreadsPerNativeLibraryRuntime=1 -XX:-UnlockExperimentalVMOptions -Declipse.application=org.eclipse.jdt.ls.core.id1 -Dosgi.bundles.defaultStartLevel=4 -Declipse.product=org.eclipse.jdt.ls.core.product -Dlog.level=ALL -Xverify:none -XX:+UseParallelGC -XX:GCTimeRatio=4 -XX:AdaptiveSizePolicyWeight=90 -Dsun.zip.disableMemoryMapping=true -Xmx512m -Xms100m /nix/store/a7s9klvriqi68xz3qjc0qyfl5h86xc16-jdt-language-server-1.9.0/share/java/plugins/org.eclipse.equinox.launcher_1.6.400.v20210924-0641.jar --add-modules=ALL-SYSTEM --add-opens java.base/java.util=ALL-UNNAMED --add-opens java.base/java.lang=ALL-UNNAMED -configuration /home/runner/.cache/jdt-language-server/config -data /home/runner/.cache/jdt-language-server/data/home/runner/Assignment-5-1

Host: AMD EPYC 7B12, 8 cores, 1G, Ubuntu 20.04.2 LTS
Time: Sun Oct  8 01:37:26 2023 UTC elapsed time: 387.008727 seconds (0d 0h 6m 27s)

---------------  T H R E A D  ---------------

Current thread (0x00007f7acc0b1ce0):  JavaThread "JVMCI-native CompilerThread0" daemon [_thread_in_vm, id=39, stack(0x00007f7ab1918000,0x00007f7ab1b18000)]


Current CompileTask:
JVMCI-native: 387008 9606       4       org.eclipse.osgi.internal.loader.ModuleClassLoader::loadClass (20 bytes)

Stack: [0x00007f7ab1918000,0x00007f7ab1b18000],  sp=0x00007f7ab1b16380,  free space=2040k
Native frames: (J=compiled Java code, j=interpreted, Vv=VM code, C=native code)
V  [libjvm.so+0x972714]  JVMCIRuntime::fatal_exception(JVMCIEnv*, char const*)+0x74
V  [libjvm.so+0x93e2fe]  JVMCIEnv::copy_saved_properties()+0x14e
V  [libjvm.so+0x9732a9]  JVMCIRuntime::initialize(JVMCIEnv*)+0xb19
V  [libjvm.so+0x9738a2]  JVMCIRuntime::get_HotSpotJVMCIRuntime(JVMCIEnv*)+0x12
V  [libjvm.so+0x9749f2]  JVMCIRuntime::compile_method(JVMCIEnv*, JVMCICompiler*, methodHandle const&, int)+0xd2
V  [libjvm.so+0x5b0d20]  CompileBroker::invoke_compiler_on_method(CompileTask*)+0x1470
V  [libjvm.so+0x5b12e8]  CompileBroker::compiler_thread_loop()+0x528
V  [libjvm.so+0xd82460]  JavaThread::thread_main_inner()+0xd0
V  [libjvm.so+0xd85a40]  Thread::call_run()+0xc0
V  [libjvm.so+0xbdb1e1]  thread_native_entry(Thread*)+0xe1

Register to memory mapping:

RAX=0x00007f7ad1574000 points into unknown readable memory: 0x0000000000000058 | 58 00 00 00 00 00 00 00
RBX=0x00007f7ad266f398: <offset 0x0000000000ef5398> in /nix/store/gpxl5qgg8kicmcvivwmybwjlpf7wh20l-graalvm17-ce-22.3.0/lib/server/libjvm.so at 0x00007f7ad177a000
RCX=0x00007f7ad26271e8: <offset 0x0000000000ead1e8> in /nix/store/gpxl5qgg8kicmcvivwmybwjlpf7wh20l-graalvm17-ce-22.3.0/lib/server/libjvm.so at 0x00007f7ad177a000
RDX=0x0000000000000649 is an unknown value
RSP=0x00007f7ab1b16380 is pointing into the stack for thread: 0x00007f7acc0b1ce0
RBP=0x00007f7ab1b163a0 is pointing into the stack for thread: 0x00007f7acc0b1ce0
RSI=0x00007f7ad266fc48: <offset 0x0000000000ef5c48> in /nix/store/gpxl5qgg8kicmcvivwmybwjlpf7wh20l-graalvm17-ce-22.3.0/lib/server/libjvm.so at 0x00007f7ad177a000
RDI=0x00000000e0000000 is an oop: [I 
{0x00000000e0000000} - klass: {type array int}
 - length: 6
R8 =0x00007f7ad266f398: <offset 0x0000000000ef5398> in /nix/store/gpxl5qgg8kicmcvivwmybwjlpf7wh20l-graalvm17-ce-22.3.0/lib/server/libjvm.so at 0x00007f7ad177a000
R9 =0x00007f7ab1b16330 is pointing into the stack for thread: 0x00007f7acc0b1ce0
R10=0x00007f7ab1b17948 is pointing into the stack for thread: 0x00007f7acc0b1ce0
R11=0x0000000000000293 is an unknown value
R12=0x0 is NULL
R13=0x00007f7acc0b1ce0 is a thread
R14=0x00007f7acc000b80 points into unknown readable memory: 0x00007f7ad28a0a38 | 38 0a 8a d2 7a 7f 00 00
R15=0x00007f7ad29aee40: <offset 0x0000000001234e40> in /nix/store/gpxl5qgg8kicmcvivwmybwjlpf7wh20l-graalvm17-ce-22.3.0/lib/server/libjvm.so at 0x00007f7ad177a000


Registers:
RAX=0x00007f7ad1574000, RBX=0x00007f7ad266f398, RCX=0x00007f7ad26271e8, RDX=0x0000000000000649
RSP=0x00007f7ab1b16380, RBP=0x00007f7ab1b163a0, RSI=0x00007f7ad266fc48, RDI=0x00000000e0000000
R8 =0x00007f7ad266f398, R9 =0x00007f7ab1b16330, R10=0x00007f7ab1b17948, R11=0x0000000000000293
R12=0x0000000000000000, R13=0x00007f7acc0b1ce0, R14=0x00007f7acc000b80, R15=0x00007f7ad29aee40
RIP=0x00007f7ad20ec714, EFLAGS=0x0000000000010206, CSGSFS=0x002b000000000033, ERR=0x0000000000000006
  TRAPNO=0x000000000000000e

Top of Stack: (sp=0x00007f7ab1b16380)
0x00007f7ab1b16380:   00007f7ab1b16940 00007f7acc0b1ce0
0x00007f7ab1b16390:   00007f7ad00058c8 0000000800c417a0
0x00007f7ab1b163a0:   00007f7ab1b16500 00007f7ad20b82fe
0x00007f7ab1b163b0:   00007f7ab1b163e0 00007f7ab1b16440 

Instructions: (pc=0x00007f7ad20ec714)
0x00007f7ad20ec614:   30 e8 f6 cf e8 ff 4c 89 e7 e8 2e 48 d1 ff 84 db
0x00007f7ad20ec624:   75 2a 4d 85 ed 74 04 4d 8b 6d 00 48 83 c4 08 44
0x00007f7ad20ec634:   89 f9 4c 89 f2 4c 89 ee 5b 4c 89 e7 41 5c 41 5d
0x00007f7ad20ec644:   41 5e 41 5f 5d e9 e2 47 d1 ff 66 90 48 83 c4 08
0x00007f7ad20ec654:   5b 41 5c 41 5d 41 5e 41 5f 5d c3 90 31 d2 be 08
0x00007f7ad20ec664:   00 00 00 4c 89 ff e8 b1 78 a3 ff 49 89 c5 e9 37
0x00007f7ad20ec674:   ff ff ff 66 0f 1f 84 00 00 00 00 00 48 8b 7a 08
0x00007f7ad20ec684:   e9 6d ff ff ff 0f 1f 80 00 00 00 00 e8 5b 48 0a
0x00007f7ad20ec694:   00 84 c0 75 89 e9 6a ff ff ff 66 90 55 48 89 e5
0x00007f7ad20ec6a4:   41 56 41 55 41 54 49 89 fc 53 48 89 f3 66 48 8d
0x00007f7ad20ec6b4:   3d 27 5e 85 00 66 66 48 e8 df 43 8d ff 4c 8b 28
0x00007f7ad20ec6c4:   8b 05 be 72 8a 00 85 c0 75 14 ba 01 00 00 00 48
0x00007f7ad20ec6d4:   8d 0d ae 72 8a 00 f0 0f b1 11 85 c0 74 4e be c8
0x00007f7ad20ec6e4:   00 00 00 4c 89 ef e8 01 0b 41 00 48 8d 05 12 ac
0x00007f7ad20ec6f4:   85 00 49 89 d8 48 8d 0d e8 aa 53 00 ba 49 06 00
0x00007f7ad20ec704:   00 48 8d 35 3c 35 58 00 bf 00 00 00 e0 48 8b 00
0x00007f7ad20ec714:   c6 00 58 31 c0 e8 e2 91 c6 ff 5b 41 5c 41 5d 41
0x00007f7ad20ec724:   5e 5d e9 55 34 26 00 0f 1f 44 00 00 48 8d 05 81
0x00007f7ad20ec734:   a3 8b 00 48 89 df 4c 8b 30 e8 9e 43 8d ff 48 89
0x00007f7ad20ec744:   de 48 89 c2 49 8b 06 4c 89 f7 ff 50 08 4c 89 f7
0x00007f7ad20ec754:   e8 a7 5c 27 00 4d 85 e4 74 12 be 01 00 00 00 4c
0x00007f7ad20ec764:   89 e7 e8 35 43 fc ff eb 82 0f 1f 00 be 01 00 00
0x00007f7ad20ec774:   00 4c 89 ef e8 d3 fd ff ff e9 6d ff ff ff 66 66
0x00007f7ad20ec784:   2e 0f 1f 84 00 00 00 00 00 0f 1f 00 55 48 89 e5
0x00007f7ad20ec794:   41 57 41 56 41 55 41 54 53 48 81 ec 08 02 00 00
0x00007f7ad20ec7a4:   64 48 8b 04 25 28 00 00 00 48 89 45 c8 8b 07 83
0x00007f7ad20ec7b4:   f8 02 0f 84 11 04 00 00 4c 8b 6f 18 49 89 ff 49
0x00007f7ad20ec7c4:   89 f4 4d 85 ed 74 14 4c 89 ef e8 5d 57 22 00 41
0x00007f7ad20ec7d4:   8b 07 83 f8 02 0f 84 19 04 00 00 48 8d 1d 9a 06
0x00007f7ad20ec7e4:   8a 00 4c 8d 35 0b 3c 58 00 eb 38 90 48 85 d2 7f
0x00007f7ad20ec7f4:   0d 48 8d 05 b4 c0 85 00 48 83 38 00 7e 0e 41 8b
0x00007f7ad20ec804:   77 2c 4c 89 f7 31 c0 e8 a0 b2 f7 ff 49 8b 7f 18 


Stack slot to memory mapping:
stack at sp + 0 slots: 0x00007f7ab1b16940 is pointing into the stack for thread: 0x00007f7acc0b1ce0
stack at sp + 1 slots: 0x00007f7acc0b1ce0 is a thread
stack at sp + 2 slots: 0x00007f7ad00058c8 points into unknown readable memory: 0x6573001880c9ffff | ff ff c9 80 18 00 73 65
stack at sp + 3 slots: 0x0000000800c417a0 is a pointer to class: 
jdk.vm.ci.services.Services {0x0000000800c417a0}
 - instance size:     2
 - klass size:        65
 - access:            public final synchronized 
 - state:             fully_initialized
 - name:              'jdk/vm/ci/services/Services'
 - super:             'java/lang/Object'
 - sub:               
 - arrays:            NULL
 - methods:           Array<T>(0x00007f7ab2442b00)
 - method ordering:   Array<T>(0x0000000800928960)
 - default_methods:   Array<T>(0x0000000000000000)
 - local interfaces:  Array<T>(0x00000008005ce810)
 - trans. interfaces: Array<T>(0x00000008005ce810)
 - constants:         constant pool [427] {0x00007f7ab2441be0} for 'jdk/vm/ci/services/Services' cache=0x00007f7ab2443dd0
 - class loader data:  loader data: 0x00007f7acc027cc0 of 'bootstrap'
 - source file:       'Services.java'
 - class annotations:       Array<T>(0x0000000000000000)
 - class type annotations:  Array<T>(0x0000000000000000)
 - field annotations:       Array<T>(0x0000000000000000)
 - field type annotations:  Array<T>(0x0000000000000000)
 - inner classes:     Array<T>(0x00007f7ab2443da0)
 - nest members:     Array<T>(0x00007f7ab2443dc0)
 - permitted subclasses:     Array<T>(0x00000008005ce7a0)
 - java mirror:       a 'java/lang/Class'{0x00000000e0175d88} = 'jdk/vm/ci/services/Services'
 - vtable length      5  (start addr: 0x0000000800c41970)
 - itable length      2 (start addr: 0x0000000800c41998)
 - ---- static fields (3 words):
 - public static final 'IS_BUILDING_NATIVE_IMAGE' 'Z' @128 
 - public static final 'IS_IN_NATIVE_IMAGE' 'Z' @129 
 - private static volatile 'savedProperties' 'Ljava/util/Map;' @112 
 - static final 'JVMCI_ENABLED' 'Z' @130 
 - private static final 'servicesCache' 'Ljava/util/Map;' @116 
 - private static final 'MAX_UNICODE_IN_UTF8_LENGTH' 'I' @120 
 - private static final 'MAX_UTF8_PROPERTY_STRING_LENGTH' 'I' @124 
 - ---- non-static fields (0 words):
 - non-static oop maps: 
stack at sp + 4 slots: 0x00007f7ab1b16500 is pointing into the stack for thread: 0x00007f7acc0b1ce0
stack at sp + 5 slots: 0x00007f7ad20b82fe: <offset 0x000000000093e2fe> in /nix/store/gpxl5qgg8kicmcvivwmybwjlpf7wh20l-graalvm17-ce-22.3.0/lib/server/libjvm.so at 0x00007f7ad177a000
stack at sp + 6 slots: 0x00007f7ab1b163e0 is pointing into the stack for thread: 0x00007f7acc0b1ce0
stack at sp + 7 slots: 0x00007f7ab1b16440 is pointing into the stack for thread: 0x00007f7acc0b1ce0


---------------  P R O C E S S  ---------------

Threads class SMR info:
_java_thread_list=0x00007f7a4c070990, length=31, elements={
0x00007f7acc025f60, 0x00007f7acc0a5fd0, 0x00007f7acc0a7410, 0x00007f7acc0adb50,
0x00007f7acc0aef00, 0x00007f7acc0b02f0, 0x00007f7acc0b1ce0, 0x00007f7acc0b31f0,
0x00007f7acc0b4250, 0x00007f7acc0d7870, 0x00007f7acc11f3c0, 0x00007f7acc32b560,
0x00007f7acc35f380, 0x00007f7acc361190, 0x00007f7acc626460, 0x00007f7a60016ff0,
0x00007f7a602ca7f0, 0x00007f7a6032cee0, 0x00007f7a606132e0, 0x00007f7acc3a4410,
0x00007f7acc4c5cd0, 0x00007f7a30000ff0, 0x00007f7a3c0e9e10, 0x00007f7a3042b540,
0x00007f7a3042bd80, 0x00007f7a5c003f20, 0x00007f7a4c04b510, 0x00007f7a38034780,
0x00007f7a38124b20, 0x00007f7a38035200, 0x00007f7a38129010
}

Java Threads: ( => current thread )
  0x00007f7acc025f60 JavaThread "main" [_thread_blocked, id=31, stack(0x00007f7ad1595000,0x00007f7ad1695000)]
  0x00007f7acc0a5fd0 JavaThread "Reference Handler" daemon [_thread_blocked, id=34, stack(0x00007f7ab21fe000,0x00007f7ab22fe000)]
  0x00007f7acc0a7410 JavaThread "Finalizer" daemon [_thread_blocked, id=35, stack(0x00007f7ab20fe000,0x00007f7ab21fe000)]
  0x00007f7acc0adb50 JavaThread "Signal Dispatcher" daemon [_thread_blocked, id=36, stack(0x00007f7ab1d18000,0x00007f7ab1e18000)]
  0x00007f7acc0aef00 JavaThread "Service Thread" daemon [_thread_blocked, id=37, stack(0x00007f7ab1c18000,0x00007f7ab1d18000)]
  0x00007f7acc0b02f0 JavaThread "Monitor Deflation Thread" daemon [_thread_blocked, id=38, stack(0x00007f7ab1b18000,0x00007f7ab1c18000)]
=>0x00007f7acc0b1ce0 JavaThread "JVMCI-native CompilerThread0" daemon [_thread_in_vm, id=39, stack(0x00007f7ab1918000,0x00007f7ab1b18000)]
  0x00007f7acc0b31f0 JavaThread "C1 CompilerThread0" daemon [_thread_blocked, id=40, stack(0x00007f7ab1718000,0x00007f7ab1918000)]
  0x00007f7acc0b4250 JavaThread "Sweeper thread" daemon [_thread_blocked, id=41, stack(0x00007f7ab1618000,0x00007f7ab1718000)]
  0x00007f7acc0d7870 JavaThread "Common-Cleaner" daemon [_thread_blocked, id=42, stack(0x00007f7ab1518000,0x00007f7ab1618000)]
  0x00007f7acc11f3c0 JavaThread "Notification Thread" daemon [_thread_blocked, id=43, stack(0x00007f7ab1418000,0x00007f7ab1518000)]
  0x00007f7acc32b560 JavaThread "Active Thread: Equinox Container: f949a1f0-7128-417a-a232-50bdba67177c" [_thread_blocked, id=58, stack(0x00007f7ab0000000,0x00007f7ab0100000)]
  0x00007f7acc35f380 JavaThread "Framework Event Dispatcher: Equinox Container: f949a1f0-7128-417a-a232-50bdba67177c" daemon [_thread_blocked, id=62, stack(0x00007f7a79b00000,0x00007f7a79c00000)]
  0x00007f7acc361190 JavaThread "Start Level: Equinox Container: f949a1f0-7128-417a-a232-50bdba67177c" daemon [_thread_blocked, id=63, stack(0x00007f7a79900000,0x00007f7a79a00000)]
  0x00007f7acc626460 JavaThread "Refresh Thread: Equinox Container: f949a1f0-7128-417a-a232-50bdba67177c" daemon [_thread_blocked, id=64, stack(0x00007f7a79700000,0x00007f7a79800000)]
  0x00007f7a60016ff0 JavaThread "SCR Component Actor" daemon [_thread_blocked, id=65, stack(0x00007f7a79500000,0x00007f7a79600000)]
  0x00007f7a602ca7f0 JavaThread "Worker-JM" [_thread_blocked, id=74, stack(0x00007f7a79100000,0x00007f7a79200000)]
  0x00007f7a6032cee0 JavaThread "Worker-0: Compacting resource model" [_thread_blocked, id=75, stack(0x00007f7a78f00000,0x00007f7a79000000)]
  0x00007f7a606132e0 JavaThread "Bundle File Closer" daemon [_thread_blocked, id=78, stack(0x00007f7a78900000,0x00007f7a78a00000)]
  0x00007f7acc3a4410 JavaThread "pool-3-thread-1" [_thread_blocked, id=79, stack(0x00007f7a78700000,0x00007f7a78800000)]
  0x00007f7acc4c5cd0 JavaThread "pool-2-thread-1" [_thread_blocked, id=80, stack(0x00007f7a78500000,0x00007f7a78600000)]
  0x00007f7a30000ff0 JavaThread "Worker-4: Java indexing... " [_thread_blocked, id=95, stack(0x00007f7a77f00000,0x00007f7a78000000)]
  0x00007f7a3c0e9e10 JavaThread "Worker-5" [_thread_blocked, id=104, stack(0x00007f7a77d00000,0x00007f7a77e00000)]
  0x00007f7a3042b540 JavaThread "OkHttp repo.maven.apache.org" [_thread_in_native, id=135, stack(0x00007f7a79300000,0x00007f7a79400000)]
  0x00007f7a3042bd80 JavaThread "OkHttp ConnectionPool" daemon [_thread_blocked, id=136, stack(0x00007f7a79a00000,0x00007f7a79b00000)]
  0x00007f7a5c003f20 JavaThread "OkHttp repo.maven.apache.org Writer" [_thread_blocked, id=138, stack(0x00007f7a78200000,0x00007f7a78300000)]
  0x00007f7a4c04b510 JavaThread "Java indexing" daemon [_thread_blocked, id=230, stack(0x00007f7a79200000,0x00007f7a79300000)]
  0x00007f7a38034780 JavaThread "Thread-6" [_thread_blocked, id=298, stack(0x00007f7a77e00000,0x00007f7a77f00000)]
  0x00007f7a38124b20 JavaThread "Thread-11" [_thread_blocked, id=387, stack(0x00007f7a78b00000,0x00007f7a78c00000)]
  0x00007f7a38035200 JavaThread "Thread-12" [_thread_blocked, id=466, stack(0x00007f7a78d00000,0x00007f7a78e00000)]
  0x00007f7a38129010 JavaThread "Thread-13" [_thread_blocked, id=781, stack(0x00007f7a78100000,0x00007f7a78200000)]

Other Threads:
  0x00007f7acc0a1710 VMThread "VM Thread" [stack: 0x00007f7ab2300000,0x00007f7ab2400000] [id=33] _threads_hazard_ptr=0x00007f7a4c070990
  0x00007f7acc120d60 WatcherThread [stack: 0x00007f7ab1318000,0x00007f7ab1418000] [id=44]
  0x00007f7acc03d870 GCTaskThread "GC Thread#0" [stack: 0x00007f7ad1158000,0x00007f7ad1258000] [id=32]

Threads with active compile tasks:
JVMCI-native CompilerThread0   387081 9606       4       org.eclipse.osgi.internal.loader.ModuleClassLoader::loadClass (20 bytes)

VM state: synchronizing (normal execution)

VM Mutex/Monitor currently owned by a thread:  ([mutex/lock_event])
[0x00007f7acc023110] Threads_lock - owner thread: 0x00007f7acc0a1710
[0x00007f7acc0238c0] Heap_lock - owner thread: 0x00007f7a38129010

OutOfMemory and StackOverflow Exception counts:
OutOfMemoryError java_heap_errors=10
LinkageErrors=69

Heap address: 0x00000000e0000000, size: 512 MB, Compressed Oops mode: 32-bit

CDS archive(s) mapped at: [0x0000000800000000-0x0000000800bc8000-0x0000000800bc8000), size 12353536, SharedBaseAddress: 0x0000000800000000, ArchiveRelocationMode: 0.
Compressed class space mapped at: 0x0000000800c00000-0x0000000840c00000, reserved size: 1073741824
Narrow klass base: 0x0000000800000000, Narrow klass shift: 0, Narrow klass range: 0x100000000

GC Precious Log:
 CPUs: 8 total, 1 available
 Memory: 1024M
 Large Page Support: Disabled
 NUMA Support: Disabled
 Compressed Oops: Enabled (32-bit)
 Alignments: Space 512K, Generation 512K, Heap 2M
 Heap Min Capacity: 100M
 Heap Initial Capacity: 100M
 Heap Max Capacity: 512M
 Pre-touch: Disabled
 Parallel Workers: 1

Heap:
 PSYoungGen      total 57856K, used 43520K [0x00000000f5580000, 0x00000000f9d00000, 0x0000000100000000)
  eden space 43520K, 100% used [0x00000000f5580000,0x00000000f8000000,0x00000000f8000000)
  from space 14336K, 0% used [0x00000000f8e00000,0x00000000f8e00000,0x00000000f9c00000)
  to   space 14336K, 0% used [0x00000000f8000000,0x00000000f8000000,0x00000000f8e00000)
 ParOldGen       total 349696K, used 349696K [0x00000000e0000000, 0x00000000f5580000, 0x00000000f5580000)
  object space 349696K, 100% used [0x00000000e0000000,0x00000000f5580000,0x00000000f5580000)
 Metaspace       used 62498K, committed 63488K, reserved 1105920K
  class space    used 6219K, committed 6656K, reserved 1048576K

Card table byte_map: [0x00007f7ad1258000,0x00007f7ad1359000] _byte_map_base: 0x00007f7ad0b58000

Marking Bits: (ParMarkBitMap*) 0x00007f7ad29a84c0
 Begin Bits: [0x00007f7ad00ab000, 0x00007f7ad08ab000)
 End Bits:   [0x00007f7ad08ab000, 0x00007f7ad10ab000)

Polling page: 0x00007f7ad1572000

Metaspace:

Usage:
  Non-class:     54.96 MB used.
      Class:      6.07 MB used.
       Both:     61.03 MB used.

Virtual space:
  Non-class space:       56.00 MB reserved,      55.50 MB (>99%) committed,  7 nodes.
      Class space:        1.00 GB reserved,       6.50 MB ( <1%) committed,  1 nodes.
             Both:        1.05 GB reserved,      62.00 MB (  6%) committed. 

Chunk freelists:
   Non-Class:  384.00 KB
       Class:  1.52 MB
        Both:  1.89 MB

MaxMetaspaceSize: unlimited
CompressedClassSpaceSize: 1.00 GB
Initial GC threshold: 21.00 MB
Current GC threshold: 103.38 MB
CDS: on
MetaspaceReclaimPolicy: balanced
 - commit_granule_bytes: 65536.
 - commit_granule_words: 8192.
 - virtual_space_node_default_size: 1048576.
 - enlarge_chunks_in_place: 1.
 - new_chunks_are_fully_committed: 0.
 - uncommit_free_chunks: 1.
 - use_allocation_guard: 0.
 - handle_deallocations: 1.


Internal statistics:

num_allocs_failed_limit: 6.
num_arena_births: 506.
num_arena_deaths: 150.
num_vsnodes_births: 8.
num_vsnodes_deaths: 0.
num_space_committed: 990.
num_space_uncommitted: 0.
num_chunks_returned_to_freelist: 212.
num_chunks_taken_from_freelist: 3022.
num_chunk_merges: 85.
num_chunk_splits: 1914.
num_chunks_enlarged: 1210.
num_purges: 2.
num_inconsistent_stats: 0.

CodeHeap 'non-profiled nmethods': size=120036Kb used=3068Kb max_used=3068Kb free=116968Kb
 bounds [0x00007f7abaf7a000, 0x00007f7abb27a000, 0x00007f7ac24b3000]
CodeHeap 'profiled nmethods': size=120032Kb used=15911Kb max_used=15911Kb free=104120Kb
 bounds [0x00007f7ab3a42000, 0x00007f7ab49d2000, 0x00007f7abaf7a000]
CodeHeap 'non-nmethods': size=5692Kb used=1424Kb max_used=1432Kb free=4267Kb
 bounds [0x00007f7ab34b3000, 0x00007f7ab3723000, 0x00007f7ab3a42000]
 total_blobs=8212 nmethods=7442 adapters=641
 compilation: enabled
              stopped_count=0, restarted_count=0
 full_count=0

JVMCI Events (20 events):
Event: 158.594 Thread 0x00007f7acc0b1ce0 detached from JVMCI runtime 0
Event: 258.105 Thread 0x00007f7acc0b1ce0 attached to JVMCI runtime 0
Event: 258.107 Thread 0x00007f7acc0b1ce0 created JavaVM[8]@0x00007f7a7759e340 for JVMCI runtime 0
Event: 260.514 Thread 0x00007f7acc0b1ce0 initializing JVMCI runtime 0
Event: 260.514 Thread 0x00007f7acc0b1ce0 done waiting for JavaVM references initialization in JVMCI runtime 0
Event: 315.610 Thread 0x00007f7acc0b1ce0 initialized JVMCI runtime 0
Event: 334.580 Thread 0x00007f7acc0b1ce0 compacted oop handles in JVMCI runtime 0 from 100 to 99
Event: 351.380 Thread 0x00007f7acc0b1ce0 compacted oop handles in JVMCI runtime 0 from 117 to 116
Event: 352.508 Thread 0x00007f7acc0b1ce0 detaching from JVMCI runtime 0: releasing idle compiler thread (0 other threads still attached)
Event: 352.508 Thread 0x00007f7acc0b1ce0 shutting down HotSpotJVMCIRuntime for JVMCI runtime 0
Event: 352.509 Thread 0x00007f7acc0b1ce0 compacted oop handles in JVMCI runtime 0 from 116 to 51
Event: 352.509 Thread 0x00007f7acc0b1ce0 shut down JVMCI runtime 0
Event: 353.673 Thread 0x00007f7acc0b1ce0 destroyed JavaVM[8]@0x00007f7a7759e340 for JVMCI runtime 0
Event: 353.673 Thread 0x00007f7acc0b1ce0 compacted oop handles in JVMCI runtime 0 from 51 to 51
Event: 353.673 Thread 0x00007f7acc0b1ce0 releasing handles for JVMCI runtime 0: oop handles=51, metadata handles={total=224, live=217, blocks=43}
Event: 353.673 Thread 0x00007f7acc0b1ce0 detached from JVMCI runtime 0
Event: 373.692 Thread 0x00007f7acc0b1ce0 attached to JVMCI runtime 0
Event: 373.694 Thread 0x00007f7acc0b1ce0 created JavaVM[9]@0x00007f7a7759e340 for JVMCI runtime 0
Event: 374.888 Thread 0x00007f7acc0b1ce0 initializing JVMCI runtime 0
Event: 374.888 Thread 0x00007f7acc0b1ce0 done waiting for JavaVM references initialization in JVMCI runtime 0

Compilation events (20 events):
Event: 258.105 Thread 0x00007f7acc0b31f0 9595       3       org.eclipse.core.internal.resources.Resource::isLinked (6 bytes)
Event: 259.372 Thread 0x00007f7acc0b31f0 nmethod 9595 0x00007f7ab49c9b90 code [0x00007f7ab49c9d40, 0x00007f7ab49ca060]
Event: 273.300 Thread 0x00007f7acc0b31f0 9598       3       com.google.gson.stream.JsonReader::fillBuffer (168 bytes)
Event: 273.301 Thread 0x00007f7acc0b31f0 nmethod 9598 0x00007f7ab49ca110 code [0x00007f7ab49ca300, 0x00007f7ab49caa30]
Event: 313.312 Thread 0x00007f7acc0b31f0 9600   !   3       org.eclipse.core.internal.resources.ProjectPathVariableManager::resolveURI (173 bytes)
Event: 315.610 Thread 0x00007f7acc0b31f0 nmethod 9600 0x00007f7ab49cab90 code [0x00007f7ab49caec0, 0x00007f7ab49cbfd0]
Event: 330.100 Thread 0x00007f7acc0b31f0 9601       3       jdk.internal.misc.Unsafe::putReferenceOpaque (9 bytes)
Event: 332.263 Thread 0x00007f7acc0b31f0 nmethod 9601 0x00007f7ab49cc710 code [0x00007f7ab49cc8a0, 0x00007f7ab49cc9d0]
Event: 332.264 Thread 0x00007f7acc0b31f0 9602       3       java.net.URI::<init> (23 bytes)
Event: 332.264 Thread 0x00007f7acc0b31f0 nmethod 9602 0x00007f7ab49cca90 code [0x00007f7ab49ccc60, 0x00007f7ab49ccf80]
Event: 334.580 Thread 0x00007f7acc0b1ce0 nmethod 9594 0x00007f7abb276790 code [0x00007f7abb276920, 0x00007f7abb276b80]
Event: 334.580 Thread 0x00007f7acc0b1ce0 9597       4       java.io.DataOutputStream::writeUTF (411 bytes)
Event: 351.375 Thread 0x00007f7acc0b31f0 9603       3       java.util.concurrent.locks.AbstractQueuedSynchronizer::acquire (20 bytes)
Event: 351.375 Thread 0x00007f7acc0b31f0 nmethod 9603 0x00007f7ab49cd090 code [0x00007f7ab49cd240, 0x00007f7ab49cd610]
Event: 351.380 Thread 0x00007f7acc0b1ce0 nmethod 9597 0x00007f7abb276e10 code [0x00007f7abb277080, 0x00007f7abb278578]
Event: 362.691 Thread 0x00007f7acc0b31f0 9604       3       java.net.URI::toString (60 bytes)
Event: 364.076 Thread 0x00007f7acc0b31f0 nmethod 9604 0x00007f7ab49cd710 code [0x00007f7ab49cd940, 0x00007f7ab49cdfe0]
Event: 373.692 Thread 0x00007f7acc0b1ce0 9606       4       org.eclipse.osgi.internal.loader.ModuleClassLoader::loadClass (20 bytes)
Event: 378.965 Thread 0x00007f7acc0b31f0 9607       3       java.util.concurrent.locks.LockSupport::setBlocker (12 bytes)
Event: 381.316 Thread 0x00007f7acc0b31f0 nmethod 9607 0x00007f7ab49ce290 code [0x00007f7ab49ce440, 0x00007f7ab49ce560]

GC Heap History (20 events):
Event: 374.889 GC heap before
{Heap before GC invocations=331 (full 218):
 PSYoungGen      total 57856K, used 43520K [0x00000000f5580000, 0x00000000f9d00000, 0x0000000100000000)
  eden space 43520K, 100% used [0x00000000f5580000,0x00000000f8000000,0x00000000f8000000)
  from space 14336K, 0% used [0x00000000f8e00000,0x00000000f8e00000,0x00000000f9c00000)
  to   space 14336K, 0% used [0x00000000f8000000,0x00000000f8000000,0x00000000f8e00000)
 ParOldGen       total 349696K, used 349695K [0x00000000e0000000, 0x00000000f5580000, 0x00000000f5580000)
  object space 349696K, 99% used [0x00000000e0000000,0x00000000f557fe58,0x00000000f5580000)
 Metaspace       used 62497K, committed 63488K, reserved 1105920K
  class space    used 6219K, committed 6656K, reserved 1048576K
}
Event: 376.003 GC heap after
{Heap after GC invocations=331 (full 218):
 PSYoungGen      total 57856K, used 43520K [0x00000000f5580000, 0x00000000f9d00000, 0x0000000100000000)
  eden space 43520K, 100% used [0x00000000f5580000,0x00000000f8000000,0x00000000f8000000)
  from space 14336K, 0% used [0x00000000f8000000,0x00000000f8000000,0x00000000f8e00000)
  to   space 14336K, 0% used [0x00000000f8e00000,0x00000000f8e00000,0x00000000f9c00000)
 ParOldGen       total 349696K, used 349695K [0x00000000e0000000, 0x00000000f5580000, 0x00000000f5580000)
  object space 349696K, 99% used [0x00000000e0000000,0x00000000f557fe58,0x00000000f5580000)
 Metaspace       used 62497K, committed 63488K, reserved 1105920K
  class space    used 6219K, committed 6656K, reserved 1048576K
}
Event: 376.004 GC heap before
{Heap before GC invocations=332 (full 219):
 PSYoungGen      total 57856K, used 43520K [0x00000000f5580000, 0x00000000f9d00000, 0x0000000100000000)
  eden space 43520K, 100% used [0x00000000f5580000,0x00000000f8000000,0x00000000f8000000)
  from space 14336K, 0% used [0x00000000f8000000,0x00000000f8000000,0x00000000f8e00000)
  to   space 14336K, 0% used [0x00000000f8e00000,0x00000000f8e00000,0x00000000f9c00000)
 ParOldGen       total 349696K, used 349695K [0x00000000e0000000, 0x00000000f5580000, 0x00000000f5580000)
  object space 349696K, 99% used [0x00000000e0000000,0x00000000f557ffc0,0x00000000f5580000)
 Metaspace       used 62497K, committed 63488K, reserved 1105920K
  class space    used 6219K, committed 6656K, reserved 1048576K
}
Event: 377.274 GC heap after
{Heap after GC invocations=332 (full 219):
 PSYoungGen      total 57856K, used 43519K [0x00000000f5580000, 0x00000000f9d00000, 0x0000000100000000)
  eden space 43520K, 99% used [0x00000000f5580000,0x00000000f7ffffe8,0x00000000f8000000)
  from space 14336K, 0% used [0x00000000f8e00000,0x00000000f8e00000,0x00000000f9c00000)
  to   space 14336K, 0% used [0x00000000f8000000,0x00000000f8000000,0x00000000f8e00000)
 ParOldGen       total 349696K, used 349695K [0x00000000e0000000, 0x00000000f5580000, 0x00000000f5580000)
  object space 349696K, 99% used [0x00000000e0000000,0x00000000f557ffc0,0x00000000f5580000)
 Metaspace       used 62497K, committed 63488K, reserved 1105920K
  class space    used 6219K, committed 6656K, reserved 1048576K
}
Event: 377.274 GC heap before
{Heap before GC invocations=333 (full 220):
 PSYoungGen      total 57856K, used 43519K [0x00000000f5580000, 0x00000000f9d00000, 0x0000000100000000)
  eden space 43520K, 99% used [0x00000000f5580000,0x00000000f7ffffe8,0x00000000f8000000)
  from space 14336K, 0% used [0x00000000f8e00000,0x00000000f8e00000,0x00000000f9c00000)
  to   space 14336K, 0% used [0x00000000f8000000,0x00000000f8000000,0x00000000f8e00000)
 ParOldGen       total 349696K, used 349695K [0x00000000e0000000, 0x00000000f5580000, 0x00000000f5580000)
  object space 349696K, 99% used [0x00000000e0000000,0x00000000f557ffc0,0x00000000f5580000)
 Metaspace       used 62497K, committed 63488K, reserved 1105920K
  class space    used 6219K, committed 6656K, reserved 1048576K
}
Event: 378.965 GC heap after
{Heap after GC invocations=333 (full 220):
 PSYoungGen      total 57856K, used 43519K [0x00000000f5580000, 0x00000000f9d00000, 0x0000000100000000)
  eden space 43520K, 99% used [0x00000000f5580000,0x00000000f7ffffe8,0x00000000f8000000)
  from space 14336K, 0% used [0x00000000f8000000,0x00000000f8000000,0x00000000f8e00000)
  to   space 14336K, 0% used [0x00000000f8e00000,0x00000000f8e00000,0x00000000f9c00000)
 ParOldGen       total 349696K, used 349695K [0x00000000e0000000, 0x00000000f5580000, 0x00000000f5580000)
  object space 349696K, 99% used [0x00000000e0000000,0x00000000f557ffc0,0x00000000f5580000)
 Metaspace       used 62497K, committed 63488K, reserved 1105920K
  class space    used 6219K, committed 6656K, reserved 1048576K
}
Event: 378.965 GC heap before
{Heap before GC invocations=334 (full 221):
 PSYoungGen      total 57856K, used 43519K [0x00000000f5580000, 0x00000000f9d00000, 0x0000000100000000)
  eden space 43520K, 99% used [0x00000000f5580000,0x00000000f7ffffe8,0x00000000f8000000)
  from space 14336K, 0% used [0x00000000f8000000,0x00000000f8000000,0x00000000f8e00000)
  to   space 14336K, 0% used [0x00000000f8e00000,0x00000000f8e00000,0x00000000f9c00000)
 ParOldGen       total 349696K, used 349695K [0x00000000e0000000, 0x00000000f5580000, 0x00000000f5580000)
  object space 349696K, 99% used [0x00000000e0000000,0x00000000f557ffe0,0x00000000f5580000)
 Metaspace       used 62498K, committed 63488K, reserved 1105920K
  class space    used 6219K, committed 6656K, reserved 1048576K
}
Event: 380.097 GC heap after
{Heap after GC invocations=334 (full 221):
 PSYoungGen      total 57856K, used 43519K [0x00000000f5580000, 0x00000000f9d00000, 0x0000000100000000)
  eden space 43520K, 99% used [0x00000000f5580000,0x00000000f7ffffc8,0x00000000f8000000)
  from space 14336K, 0% used [0x00000000f8e00000,0x00000000f8e00000,0x00000000f9c00000)
  to   space 14336K, 0% used [0x00000000f8000000,0x00000000f8000000,0x00000000f8e00000)
 ParOldGen       total 349696K, used 349695K [0x00000000e0000000, 0x00000000f5580000, 0x00000000f5580000)
  object space 349696K, 99% used [0x00000000e0000000,0x00000000f557ffc0,0x00000000f5580000)
 Metaspace       used 62498K, committed 63488K, reserved 1105920K
  class space    used 6219K, committed 6656K, reserved 1048576K
}
Event: 380.097 GC heap before
{Heap before GC invocations=335 (full 222):
 PSYoungGen      total 57856K, used 43519K [0x00000000f5580000, 0x00000000f9d00000, 0x0000000100000000)
  eden space 43520K, 99% used [0x00000000f5580000,0x00000000f7ffffc8,0x00000000f8000000)
  from space 14336K, 0% used [0x00000000f8e00000,0x00000000f8e00000,0x00000000f9c00000)
  to   space 14336K, 0% used [0x00000000f8000000,0x00000000f8000000,0x00000000f8e00000)
 ParOldGen       total 349696K, used 349695K [0x00000000e0000000, 0x00000000f5580000, 0x00000000f5580000)
  object space 349696K, 99% used [0x00000000e0000000,0x00000000f557ffc0,0x00000000f5580000)
 Metaspace       used 62498K, committed 63488K, reserved 1105920K
  class space    used 6219K, committed 6656K, reserved 1048576K
}
Event: 381.306 GC heap after
{Heap after GC invocations=335 (full 222):
 PSYoungGen      total 57856K, used 43519K [0x00000000f5580000, 0x00000000f9d00000, 0x0000000100000000)
  eden space 43520K, 99% used [0x00000000f5580000,0x00000000f7ffffc8,0x00000000f8000000)
  from space 14336K, 0% used [0x00000000f8000000,0x00000000f8000000,0x00000000f8e00000)
  to   space 14336K, 0% used [0x00000000f8e00000,0x00000000f8e00000,0x00000000f9c00000)
 ParOldGen       total 349696K, used 349695K [0x00000000e0000000, 0x00000000f5580000, 0x00000000f5580000)
  object space 349696K, 99% used [0x00000000e0000000,0x00000000f557ffc0,0x00000000f5580000)
 Metaspace       used 62498K, committed 63488K, reserved 1105920K
  class space    used 6219K, committed 6656K, reserved 1048576K
}
Event: 381.317 GC heap before
{Heap before GC invocations=336 (full 223):
 PSYoungGen      total 57856K, used 43520K [0x00000000f5580000, 0x00000000f9d00000, 0x0000000100000000)
  eden space 43520K, 100% used [0x00000000f5580000,0x00000000f8000000,0x00000000f8000000)
  from space 14336K, 0% used [0x00000000f8000000,0x00000000f8000000,0x00000000f8e00000)
  to   space 14336K, 0% used [0x00000000f8e00000,0x00000000f8e00000,0x00000000f9c00000)
 ParOldGen       total 349696K, used 349695K [0x00000000e0000000, 0x00000000f5580000, 0x00000000f5580000)
  object space 349696K, 99% used [0x00000000e0000000,0x00000000f557ffe8,0x00000000f5580000)
 Metaspace       used 62498K, committed 63488K, reserved 1105920K
  class space    used 6219K, committed 6656K, reserved 1048576K
}
Event: 382.379 GC heap after
{Heap after GC invocations=336 (full 223):
 PSYoungGen      total 57856K, used 43520K [0x00000000f5580000, 0x00000000f9d00000, 0x0000000100000000)
  eden space 43520K, 100% used [0x00000000f5580000,0x00000000f8000000,0x00000000f8000000)
  from space 14336K, 0% used [0x00000000f8e00000,0x00000000f8e00000,0x00000000f9c00000)
  to   space 14336K, 0% used [0x00000000f8000000,0x00000000f8000000,0x00000000f8e00000)
 ParOldGen       total 349696K, used 349695K [0x00000000e0000000, 0x00000000f5580000, 0x00000000f5580000)
  object space 349696K, 99% used [0x00000000e0000000,0x00000000f557ffb0,0x00000000f5580000)
 Metaspace       used 62498K, committed 63488K, reserved 1105920K
  class space    used 6219K, committed 6656K, reserved 1048576K
}
Event: 382.380 GC heap before
{Heap before GC invocations=337 (full 224):
 PSYoungGen      total 57856K, used 43520K [0x00000000f5580000, 0x00000000f9d00000, 0x0000000100000000)
  eden space 43520K, 100% used [0x00000000f5580000,0x00000000f8000000,0x00000000f8000000)
  from space 14336K, 0% used [0x00000000f8e00000,0x00000000f8e00000,0x00000000f9c00000)
  to   space 14336K, 0% used [0x00000000f8000000,0x00000000f8000000,0x00000000f8e00000)
 ParOldGen       total 349696K, used 349696K [0x00000000e0000000, 0x00000000f5580000, 0x00000000f5580000)
  object space 349696K, 100% used [0x00000000e0000000,0x00000000f5580000,0x00000000f5580000)
 Metaspace       used 62498K, committed 63488K, reserved 1105920K
  class space    used 6219K, committed 6656K, reserved 1048576K
}
Event: 383.664 GC heap after
{Heap after GC invocations=337 (full 224):
 PSYoungGen      total 57856K, used 43520K [0x00000000f5580000, 0x00000000f9d00000, 0x0000000100000000)
  eden space 43520K, 100% used [0x00000000f5580000,0x00000000f8000000,0x00000000f8000000)
  from space 14336K, 0% used [0x00000000f8000000,0x00000000f8000000,0x00000000f8e00000)
  to   space 14336K, 0% used [0x00000000f8e00000,0x00000000f8e00000,0x00000000f9c00000)
 ParOldGen       total 349696K, used 349696K [0x00000000e0000000, 0x00000000f5580000, 0x00000000f5580000)
  object space 349696K, 100% used [0x00000000e0000000,0x00000000f5580000,0x00000000f5580000)
 Metaspace       used 62498K, committed 63488K, reserved 1105920K
  class space    used 6219K, committed 6656K, reserved 1048576K
}
Event: 383.664 GC heap before
{Heap before GC invocations=338 (full 225):
 PSYoungGen      total 57856K, used 43520K [0x00000000f5580000, 0x00000000f9d00000, 0x0000000100000000)
  eden space 43520K, 100% used [0x00000000f5580000,0x00000000f8000000,0x00000000f8000000)
  from space 14336K, 0% used [0x00000000f8000000,0x00000000f8000000,0x00000000f8e00000)
  to   space 14336K, 0% used [0x00000000f8e00000,0x00000000f8e00000,0x00000000f9c00000)
 ParOldGen       total 349696K, used 349696K [0x00000000e0000000, 0x00000000f5580000, 0x00000000f5580000)
  object space 349696K, 100% used [0x00000000e0000000,0x00000000f5580000,0x00000000f5580000)
 Metaspace       used 62498K, committed 63488K, reserved 1105920K
  class space    used 6219K, committed 6656K, reserved 1048576K
}
Event: 384.711 GC heap after
{Heap after GC invocations=338 (full 225):
 PSYoungGen      total 57856K, used 43520K [0x00000000f5580000, 0x00000000f9d00000, 0x0000000100000000)
  eden space 43520K, 100% used [0x00000000f5580000,0x00000000f8000000,0x00000000f8000000)
  from space 14336K, 0% used [0x00000000f8e00000,0x00000000f8e00000,0x00000000f9c00000)
  to   space 14336K, 0% used [0x00000000f8000000,0x00000000f8000000,0x00000000f8e00000)
 ParOldGen       total 349696K, used 349696K [0x00000000e0000000, 0x00000000f5580000, 0x00000000f5580000)
  object space 349696K, 100% used [0x00000000e0000000,0x00000000f5580000,0x00000000f5580000)
 Metaspace       used 62498K, committed 63488K, reserved 1105920K
  class space    used 6219K, committed 6656K, reserved 1048576K
}
Event: 384.711 GC heap before
{Heap before GC invocations=339 (full 226):
 PSYoungGen      total 57856K, used 43520K [0x00000000f5580000, 0x00000000f9d00000, 0x0000000100000000)
  eden space 43520K, 100% used [0x00000000f5580000,0x00000000f8000000,0x00000000f8000000)
  from space 14336K, 0% used [0x00000000f8e00000,0x00000000f8e00000,0x00000000f9c00000)
  to   space 14336K, 0% used [0x00000000f8000000,0x00000000f8000000,0x00000000f8e00000)
 ParOldGen       total 349696K, used 349696K [0x00000000e0000000, 0x00000000f5580000, 0x00000000f5580000)
  object space 349696K, 100% used [0x00000000e0000000,0x00000000f5580000,0x00000000f5580000)
 Metaspace       used 62498K, committed 63488K, reserved 1105920K
  class space    used 6219K, committed 6656K, reserved 1048576K
}
Event: 385.870 GC heap after
{Heap after GC invocations=339 (full 226):
 PSYoungGen      total 57856K, used 43520K [0x00000000f5580000, 0x00000000f9d00000, 0x0000000100000000)
  eden space 43520K, 100% used [0x00000000f5580000,0x00000000f8000000,0x00000000f8000000)
  from space 14336K, 0% used [0x00000000f8000000,0x00000000f8000000,0x00000000f8e00000)
  to   space 14336K, 0% used [0x00000000f8e00000,0x00000000f8e00000,0x00000000f9c00000)
 ParOldGen       total 349696K, used 349696K [0x00000000e0000000, 0x00000000f5580000, 0x00000000f5580000)
  object space 349696K, 100% used [0x00000000e0000000,0x00000000f5580000,0x00000000f5580000)
 Metaspace       used 62498K, committed 63488K, reserved 1105920K
  class space    used 6219K, committed 6656K, reserved 1048576K
}
Event: 385.870 GC heap before
{Heap before GC invocations=340 (full 227):
 PSYoungGen      total 57856K, used 43520K [0x00000000f5580000, 0x00000000f9d00000, 0x0000000100000000)
  eden space 43520K, 100% used [0x00000000f5580000,0x00000000f8000000,0x00000000f8000000)
  from space 14336K, 0% used [0x00000000f8000000,0x00000000f8000000,0x00000000f8e00000)
  to   space 14336K, 0% used [0x00000000f8e00000,0x00000000f8e00000,0x00000000f9c00000)
 ParOldGen       total 349696K, used 349696K [0x00000000e0000000, 0x00000000f5580000, 0x00000000f5580000)
  object space 349696K, 100% used [0x00000000e0000000,0x00000000f5580000,0x00000000f5580000)
 Metaspace       used 62498K, committed 63488K, reserved 1105920K
  class space    used 6219K, committed 6656K, reserved 1048576K
}
Event: 386.989 GC heap after
{Heap after GC invocations=340 (full 227):
 PSYoungGen      total 57856K, used 43520K [0x00000000f5580000, 0x00000000f9d00000, 0x0000000100000000)
  eden space 43520K, 100% used [0x00000000f5580000,0x00000000f8000000,0x00000000f8000000)
  from space 14336K, 0% used [0x00000000f8e00000,0x00000000f8e00000,0x00000000f9c00000)
  to   space 14336K, 0% used [0x00000000f8000000,0x00000000f8000000,0x00000000f8e00000)
 ParOldGen       total 349696K, used 349696K [0x00000000e0000000, 0x00000000f5580000, 0x00000000f5580000)
  object space 349696K, 100% used [0x00000000e0000000,0x00000000f5580000,0x00000000f5580000)
 Metaspace       used 62498K, committed 63488K, reserved 1105920K
  class space    used 6219K, committed 6656K, reserved 1048576K
}

Dll operation events (9 events):
Event: 0.002 Loaded shared library /nix/store/gpxl5qgg8kicmcvivwmybwjlpf7wh20l-graalvm17-ce-22.3.0/lib/libjava.so
Event: 0.067 Loaded shared library /nix/store/gpxl5qgg8kicmcvivwmybwjlpf7wh20l-graalvm17-ce-22.3.0/lib/libjsvml.so
Event: 0.370 Loaded shared library /nix/store/gpxl5qgg8kicmcvivwmybwjlpf7wh20l-graalvm17-ce-22.3.0/lib/libnio.so
Event: 0.373 Loaded shared library /nix/store/gpxl5qgg8kicmcvivwmybwjlpf7wh20l-graalvm17-ce-22.3.0/lib/libzip.so
Event: 0.376 Loaded shared library /nix/store/gpxl5qgg8kicmcvivwmybwjlpf7wh20l-graalvm17-ce-22.3.0/lib/libjvmcicompiler.so
Event: 0.778 Loaded shared library /nix/store/gpxl5qgg8kicmcvivwmybwjlpf7wh20l-graalvm17-ce-22.3.0/lib/libjimage.so
Event: 1.182 Loaded shared library /nix/store/gpxl5qgg8kicmcvivwmybwjlpf7wh20l-graalvm17-ce-22.3.0/lib/libnet.so
Event: 4.169 Loaded shared library /home/runner/.cache/jdt-language-server/config/org.eclipse.equinox.launcher/org.eclipse.equinox.launcher.gtk.linux.x86_64_1.2.400.v20211117-0650/eclipse_11600.so
Event: 11.266 Loaded shared library /nix/store/gpxl5qgg8kicmcvivwmybwjlpf7wh20l-graalvm17-ce-22.3.0/lib/libextnet.so

Deoptimization events (20 events):
Event: 108.771 Thread 0x00007f7a4c04b510 DEOPT PACKING pc=0x00007f7abb13eff4 sp=0x00007f7a792fe370
Event: 108.771 Thread 0x00007f7a4c04b510 DEOPT UNPACKING pc=0x00007f7ab3505325 sp=0x00007f7a792fd848 mode 3
Event: 112.473 Thread 0x00007f7a4c04b510 DEOPT PACKING pc=0x00007f7ab3c77cae sp=0x00007f7a792fe4a0
Event: 112.473 Thread 0x00007f7a4c04b510 DEOPT UNPACKING pc=0x00007f7ab3505325 sp=0x00007f7a792fda18 mode 0
Event: 112.564 Thread 0x00007f7a4c04b510 Uncommon trap: trap_request=0xffffffed fr.pc=0x00007f7abb1d240e relative=0x0000000000001d2e
Event: 112.564 Thread 0x00007f7a4c04b510 Uncommon trap: reason=null_assert_or_unreached0 action=reinterpret pc=0x00007f7abb1d240e method=org.eclipse.jdt.internal.core.index.DiskIndex.writeAllDocumentNames([Ljava/lang/String;Ljava/io/FileOutputStream;)V @ 492 jvmci
Event: 112.564 Thread 0x00007f7a4c04b510 DEOPT PACKING pc=0x00007f7abb1d240e sp=0x00007f7a792fe500
Event: 112.564 Thread 0x00007f7a4c04b510 DEOPT UNPACKING pc=0x00007f7ab3505325 sp=0x00007f7a792fda28 mode 3
Event: 373.692 Thread 0x00007f7a3042bd80 DEOPT PACKING pc=0x00007f7abb0b8e3c sp=0x00007f7a79afdff0
Event: 373.692 Thread 0x00007f7a3042bd80 DEOPT UNPACKING pc=0x00007f7ab3505325 sp=0x00007f7a79afd470 mode 1
Event: 378.965 Thread 0x00007f7a4c04b510 Uncommon trap: trap_request=0xffffff8f fr.pc=0x00007f7abb25a95a relative=0x000000000000121a
Event: 378.965 Thread 0x00007f7a4c04b510 Uncommon trap: reason=constraint action=none pc=0x00007f7abb25a95a method=org.eclipse.jdt.internal.core.index.DiskIndex.copyQueryResults(Lorg/eclipse/jdt/internal/compiler/util/HashtableOfObject;I)V @ 123 jvmci
Event: 378.965 Thread 0x00007f7a4c04b510 DEOPT PACKING pc=0x00007f7abb25a95a sp=0x00007f7a792fe370
Event: 378.965 Thread 0x00007f7a4c04b510 DEOPT UNPACKING pc=0x00007f7ab3505325 sp=0x00007f7a792fd850 mode 3
Event: 381.317 Thread 0x00007f7a4c04b510 Uncommon trap: trap_request=0xffffff8f fr.pc=0x00007f7abb1d6594 relative=0x0000000000000274
Event: 381.317 Thread 0x00007f7a4c04b510 Uncommon trap: reason=constraint action=none pc=0x00007f7abb1d6594 method=org.eclipse.jdt.internal.core.index.DiskIndex$IntList.add(I)V @ 0 jvmci
Event: 381.317 Thread 0x00007f7a4c04b510 DEOPT PACKING pc=0x00007f7abb1d6594 sp=0x00007f7a792fe330
Event: 381.317 Thread 0x00007f7a4c04b510 DEOPT UNPACKING pc=0x00007f7ab3505325 sp=0x00007f7a792fd7e0 mode 3
Event: 384.711 Thread 0x00007f7a38129010 Uncommon trap: trap_request=0xffffff8f fr.pc=0x00007f7abb208b5b relative=0x000000000000031b
Event: 384.711 Thread 0x00007f7a38129010 Uncommon trap: reason=constraint action=none pc=0x00007f7abb208b5b method=java.util.Arrays.copyOfRange([BII)[B @ 61 jvmci

Classes unloaded (20 events):
Event: 62.726 Thread 0x00007f7acc0a1710 Unloading class 0x0000000800ee8000 'jdk/internal/reflect/GeneratedConstructorAccessor8'
Event: 62.726 Thread 0x00007f7acc0a1710 Unloading class 0x0000000800da5000 'java/lang/invoke/LambdaForm$MH+0x0000000800da5000'
Event: 62.726 Thread 0x00007f7acc0a1710 Unloading class 0x0000000800da4c00 'java/lang/invoke/LambdaForm$MH+0x0000000800da4c00'
Event: 62.726 Thread 0x00007f7acc0a1710 Unloading class 0x0000000800da4800 'java/lang/invoke/LambdaForm$MH+0x0000000800da4800'
Event: 62.726 Thread 0x00007f7acc0a1710 Unloading class 0x0000000800da4400 'java/lang/invoke/LambdaForm$MH+0x0000000800da4400'
Event: 62.726 Thread 0x00007f7acc0a1710 Unloading class 0x0000000800da4000 'jdk/internal/reflect/GeneratedConstructorAccessor3'
Event: 62.726 Thread 0x00007f7acc0a1710 Unloading class 0x0000000800d06800 'java/lang/invoke/LambdaForm$MH+0x0000000800d06800'
Event: 62.726 Thread 0x00007f7acc0a1710 Unloading class 0x0000000800d06000 'java/lang/invoke/LambdaForm$MH+0x0000000800d06000'
Event: 62.726 Thread 0x00007f7acc0a1710 Unloading class 0x0000000800d05c00 'java/lang/invoke/LambdaForm$MH+0x0000000800d05c00'
Event: 62.726 Thread 0x00007f7acc0a1710 Unloading class 0x0000000800d05800 'java/lang/invoke/LambdaForm$MH+0x0000000800d05800'
Event: 62.726 Thread 0x00007f7acc0a1710 Unloading class 0x0000000800d05000 'java/lang/invoke/LambdaForm$MH+0x0000000800d05000'
Event: 62.726 Thread 0x00007f7acc0a1710 Unloading class 0x0000000800d04c00 'java/lang/invoke/LambdaForm$MH+0x0000000800d04c00'
Event: 62.726 Thread 0x00007f7acc0a1710 Unloading class 0x0000000800d04800 'java/lang/invoke/LambdaForm$MH+0x0000000800d04800'
Event: 62.726 Thread 0x00007f7acc0a1710 Unloading class 0x0000000800d04000 'java/lang/invoke/LambdaForm$MH+0x0000000800d04000'
Event: 62.726 Thread 0x00007f7acc0a1710 Unloading class 0x0000000800c1d000 'jdk/internal/reflect/GeneratedMethodAccessor5'
Event: 62.726 Thread 0x00007f7acc0a1710 Unloading class 0x0000000800c1cc00 'jdk/internal/reflect/GeneratedMethodAccessor4'
Event: 62.726 Thread 0x00007f7acc0a1710 Unloading class 0x0000000800c1c800 'jdk/internal/reflect/GeneratedMethodAccessor3'
Event: 62.726 Thread 0x00007f7acc0a1710 Unloading class 0x0000000800c1c400 'jdk/internal/reflect/GeneratedMethodAccessor2'
Event: 62.726 Thread 0x00007f7acc0a1710 Unloading class 0x0000000800c1c000 'jdk/internal/reflect/GeneratedMethodAccessor1'
Event: 62.726 Thread 0x00007f7acc0a1710 Unloading class 0x0000000800c01c00 'java/lang/invoke/LambdaForm$DMH+0x0000000800c01c00'

Classes redefined (0 events):
No events

Internal exceptions (20 events):
Event: 42.180 Thread 0x00007f7a381256f0 Exception <a 'java/lang/NoSuchMethodError'{0x00000000f5c648c8}: 'void java.lang.invoke.DirectMethodHandle$Holder.invokeSpecial(java.lang.Object, java.lang.Object, int)'> (0x00000000f5c648c8) 
thrown [src/hotspot/share/interpreter/linkResolver.cpp, line 758]
Event: 44.724 Thread 0x00007f7a38124b20 Exception <a 'java/lang/NoSuchMethodError'{0x00000000f57ce630}: 'int java.lang.invoke.DirectMethodHandle$Holder.invokeSpecialIFC(java.lang.Object, java.lang.Object, java.lang.Object, java.lang.Object)'> (0x00000000f57ce630) 
thrown [src/hotspot/share/interpreter/linkResolver.cpp, line 758]
Event: 65.807 Thread 0x00007f7a604a9740 Exception <a 'java/lang/OutOfMemoryError'{0x00000000e000a998}> (0x00000000e000a998) 
thrown [src/hotspot/share/gc/shared/memAllocator.cpp, line 138]
Event: 65.807 Thread 0x00007f7a604a9740 Implicit null exception at 0x00007f7abb1838b2 to 0x00007f7abb183a9e
Event: 69.292 Thread 0x00007f7a604a9740 Exception <a 'java/lang/OutOfMemoryError'{0x00000000e0009e58}> (0x00000000e0009e58) 
thrown [src/hotspot/share/gc/shared/memAllocator.cpp, line 136]
Event: 98.979 Thread 0x00007f7a38124b20 Implicit null exception at 0x00007f7abb1e639d to 0x00007f7abb1e668a
Event: 99.372 Thread 0x00007f7a38034780 Exception <a 'java/io/FileNotFoundException'{0x00000000f64fced0}> (0x00000000f64fced0) 
thrown [src/hotspot/share/prims/jni.cpp, line 516]
Event: 99.871 Thread 0x00007f7a4c04b510 Implicit null exception at 0x00007f7abb1855bb to 0x00007f7ab3504f68
Event: 279.482 Thread 0x00007f7acc4c5cd0 Exception <a 'java/lang/OutOfMemoryError'{0x00000000e000a178}> (0x00000000e000a178) 
thrown [src/hotspot/share/gc/shared/memAllocator.cpp, line 136]
Event: 297.066 Thread 0x00007f7acc4c5cd0 Exception <a 'java/lang/reflect/InvocationTargetException'{0x00000000f557b210}> (0x00000000f557b210) 
thrown [src/hotspot/share/runtime/reflection.cpp, line 1119]
Event: 345.806 Thread 0x00007f7a6032cee0 Exception <a 'java/lang/OutOfMemoryError'{0x00000000e000a178}> (0x00000000e000a178) 
thrown [src/hotspot/share/gc/shared/memAllocator.cpp, line 136]
Event: 361.576 Thread 0x00007f7a6032cee0 Exception <a 'java/lang/OutOfMemoryError'{0x00000000e000a178}> (0x00000000e000a178) 
thrown [src/hotspot/share/gc/shared/memAllocator.cpp, line 136]
Event: 373.692 Thread 0x00007f7a3042bd80 Exception <a 'java/lang/OutOfMemoryError'{0x00000000e000a178}> (0x00000000e000a178) 
thrown [src/hotspot/share/gc/shared/memAllocator.cpp, line 136]
Event: 378.965 Thread 0x00007f7a4c04b510 Exception <a 'java/lang/OutOfMemoryError'{0x00000000e0009e58}> (0x00000000e0009e58) 
thrown [src/hotspot/share/gc/shared/memAllocator.cpp, line 138]
Event: 378.965 Thread 0x00007f7a4c04b510 Implicit null exception at 0x00007f7abb25a38e to 0x00007f7abb25a93f
Event: 381.317 Thread 0x00007f7a4c04b510 Exception <a 'java/lang/OutOfMemoryError'{0x00000000e0009e58}> (0x00000000e0009e58) 
thrown [src/hotspot/share/gc/shared/memAllocator.cpp, line 138]
Event: 381.317 Thread 0x00007f7a4c04b510 Implicit null exception at 0x00007f7abb1d64ed to 0x00007f7abb1d6579
Event: 384.711 Thread 0x00007f7a38129010 Exception <a 'java/lang/OutOfMemoryError'{0x00000000e0009e58}> (0x00000000e0009e58) 
thrown [src/hotspot/share/gc/shared/memAllocator.cpp, line 138]
Event: 384.711 Thread 0x00007f7a38129010 Implicit null exception at 0x00007f7abb208a66 to 0x00007f7abb208b40
Event: 386.989 Thread 0x00007f7acc0b1ce0 Exception <a 'java/lang/OutOfMemoryError'{0x00000000e000a178}> (0x00000000e000a178) 
thrown [src/hotspot/share/gc/shared/memAllocator.cpp, line 136]

VM Operations (20 events):
Event: 368.064 Executing VM operation: ParallelGCFailedAllocation
Event: 370.609 Executing VM operation: ParallelGCFailedAllocation done
Event: 370.609 Executing VM operation: ParallelGCFailedAllocation
Event: 371.682 Executing VM operation: ParallelGCFailedAllocation done
Event: 371.682 Executing VM operation: ParallelGCFailedAllocation
Event: 373.692 Executing VM operation: ParallelGCFailedAllocation done
Event: 373.692 Executing VM operation: ParallelGCFailedAllocation
Event: 374.887 Executing VM operation: ParallelGCFailedAllocation done
Event: 374.889 Executing VM operation: ParallelGCFailedAllocation
Event: 376.003 Executing VM operation: ParallelGCFailedAllocation done
Event: 376.003 Executing VM operation: ParallelGCFailedAllocation
Event: 378.965 Executing VM operation: ParallelGCFailedAllocation done
Event: 378.965 Executing VM operation: ParallelGCFailedAllocation
Event: 381.317 Executing VM operation: ParallelGCFailedAllocation done
Event: 381.317 Executing VM operation: ParallelGCFailedAllocation
Event: 382.379 Executing VM operation: ParallelGCFailedAllocation done
Event: 382.380 Executing VM operation: ParallelGCFailedAllocation
Event: 384.711 Executing VM operation: ParallelGCFailedAllocation done
Event: 384.711 Executing VM operation: ParallelGCFailedAllocation
Event: 386.989 Executing VM operation: ParallelGCFailedAllocation done

Events (20 events):
Event: 114.969 Thread 0x00007f7a38124b20 Thread added: 0x00007f7a38124b20
Event: 114.969 Protecting memory [0x00007f7a78b00000,0x00007f7a78b04000] with protection modes 0
Event: 115.174 Thread 0x00007f7a38124b20 Thread exited: 0x00007f7a38124b20
Event: 119.165 Thread 0x00007f7a38124b20 Thread added: 0x00007f7a38124b20
Event: 119.165 Protecting memory [0x00007f7a78b00000,0x00007f7a78b04000] with protection modes 0
Event: 119.168 Thread 0x00007f7a38124b20 Thread exited: 0x00007f7a38124b20
Event: 131.875 Thread 0x00007f7a38124b20 Thread added: 0x00007f7a38124b20
Event: 131.876 Protecting memory [0x00007f7a78b00000,0x00007f7a78b04000] with protection modes 0
Event: 133.188 Thread 0x00007f7a38124b20 Thread exited: 0x00007f7a38124b20
Event: 134.616 Thread 0x00007f7a38124b20 Thread added: 0x00007f7a38124b20
Event: 134.617 Protecting memory [0x00007f7a78b00000,0x00007f7a78b04000] with protection modes 0
Event: 161.587 Thread 0x00007f7a3c0ff660 Thread exited: 0x00007f7a3c0ff660
Event: 163.087 Thread 0x00007f7a3c000ff0 Thread exited: 0x00007f7a3c000ff0
Event: 163.088 Thread 0x00007f7a540010d0 Thread exited: 0x00007f7a540010d0
Event: 167.317 Thread 0x00007f7a38035200 Thread added: 0x00007f7a38035200
Event: 167.317 Protecting memory [0x00007f7a78d00000,0x00007f7a78d04000] with protection modes 0
Event: 268.307 Thread 0x00007f7a38129010 Thread added: 0x00007f7a38129010
Event: 268.307 Protecting memory [0x00007f7a78100000,0x00007f7a78104000] with protection modes 0
Event: 330.100 loading class java/util/logging/LogRecord
Event: 334.582 loading class java/util/logging/LogRecord done


Dynamic libraries:
e0000000-f4e00000 rw-p 00000000 00:00 0 
f4e00000-f9d00000 rw-p 00000000 00:00 0 
f9d00000-100000000 ---p 00000000 00:00 0 
800000000-800449000 rw-p 00001000 00:12a3 4611686019135357769            /nix/store/gpxl5qgg8kicmcvivwmybwjlpf7wh20l-graalvm17-ce-22.3.0/lib/server/classes.jsa
800449000-800bc8000 r--p 0044a000 00:12a3 4611686019135357769            /nix/store/gpxl5qgg8kicmcvivwmybwjlpf7wh20l-graalvm17-ce-22.3.0/lib/server/classes.jsa
800bc8000-800c00000 ---p 00000000 00:00 0 
800c00000-800c10000 rw-p 00000000 00:00 0 
800c10000-800c30000 rw-p 00000000 00:00 0 
800c30000-800cb0000 rw-p 00000000 00:00 0 
800cb0000-800cf0000 rw-p 00000000 00:00 0 
800cf0000-800db0000 rw-p 00000000 00:00 0 
800db0000-800df0000 rw-p 00000000 00:00 0 
800df0000-800f30000 rw-p 00000000 00:00 0 
800f30000-800fb0000 rw-p 00000000 00:00 0 
800fb0000-800ff0000 rw-p 00000000 00:00 0 
800ff0000-801280000 rw-p 00000000 00:00 0 
801280000-840c00000 ---p 00000000 00:00 0 
55984d672000-55984d673000 r-xp 00000000 00:12a3 4611686019099417844      /nix/store/gpxl5qgg8kicmcvivwmybwjlpf7wh20l-graalvm17-ce-22.3.0/bin/.java-wrapped
55984d674000-55984d675000 r--p 00001000 00:12a3 4611686019099417844      /nix/store/gpxl5qgg8kicmcvivwmybwjlpf7wh20l-graalvm17-ce-22.3.0/bin/.java-wrapped
55984d675000-55984d676000 rw-p 00002000 00:12a3 4611686019099417844      /nix/store/gpxl5qgg8kicmcvivwmybwjlpf7wh20l-graalvm17-ce-22.3.0/bin/.java-wrapped
55984d676000-55984d677000 rw-p 00004000 00:12a3 4611686019099417844      /nix/store/gpxl5qgg8kicmcvivwmybwjlpf7wh20l-graalvm17-ce-22.3.0/bin/.java-wrapped
55984d677000-55984d678000 rw-p 00005000 00:12a3 4611686019099417844      /nix/store/gpxl5qgg8kicmcvivwmybwjlpf7wh20l-graalvm17-ce-22.3.0/bin/.java-wrapped
55984dd2c000-55984dd74000 rw-p 00000000 00:00 0                          [heap]
7f7a00000000-7f7a000ab000 rw-p 00000000 00:00 0 
7f7a000ab000-7f7a04000000 ---p 00000000 00:00 0 
7f7a04000000-7f7a040de000 rw-p 00000000 00:00 0 
7f7a040de000-7f7a08000000 ---p 00000000 00:00 0 
7f7a08000000-7f7a08021000 rw-p 00000000 00:00 0 
7f7a08021000-7f7a0c000000 ---p 00000000 00:00 0 
7f7a0f000000-7f7a0f170000 rw-p 00000000 00:00 0 
7f7a0f170000-7f7a0f1e0000 rw-p 00000000 00:00 0 
7f7a0f1e0000-7f7a0f200000 ---p 00000000 00:00 0 
7f7a0f200000-7f7a0f7a0000 rw-p 00000000 00:00 0 
7f7a0f7a0000-7f7a0f800000 ---p 00000000 00:00 0 
7f7a10000000-7f7a10021000 rw-p 00000000 00:00 0 
7f7a10021000-7f7a14000000 ---p 00000000 00:00 0 
7f7a14000000-7f7a14021000 rw-p 00000000 00:00 0 
7f7a14021000-7f7a18000000 ---p 00000000 00:00 0 
7f7a18000000-7f7a18021000 rw-p 00000000 00:00 0 
7f7a18021000-7f7a1c000000 ---p 00000000 00:00 0 
7f7a1c000000-7f7a1c138000 rw-p 00000000 00:00 0 
7f7a1c138000-7f7a20000000 ---p 00000000 00:00 0 
7f7a20000000-7f7a20021000 rw-p 00000000 00:00 0 
7f7a20021000-7f7a24000000 ---p 00000000 00:00 0 
7f7a24800000-7f7a25000000 rw-p 00000000 00:00 0 
7f7a254b3000-7f7a2f000000 r--s 00000000 00:12a3 4611686019135192581      /nix/store/gpxl5qgg8kicmcvivwmybwjlpf7wh20l-graalvm17-ce-22.3.0/lib/modules
7f7a2f000000-7f7a2f1d0000 rw-p 00000000 00:00 0 
7f7a2f1d0000-7f7a2f1f0000 rw-p 00000000 00:00 0 
7f7a2f1f0000-7f7a2f3f0000 rw-p 00000000 00:00 0 
7f7a2f3f0000-7f7a2f4f0000 rw-p 00000000 00:00 0 
7f7a2f4f0000-7f7a2f5f0000 rw-p 00000000 00:00 0 
7f7a2f5f0000-7f7a2f7f0000 rw-p 00000000 00:00 0 
7f7a2f7f0000-7f7a2f8d0000 rw-p 00000000 00:00 0 
7f7a2f8d0000-7f7a2f8f0000 rw-p 00000000 00:00 0 
7f7a2f8f0000-7f7a2faf0000 rw-p 00000000 00:00 0 
7f7a2faf0000-7f7a2fcf0000 rw-p 00000000 00:00 0 
7f7a2fcf0000-7f7a30000000 rw-p 00000000 00:00 0 
7f7a30000000-7f7a304e6000 rw-p 00000000 00:00 0 
7f7a304e6000-7f7a34000000 ---p 00000000 00:00 0 
7f7a34000000-7f7a3403c000 rw-p 00000000 00:00 0 
7f7a3403c000-7f7a38000000 ---p 00000000 00:00 0 
7f7a38000000-7f7a3814d000 rw-p 00000000 00:00 0 
7f7a3814d000-7f7a3c000000 ---p 00000000 00:00 0 
7f7a3c000000-7f7a3c11e000 rw-p 00000000 00:00 0 
7f7a3c11e000-7f7a40000000 ---p 00000000 00:00 0 
7f7a40000000-7f7a40021000 rw-p 00000000 00:00 0 
7f7a40021000-7f7a44000000 ---p 00000000 00:00 0 
7f7a44000000-7f7a44021000 rw-p 00000000 00:00 0 
7f7a44021000-7f7a48000000 ---p 00000000 00:00 0 
7f7a48000000-7f7a48326000 rw-p 00000000 00:00 0 
7f7a48326000-7f7a4c000000 ---p 00000000 00:00 0 
7f7a4c000000-7f7a4c07c000 rw-p 00000000 00:00 0 
7f7a4c07c000-7f7a50000000 ---p 00000000 00:00 0 
7f7a50000000-7f7a50021000 rw-p 00000000 00:00 0 
7f7a50021000-7f7a54000000 ---p 00000000 00:00 0 
7f7a54000000-7f7a54189000 rw-p 00000000 00:00 0 
7f7a54189000-7f7a58000000 ---p 00000000 00:00 0 
7f7a58000000-7f7a58021000 rw-p 00000000 00:00 0 
7f7a58021000-7f7a5c000000 ---p 00000000 00:00 0 
7f7a5c000000-7f7a5c021000 rw-p 00000000 00:00 0 
7f7a5c021000-7f7a60000000 ---p 00000000 00:00 0 
7f7a60000000-7f7a608e3000 rw-p 00000000 00:00 0 
7f7a608e3000-7f7a64000000 ---p 00000000 00:00 0 
7f7a64000000-7f7a64026000 rw-p 00000000 00:00 0 
7f7a64026000-7f7a68000000 ---p 00000000 00:00 0 
7f7a68000000-7f7a68021000 rw-p 00000000 00:00 0 
7f7a68021000-7f7a6c000000 ---p 00000000 00:00 0 
7f7a6c000000-7f7a6c021000 rw-p 00000000 00:00 0 
7f7a6c021000-7f7a70000000 ---p 00000000 00:00 0 
7f7a70000000-7f7a70021000 rw-p 00000000 00:00 0 
7f7a70021000-7f7a74000000 ---p 00000000 00:00 0 
7f7a74400000-7f7a744f0000 rw-p 00000000 00:00 0 
7f7a744f0000-7f7a745f0000 rw-p 00000000 00:00 0 
7f7a745f0000-7f7a74af0000 rw-p 00000000 00:00 0 
7f7a74af0000-7f7a74bf0000 rw-p 00000000 00:00 0 
7f7a74bf0000-7f7a74cf0000 rw-p 00000000 00:00 0 
7f7a74cf0000-7f7a74df0000 rw-p 00000000 00:00 0 
7f7a74df0000-7f7a750f0000 rw-p 00000000 00:00 0 
7f7a750f0000-7f7a751f0000 rw-p 00000000 00:00 0 
7f7a751f0000-7f7a753f0000 rw-p 00000000 00:00 0 
7f7a753f0000-7f7a75400000 rw-p 00000000 00:00 0 
7f7a76400000-7f7a76410000 r-xp 00000000 00:128e 366                      /home/runner/.cache/jdt-language-server/config/org.eclipse.equinox.launcher/org.eclipse.equinox.launcher.gtk.linux.x86_64_1.2.400.v20211117-0650/eclipse_11600.so
7f7a76410000-7f7a7660f000 ---p 00010000 00:128e 366                      /home/runner/.cache/jdt-language-server/config/org.eclipse.equinox.launcher/org.eclipse.equinox.launcher.gtk.linux.x86_64_1.2.400.v20211117-0650/eclipse_11600.so
7f7a7660f000-7f7a76610000 r--p 0000f000 00:128e 366                      /home/runner/.cache/jdt-language-server/config/org.eclipse.equinox.launcher/org.eclipse.equinox.launcher.gtk.linux.x86_64_1.2.400.v20211117-0650/eclipse_11600.so
7f7a76610000-7f7a76611000 rw-p 00010000 00:128e 366                      /home/runner/.cache/jdt-language-server/config/org.eclipse.equinox.launcher/org.eclipse.equinox.launcher.gtk.linux.x86_64_1.2.400.v20211117-0650/eclipse_11600.so
7f7a76900000-7f7a76a00000 ---p 00000000 00:00 0 
7f7a76a00000-7f7a76faf000 r--p 01122000 00:12a3 4611686019135190040      /nix/store/gpxl5qgg8kicmcvivwmybwjlpf7wh20l-graalvm17-ce-22.3.0/lib/libjvmcicompiler.so
7f7a76faf000-7f7a77100000 r--p 00000000 00:00 0 
7f7a77100000-7f7a7713d000 rw-p 00000000 00:00 0 
7f7a7713d000-7f7a7765d000 rw-p 0185f000 00:12a3 4611686019135190040      /nix/store/gpxl5qgg8kicmcvivwmybwjlpf7wh20l-graalvm17-ce-22.3.0/lib/libjvmcicompiler.so
7f7a7765d000-7f7a77a44000 r--p 01d7f000 00:12a3 4611686019135190040      /nix/store/gpxl5qgg8kicmcvivwmybwjlpf7wh20l-graalvm17-ce-22.3.0/lib/libjvmcicompiler.so
7f7a77b00000-7f7a77b04000 ---p 00000000 00:00 0 
7f7a77b04000-7f7a77c00000 rw-p 00000000 00:00 0 
7f7a77d00000-7f7a77d04000 ---p 00000000 00:00 0 
7f7a77d04000-7f7a77e00000 rw-p 00000000 00:00 0 
7f7a77e00000-7f7a77e04000 ---p 00000000 00:00 0 
7f7a77e04000-7f7a77f00000 rw-p 00000000 00:00 0 
7f7a77f00000-7f7a77f04000 ---p 00000000 00:00 0 
7f7a77f04000-7f7a78000000 rw-p 00000000 00:00 0 
7f7a78100000-7f7a78104000 ---p 00000000 00:00 0 
7f7a78104000-7f7a78200000 rw-p 00000000 00:00 0 
7f7a78200000-7f7a78204000 ---p 00000000 00:00 0 
7f7a78204000-7f7a78300000 rw-p 00000000 00:00 0 
7f7a78300000-7f7a78304000 ---p 00000000 00:00 0 
7f7a78304000-7f7a78400000 rw-p 00000000 00:00 0 
7f7a78500000-7f7a78504000 ---p 00000000 00:00 0 
7f7a78504000-7f7a78600000 rw-p 00000000 00:00 0 
7f7a78700000-7f7a78704000 ---p 00000000 00:00 0 
7f7a78704000-7f7a78800000 rw-p 00000000 00:00 0 
7f7a78900000-7f7a78904000 ---p 00000000 00:00 0 
7f7a78904000-7f7a78a00000 rw-p 00000000 00:00 0 
7f7a78b00000-7f7a78b04000 ---p 00000000 00:00 0 
7f7a78b04000-7f7a78c00000 rw-p 00000000 00:00 0 
7f7a78c00000-7f7a78c04000 ---p 00000000 00:00 0 
7f7a78c04000-7f7a78d00000 rw-p 00000000 00:00 0 
7f7a78d00000-7f7a78d04000 ---p 00000000 00:00 0 
7f7a78d04000-7f7a78e00000 rw-p 00000000 00:00 0 
7f7a78f00000-7f7a78f04000 ---p 00000000 00:00 0 
7f7a78f04000-7f7a79000000 rw-p 00000000 00:00 0 
7f7a79100000-7f7a79104000 ---p 00000000 00:00 0 
7f7a79104000-7f7a79200000 rw-p 00000000 00:00 0 
7f7a79200000-7f7a79204000 ---p 00000000 00:00 0 
7f7a79204000-7f7a79300000 rw-p 00000000 00:00 0 
7f7a79300000-7f7a79304000 ---p 00000000 00:00 0 
7f7a79304000-7f7a79400000 rw-p 00000000 00:00 0 
7f7a79500000-7f7a79504000 ---p 00000000 00:00 0 
7f7a79504000-7f7a79600000 rw-p 00000000 00:00 0 
7f7a79700000-7f7a79704000 ---p 00000000 00:00 0 
7f7a79704000-7f7a79800000 rw-p 00000000 00:00 0 
7f7a79800000-7f7a79804000 ---p 00000000 00:00 0 
7f7a79804000-7f7a79900000 rw-p 00000000 00:00 0 
7f7a79900000-7f7a79904000 ---p 00000000 00:00 0 
7f7a79904000-7f7a79a00000 rw-p 00000000 00:00 0 
7f7a79a00000-7f7a79a04000 ---p 00000000 00:00 0 
7f7a79a04000-7f7a79b00000 rw-p 00000000 00:00 0 
7f7a79b00000-7f7a79b04000 ---p 00000000 00:00 0 
7f7a79b04000-7f7a79c00000 rw-p 00000000 00:00 0 
7f7a79c00000-7f7a7bd6a000 r-xp 00000000 00:12a3 4611686019135190040      /nix/store/gpxl5qgg8kicmcvivwmybwjlpf7wh20l-graalvm17-ce-22.3.0/lib/libjvmcicompiler.so
7f7a7bd6a000-7f7a7bf69000 ---p 0216a000 00:12a3 4611686019135190040      /nix/store/gpxl5qgg8kicmcvivwmybwjlpf7wh20l-graalvm17-ce-22.3.0/lib/libjvmcicompiler.so
7f7a7bf69000-7f7a7bf6a000 r--p 02169000 00:12a3 4611686019135190040      /nix/store/gpxl5qgg8kicmcvivwmybwjlpf7wh20l-graalvm17-ce-22.3.0/lib/libjvmcicompiler.so
7f7a7bf6a000-7f7a7bf6c000 rw-p 0216a000 00:12a3 4611686019135190040      /nix/store/gpxl5qgg8kicmcvivwmybwjlpf7wh20l-graalvm17-ce-22.3.0/lib/libjvmcicompiler.so
7f7a7bf6c000-7f7a7bf6d000 rw-p 00000000 00:00 0 
7f7a7bf6d000-7f7a7bf72000 rw-p 023c3000 00:12a3 4611686019135190040      /nix/store/gpxl5qgg8kicmcvivwmybwjlpf7wh20l-graalvm17-ce-22.3.0/lib/libjvmcicompiler.so
7f7a7c000000-7f7a7c021000 rw-p 00000000 00:00 0 
7f7a7c021000-7f7a80000000 ---p 00000000 00:00 0 
7f7a80000000-7f7a80021000 rw-p 00000000 00:00 0 
7f7a80021000-7f7a84000000 ---p 00000000 00:00 0 
7f7a84000000-7f7a84021000 rw-p 00000000 00:00 0 
7f7a84021000-7f7a88000000 ---p 00000000 00:00 0 
7f7a88000000-7f7a88021000 rw-p 00000000 00:00 0 
7f7a88021000-7f7a8c000000 ---p 00000000 00:00 0 
7f7a8c000000-7f7a8c0f3000 rw-p 00000000 00:00 0 
7f7a8c0f3000-7f7a90000000 ---p 00000000 00:00 0 
7f7a90000000-7f7a90bcf000 rw-p 00000000 00:00 0 
7f7a90bcf000-7f7a94000000 ---p 00000000 00:00 0 
7f7a94000000-7f7a94021000 rw-p 00000000 00:00 0 
7f7a94021000-7f7a98000000 ---p 00000000 00:00 0 
7f7a98000000-7f7a98021000 rw-p 00000000 00:00 0 
7f7a98021000-7f7a9c000000 ---p 00000000 00:00 0 
7f7a9c000000-7f7a9c021000 rw-p 00000000 00:00 0 
7f7a9c021000-7f7aa0000000 ---p 00000000 00:00 0 
7f7aa0000000-7f7aa0021000 rw-p 00000000 00:00 0 
7f7aa0021000-7f7aa4000000 ---p 00000000 00:00 0 
7f7aa4000000-7f7aa4021000 rw-p 00000000 00:00 0 
7f7aa4021000-7f7aa8000000 ---p 00000000 00:00 0 
7f7aa8000000-7f7aa8021000 rw-p 00000000 00:00 0 
7f7aa8021000-7f7aac000000 ---p 00000000 00:00 0 
7f7aac000000-7f7aac114000 rw-p 00000000 00:00 0 
7f7aac114000-7f7ab0000000 ---p 00000000 00:00 0 
7f7ab0000000-7f7ab0004000 ---p 00000000 00:00 0 
7f7ab0004000-7f7ab0100000 rw-p 00000000 00:00 0 
7f7ab0d68000-7f7ab1200000 rw-p 00000000 00:00 0 
7f7ab12f4000-7f7ab12f8000 ---p 00000000 00:00 0 
7f7ab12f8000-7f7ab1316000 rw-p 00000000 00:00 0 
7f7ab1316000-7f7ab1317000 ---p 00000000 00:00 0 
7f7ab1317000-7f7ab1418000 rw-p 00000000 00:00 0 
7f7ab1418000-7f7ab141c000 ---p 00000000 00:00 0 
7f7ab141c000-7f7ab1518000 rw-p 00000000 00:00 0 
7f7ab1518000-7f7ab151c000 ---p 00000000 00:00 0 
7f7ab151c000-7f7ab1618000 rw-p 00000000 00:00 0 
7f7ab1618000-7f7ab161c000 ---p 00000000 00:00 0 
7f7ab161c000-7f7ab1718000 rw-p 00000000 00:00 0 
7f7ab1718000-7f7ab171c000 ---p 00000000 00:00 0 
7f7ab171c000-7f7ab1918000 rw-p 00000000 00:00 0 
7f7ab1918000-7f7ab191c000 ---p 00000000 00:00 0 
7f7ab191c000-7f7ab1b18000 rw-p 00000000 00:00 0 
7f7ab1b18000-7f7ab1b1c000 ---p 00000000 00:00 0 
7f7ab1b1c000-7f7ab1c18000 rw-p 00000000 00:00 0 
7f7ab1c18000-7f7ab1c1c000 ---p 00000000 00:00 0 
7f7ab1c1c000-7f7ab1d18000 rw-p 00000000 00:00 0 
7f7ab1d18000-7f7ab1d1c000 ---p 00000000 00:00 0 
7f7ab1d1c000-7f7ab1e18000 rw-p 00000000 00:00 0 
7f7ab1e18000-7f7ab20fe000 r--p 00000000 00:10d8 28444448                 /usr/lib/locale/locale-archive
7f7ab20fe000-7f7ab2102000 ---p 00000000 00:00 0 
7f7ab2102000-7f7ab21fe000 rw-p 00000000 00:00 0 
7f7ab21fe000-7f7ab2202000 ---p 00000000 00:00 0 
7f7ab2202000-7f7ab22fe000 rw-p 00000000 00:00 0 
7f7ab22fe000-7f7ab22ff000 ---p 00000000 00:00 0 
7f7ab22ff000-7f7ab27f0000 rw-p 00000000 00:00 0 
7f7ab27f0000-7f7ab2af0000 rw-p 00000000 00:00 0 
7f7ab2af0000-7f7ab2c00000 rw-p 00000000 00:00 0 
7f7ab2c1b000-7f7ab2c22000 r-xp 00000000 00:12a3 4611686019135192580      /nix/store/gpxl5qgg8kicmcvivwmybwjlpf7wh20l-graalvm17-ce-22.3.0/lib/libzip.so
7f7ab2c22000-7f7ab2c23000 ---p 00007000 00:12a3 4611686019135192580      /nix/store/gpxl5qgg8kicmcvivwmybwjlpf7wh20l-graalvm17-ce-22.3.0/lib/libzip.so
7f7ab2c23000-7f7ab2c24000 r--p 00007000 00:12a3 4611686019135192580      /nix/store/gpxl5qgg8kicmcvivwmybwjlpf7wh20l-graalvm17-ce-22.3.0/lib/libzip.so
7f7ab2c24000-7f7ab2c25000 rw-p 00008000 00:12a3 4611686019135192580      /nix/store/gpxl5qgg8kicmcvivwmybwjlpf7wh20l-graalvm17-ce-22.3.0/lib/libzip.so
7f7ab2c25000-7f7ab2c27000 rw-p 0000b000 00:12a3 4611686019135192580      /nix/store/gpxl5qgg8kicmcvivwmybwjlpf7wh20l-graalvm17-ce-22.3.0/lib/libzip.so
7f7ab2c27000-7f7ab2c3c000 r-xp 00000000 00:12a3 4611686019135192570      /nix/store/gpxl5qgg8kicmcvivwmybwjlpf7wh20l-graalvm17-ce-22.3.0/lib/libnet.so
7f7ab2c3c000-7f7ab2c3d000 ---p 00015000 00:12a3 4611686019135192570      /nix/store/gpxl5qgg8kicmcvivwmybwjlpf7wh20l-graalvm17-ce-22.3.0/lib/libnet.so
7f7ab2c3d000-7f7ab2c3e000 r--p 00015000 00:12a3 4611686019135192570      /nix/store/gpxl5qgg8kicmcvivwmybwjlpf7wh20l-graalvm17-ce-22.3.0/lib/libnet.so
7f7ab2c3e000-7f7ab2c3f000 rw-p 00016000 00:12a3 4611686019135192570      /nix/store/gpxl5qgg8kicmcvivwmybwjlpf7wh20l-graalvm17-ce-22.3.0/lib/libnet.so
7f7ab2c3f000-7f7ab2c42000 rw-p 0001b000 00:12a3 4611686019135192570      /nix/store/gpxl5qgg8kicmcvivwmybwjlpf7wh20l-graalvm17-ce-22.3.0/lib/libnet.so
7f7ab2c42000-7f7ab2c55000 r-xp 00000000 00:12a3 4611686019135192571      /nix/store/gpxl5qgg8kicmcvivwmybwjlpf7wh20l-graalvm17-ce-22.3.0/lib/libnio.so
7f7ab2c55000-7f7ab2c56000 r--p 00012000 00:12a3 4611686019135192571      /nix/store/gpxl5qgg8kicmcvivwmybwjlpf7wh20l-graalvm17-ce-22.3.0/lib/libnio.so
7f7ab2c56000-7f7ab2c57000 rw-p 00013000 00:12a3 4611686019135192571      /nix/store/gpxl5qgg8kicmcvivwmybwjlpf7wh20l-graalvm17-ce-22.3.0/lib/libnio.so
7f7ab2c57000-7f7ab2c5c000 rw-p 00019000 00:12a3 4611686019135192571      /nix/store/gpxl5qgg8kicmcvivwmybwjlpf7wh20l-graalvm17-ce-22.3.0/lib/libnio.so
7f7ab2c5c000-7f7ab2d2a000 r-xp 00000000 00:12a3 4611686019135190036      /nix/store/gpxl5qgg8kicmcvivwmybwjlpf7wh20l-graalvm17-ce-22.3.0/lib/libjsvml.so
7f7ab2d2a000-7f7ab2d2b000 r--p 000cd000 00:12a3 4611686019135190036      /nix/store/gpxl5qgg8kicmcvivwmybwjlpf7wh20l-graalvm17-ce-22.3.0/lib/libjsvml.so
7f7ab2d2b000-7f7ab2d2c000 rw-p 000ce000 00:12a3 4611686019135190036      /nix/store/gpxl5qgg8kicmcvivwmybwjlpf7wh20l-graalvm17-ce-22.3.0/lib/libjsvml.so
7f7ab2d2c000-7f7ab34b3000 rw-p 00000000 00:00 0 
7f7ab34b3000-7f7ab3723000 rwxp 00000000 00:00 0 
7f7ab3723000-7f7ab3a42000 ---p 00000000 00:00 0 
7f7ab3a42000-7f7ab49d2000 rwxp 00000000 00:00 0 
7f7ab49d2000-7f7abaf7a000 ---p 00000000 00:00 0 
7f7abaf7a000-7f7abb27a000 rwxp 00000000 00:00 0 
7f7abb27a000-7f7ac24b3000 ---p 00000000 00:00 0 
7f7ac24b3000-7f7acc000000 r--s 00000000 00:12a3 4611686019135192581      /nix/store/gpxl5qgg8kicmcvivwmybwjlpf7wh20l-graalvm17-ce-22.3.0/lib/modules
7f7acc000000-7f7acc62a000 rw-p 00000000 00:00 0 
7f7acc62a000-7f7ad0000000 ---p 00000000 00:00 0 
7f7ad0000000-7f7ad0002000 r-xp 00000000 00:12a3 4611686019135190017      /nix/store/gpxl5qgg8kicmcvivwmybwjlpf7wh20l-graalvm17-ce-22.3.0/lib/libextnet.so
7f7ad0002000-7f7ad0003000 r--p 00001000 00:12a3 4611686019135190017      /nix/store/gpxl5qgg8kicmcvivwmybwjlpf7wh20l-graalvm17-ce-22.3.0/lib/libextnet.so
7f7ad0003000-7f7ad0004000 rw-p 00002000 00:12a3 4611686019135190017      /nix/store/gpxl5qgg8kicmcvivwmybwjlpf7wh20l-graalvm17-ce-22.3.0/lib/libextnet.so
7f7ad0004000-7f7ad0005000 rw-p 00004000 00:12a3 4611686019135190017      /nix/store/gpxl5qgg8kicmcvivwmybwjlpf7wh20l-graalvm17-ce-22.3.0/lib/libextnet.so
7f7ad0005000-7f7ad1156000 rw-p 00000000 00:00 0 
7f7ad1156000-7f7ad1157000 ---p 00000000 00:00 0 
7f7ad1157000-7f7ad12ff000 rw-p 00000000 00:00 0 
7f7ad12ff000-7f7ad1327000 rw-p 00000000 00:00 0 
7f7ad1327000-7f7ad1358000 ---p 00000000 00:00 0 
7f7ad1358000-7f7ad135f000 rw-p 00000000 00:00 0 
7f7ad135f000-7f7ad1444000 ---p 00000000 00:00 0 
7f7ad1444000-7f7ad1464000 rw-p 00000000 00:00 0 
7f7ad1464000-7f7ad152f000 ---p 00000000 00:00 0 
7f7ad152f000-7f7ad1534000 rw-p 00000000 00:00 0 
7f7ad1534000-7f7ad153b000 ---p 00000000 00:00 0 
7f7ad153b000-7f7ad155f000 r-xp 00000000 00:12a3 4611686019135190028      /nix/store/gpxl5qgg8kicmcvivwmybwjlpf7wh20l-graalvm17-ce-22.3.0/lib/libjava.so
7f7ad155f000-7f7ad1560000 ---p 00024000 00:12a3 4611686019135190028      /nix/store/gpxl5qgg8kicmcvivwmybwjlpf7wh20l-graalvm17-ce-22.3.0/lib/libjava.so
7f7ad1560000-7f7ad1561000 r--p 00024000 00:12a3 4611686019135190028      /nix/store/gpxl5qgg8kicmcvivwmybwjlpf7wh20l-graalvm17-ce-22.3.0/lib/libjava.so
7f7ad1561000-7f7ad1562000 rw-p 00025000 00:12a3 4611686019135190028      /nix/store/gpxl5qgg8kicmcvivwmybwjlpf7wh20l-graalvm17-ce-22.3.0/lib/libjava.so
7f7ad1562000-7f7ad1563000 rw-p 00000000 00:00 0 
7f7ad1563000-7f7ad156a000 rw-p 0002f000 00:12a3 4611686019135190028      /nix/store/gpxl5qgg8kicmcvivwmybwjlpf7wh20l-graalvm17-ce-22.3.0/lib/libjava.so
7f7ad156a000-7f7ad1572000 rw-s 00000000 00:d0d 363                       /tmp/hsperfdata_runner/21
7f7ad1572000-7f7ad1573000 ---p 00000000 00:00 0 
7f7ad1573000-7f7ad1574000 r--p 00000000 00:00 0 
7f7ad1574000-7f7ad1575000 rwxp 00000000 00:00 0 
7f7ad1575000-7f7ad1590000 r-xp 00000000 00:12a3 4611686019135190032      /nix/store/gpxl5qgg8kicmcvivwmybwjlpf7wh20l-graalvm17-ce-22.3.0/lib/libjimage.so
7f7ad1590000-7f7ad1591000 ---p 0001b000 00:12a3 4611686019135190032      /nix/store/gpxl5qgg8kicmcvivwmybwjlpf7wh20l-graalvm17-ce-22.3.0/lib/libjimage.so
7f7ad1591000-7f7ad1593000 r--p 0001b000 00:12a3 4611686019135190032      /nix/store/gpxl5qgg8kicmcvivwmybwjlpf7wh20l-graalvm17-ce-22.3.0/lib/libjimage.so
7f7ad1593000-7f7ad1594000 rw-p 0001d000 00:12a3 4611686019135190032      /nix/store/gpxl5qgg8kicmcvivwmybwjlpf7wh20l-graalvm17-ce-22.3.0/lib/libjimage.so
7f7ad1594000-7f7ad1595000 rw-p 00024000 00:12a3 4611686019135190032      /nix/store/gpxl5qgg8kicmcvivwmybwjlpf7wh20l-graalvm17-ce-22.3.0/lib/libjimage.so
7f7ad1595000-7f7ad1599000 ---p 00000000 00:00 0 
7f7ad1599000-7f7ad1695000 rw-p 00000000 00:00 0 
7f7ad1695000-7f7ad16a3000 r--p 00000000 00:12a3 4611686019027979927      /nix/store/4nlgxhb09sdr51nc9hdm8az5b08vzkgx-glibc-2.35-163/lib/libm.so.6
7f7ad16a3000-7f7ad1716000 r-xp 0000e000 00:12a3 4611686019027979927      /nix/store/4nlgxhb09sdr51nc9hdm8az5b08vzkgx-glibc-2.35-163/lib/libm.so.6
7f7ad1716000-7f7ad1773000 r--p 00081000 00:12a3 4611686019027979927      /nix/store/4nlgxhb09sdr51nc9hdm8az5b08vzkgx-glibc-2.35-163/lib/libm.so.6
7f7ad1773000-7f7ad1774000 r--p 000dd000 00:12a3 4611686019027979927      /nix/store/4nlgxhb09sdr51nc9hdm8az5b08vzkgx-glibc-2.35-163/lib/libm.so.6
7f7ad1774000-7f7ad1775000 rw-p 000de000 00:12a3 4611686019027979927      /nix/store/4nlgxhb09sdr51nc9hdm8az5b08vzkgx-glibc-2.35-163/lib/libm.so.6
7f7ad1775000-7f7ad1776000 r--p 00000000 00:12a3 4611686019027979946      /nix/store/4nlgxhb09sdr51nc9hdm8az5b08vzkgx-glibc-2.35-163/lib/librt.so.1
7f7ad1776000-7f7ad1777000 r-xp 00001000 00:12a3 4611686019027979946      /nix/store/4nlgxhb09sdr51nc9hdm8az5b08vzkgx-glibc-2.35-163/lib/librt.so.1
7f7ad1777000-7f7ad1778000 r--p 00002000 00:12a3 4611686019027979946      /nix/store/4nlgxhb09sdr51nc9hdm8az5b08vzkgx-glibc-2.35-163/lib/librt.so.1
7f7ad1778000-7f7ad1779000 r--p 00002000 00:12a3 4611686019027979946      /nix/store/4nlgxhb09sdr51nc9hdm8az5b08vzkgx-glibc-2.35-163/lib/librt.so.1
7f7ad1779000-7f7ad177a000 rw-p 00003000 00:12a3 4611686019027979946      /nix/store/4nlgxhb09sdr51nc9hdm8az5b08vzkgx-glibc-2.35-163/lib/librt.so.1
7f7ad177a000-7f7ad288d000 r-xp 00000000 00:12a3 4611686019135360866      /nix/store/gpxl5qgg8kicmcvivwmybwjlpf7wh20l-graalvm17-ce-22.3.0/lib/server/libjvm.so
7f7ad288d000-7f7ad288e000 ---p 01113000 00:12a3 4611686019135360866      /nix/store/gpxl5qgg8kicmcvivwmybwjlpf7wh20l-graalvm17-ce-22.3.0/lib/server/libjvm.so
7f7ad288e000-7f7ad2943000 r--p 01113000 00:12a3 4611686019135360866      /nix/store/gpxl5qgg8kicmcvivwmybwjlpf7wh20l-graalvm17-ce-22.3.0/lib/server/libjvm.so
7f7ad2943000-7f7ad2977000 rw-p 011c8000 00:12a3 4611686019135360866      /nix/store/gpxl5qgg8kicmcvivwmybwjlpf7wh20l-graalvm17-ce-22.3.0/lib/server/libjvm.so
7f7ad2977000-7f7ad29d3000 rw-p 00000000 00:00 0 
7f7ad29d3000-7f7ad29fb000 r--p 00000000 00:12a3 4611686019027979918      /nix/store/4nlgxhb09sdr51nc9hdm8az5b08vzkgx-glibc-2.35-163/lib/libc.so.6
7f7ad29fb000-7f7ad2b71000 r-xp 00028000 00:12a3 4611686019027979918      /nix/store/4nlgxhb09sdr51nc9hdm8az5b08vzkgx-glibc-2.35-163/lib/libc.so.6
7f7ad2b71000-7f7ad2bc9000 r--p 0019e000 00:12a3 4611686019027979918      /nix/store/4nlgxhb09sdr51nc9hdm8az5b08vzkgx-glibc-2.35-163/lib/libc.so.6
7f7ad2bc9000-7f7ad2bcd000 r--p 001f6000 00:12a3 4611686019027979918      /nix/store/4nlgxhb09sdr51nc9hdm8az5b08vzkgx-glibc-2.35-163/lib/libc.so.6
7f7ad2bcd000-7f7ad2bcf000 rw-p 001fa000 00:12a3 4611686019027979918      /nix/store/4nlgxhb09sdr51nc9hdm8az5b08vzkgx-glibc-2.35-163/lib/libc.so.6
7f7ad2bcf000-7f7ad2bde000 rw-p 00000000 00:00 0 
7f7ad2bde000-7f7ad2bdf000 r--p 00000000 00:12a3 4611686019027979923      /nix/store/4nlgxhb09sdr51nc9hdm8az5b08vzkgx-glibc-2.35-163/lib/libdl.so.2
7f7ad2bdf000-7f7ad2be0000 r-xp 00001000 00:12a3 4611686019027979923      /nix/store/4nlgxhb09sdr51nc9hdm8az5b08vzkgx-glibc-2.35-163/lib/libdl.so.2
7f7ad2be0000-7f7ad2be1000 r--p 00002000 00:12a3 4611686019027979923      /nix/store/4nlgxhb09sdr51nc9hdm8az5b08vzkgx-glibc-2.35-163/lib/libdl.so.2
7f7ad2be1000-7f7ad2be2000 r--p 00002000 00:12a3 4611686019027979923      /nix/store/4nlgxhb09sdr51nc9hdm8az5b08vzkgx-glibc-2.35-163/lib/libdl.so.2
7f7ad2be2000-7f7ad2be3000 rw-p 00003000 00:12a3 4611686019027979923      /nix/store/4nlgxhb09sdr51nc9hdm8az5b08vzkgx-glibc-2.35-163/lib/libdl.so.2
7f7ad2be3000-7f7ad2be4000 r--p 00000000 00:12a3 4611686019027979942      /nix/store/4nlgxhb09sdr51nc9hdm8az5b08vzkgx-glibc-2.35-163/lib/libpthread.so.0
7f7ad2be4000-7f7ad2be5000 r-xp 00001000 00:12a3 4611686019027979942      /nix/store/4nlgxhb09sdr51nc9hdm8az5b08vzkgx-glibc-2.35-163/lib/libpthread.so.0
7f7ad2be5000-7f7ad2be6000 r--p 00002000 00:12a3 4611686019027979942      /nix/store/4nlgxhb09sdr51nc9hdm8az5b08vzkgx-glibc-2.35-163/lib/libpthread.so.0
7f7ad2be6000-7f7ad2be7000 r--p 00002000 00:12a3 4611686019027979942      /nix/store/4nlgxhb09sdr51nc9hdm8az5b08vzkgx-glibc-2.35-163/lib/libpthread.so.0
7f7ad2be7000-7f7ad2be8000 rw-p 00003000 00:12a3 4611686019027979942      /nix/store/4nlgxhb09sdr51nc9hdm8az5b08vzkgx-glibc-2.35-163/lib/libpthread.so.0
7f7ad2be8000-7f7ad2bf6000 r-xp 00000000 00:12a3 4611686019135190033      /nix/store/gpxl5qgg8kicmcvivwmybwjlpf7wh20l-graalvm17-ce-22.3.0/lib/libjli.so
7f7ad2bf6000-7f7ad2bf7000 ---p 0000e000 00:12a3 4611686019135190033      /nix/store/gpxl5qgg8kicmcvivwmybwjlpf7wh20l-graalvm17-ce-22.3.0/lib/libjli.so
7f7ad2bf7000-7f7ad2bf8000 r--p 0000e000 00:12a3 4611686019135190033      /nix/store/gpxl5qgg8kicmcvivwmybwjlpf7wh20l-graalvm17-ce-22.3.0/lib/libjli.so
7f7ad2bf8000-7f7ad2bf9000 rw-p 0000f000 00:12a3 4611686019135190033      /nix/store/gpxl5qgg8kicmcvivwmybwjlpf7wh20l-graalvm17-ce-22.3.0/lib/libjli.so
7f7ad2bf9000-7f7ad2bfa000 rw-p 00012000 00:12a3 4611686019135190033      /nix/store/gpxl5qgg8kicmcvivwmybwjlpf7wh20l-graalvm17-ce-22.3.0/lib/libjli.so
7f7ad2bfa000-7f7ad2bfd000 r--p 00000000 00:12a3 4611686019106210071      /nix/store/026hln0aq1hyshaxsdvhg0kmcm6yf45r-zlib-1.2.13/lib/libz.so.1.2.13
7f7ad2bfd000-7f7ad2c0f000 r-xp 00003000 00:12a3 4611686019106210071      /nix/store/026hln0aq1hyshaxsdvhg0kmcm6yf45r-zlib-1.2.13/lib/libz.so.1.2.13
7f7ad2c0f000-7f7ad2c16000 r--p 00015000 00:12a3 4611686019106210071      /nix/store/026hln0aq1hyshaxsdvhg0kmcm6yf45r-zlib-1.2.13/lib/libz.so.1.2.13
7f7ad2c16000-7f7ad2c17000 r--p 0001b000 00:12a3 4611686019106210071      /nix/store/026hln0aq1hyshaxsdvhg0kmcm6yf45r-zlib-1.2.13/lib/libz.so.1.2.13
7f7ad2c17000-7f7ad2c18000 rw-p 0001c000 00:12a3 4611686019106210071      /nix/store/026hln0aq1hyshaxsdvhg0kmcm6yf45r-zlib-1.2.13/lib/libz.so.1.2.13
7f7ad2c18000-7f7ad2c1a000 rw-p 00000000 00:00 0 
7f7ad2c1a000-7f7ad2c1c000 r--p 00000000 00:12a3 4611686019027979912      /nix/store/4nlgxhb09sdr51nc9hdm8az5b08vzkgx-glibc-2.35-163/lib/ld-linux-x86-64.so.2
7f7ad2c1c000-7f7ad2c43000 r-xp 00002000 00:12a3 4611686019027979912      /nix/store/4nlgxhb09sdr51nc9hdm8az5b08vzkgx-glibc-2.35-163/lib/ld-linux-x86-64.so.2
7f7ad2c43000-7f7ad2c4f000 r--p 00029000 00:12a3 4611686019027979912      /nix/store/4nlgxhb09sdr51nc9hdm8az5b08vzkgx-glibc-2.35-163/lib/ld-linux-x86-64.so.2
7f7ad2c4f000-7f7ad2c51000 r--p 00034000 00:12a3 4611686019027979912      /nix/store/4nlgxhb09sdr51nc9hdm8az5b08vzkgx-glibc-2.35-163/lib/ld-linux-x86-64.so.2
7f7ad2c51000-7f7ad2c53000 rw-p 00036000 00:12a3 4611686019027979912      /nix/store/4nlgxhb09sdr51nc9hdm8az5b08vzkgx-glibc-2.35-163/lib/ld-linux-x86-64.so.2
7ffe926e5000-7ffe92709000 rw-p 00000000 00:00 0                          [stack]
7ffe92778000-7ffe9277c000 r--p 00000000 00:00 0                          [vvar]
7ffe9277c000-7ffe9277e000 r-xp 00000000 00:00 0                          [vdso]
ffffffffff600000-ffffffffff601000 --xp 00000000 00:00 0                  [vsyscall]


VM Arguments:
jvm_args: -XX:ThreadPriorityPolicy=1 -XX:+UnlockExperimentalVMOptions -XX:+EnableJVMCIProduct -XX:JVMCIThreadsPerNativeLibraryRuntime=1 -XX:-UnlockExperimentalVMOptions -Declipse.application=org.eclipse.jdt.ls.core.id1 -Dosgi.bundles.defaultStartLevel=4 -Declipse.product=org.eclipse.jdt.ls.core.product -Dlog.level=ALL -Xverify:none -XX:+UseParallelGC -XX:GCTimeRatio=4 -XX:AdaptiveSizePolicyWeight=90 -Dsun.zip.disableMemoryMapping=true -Xmx512m -Xms100m 
java_command: /nix/store/a7s9klvriqi68xz3qjc0qyfl5h86xc16-jdt-language-server-1.9.0/share/java/plugins/org.eclipse.equinox.launcher_1.6.400.v20210924-0641.jar --add-modules=ALL-SYSTEM --add-opens java.base/java.util=ALL-UNNAMED --add-opens java.base/java.lang=ALL-UNNAMED -configuration /home/runner/.cache/jdt-language-server/config -data /home/runner/.cache/jdt-language-server/data/home/runner/Assignment-5-1
java_class_path (initial): /nix/store/a7s9klvriqi68xz3qjc0qyfl5h86xc16-jdt-language-server-1.9.0/share/java/plugins/org.eclipse.equinox.launcher_1.6.400.v20210924-0641.jar
Launcher Type: SUN_STANDARD

[Global flags]
    uintx AdaptiveSizePolicyWeight                 = 90                                        {product} {command line}
     intx CICompilerCount                          = 2                                         {product} {ergonomic}
     bool EnableJVMCIProduct                       = true                                {JVMCI product} {jimage}
    uintx GCTimeRatio                              = 4                                         {product} {command line}
   size_t InitialHeapSize                          = 104857600                                 {product} {command line}
     uint JVMCIThreadsPerNativeLibraryRuntime      = 1                                   {JVMCI product} {jimage}
   size_t MaxHeapSize                              = 536870912                                 {product} {command line}
   size_t MaxNewSize                               = 178782208                                 {product} {ergonomic}
   size_t MinHeapDeltaBytes                        = 524288                                    {product} {ergonomic}
   size_t MinHeapSize                              = 104857600                                 {product} {command line}
   size_t NewSize                                  = 34603008                                  {product} {ergonomic}
    uintx NonNMethodCodeHeapSize                   = 5826188                                {pd product} {ergonomic}
    uintx NonProfiledCodeHeapSize                  = 122916026                              {pd product} {ergonomic}
   size_t OldSize                                  = 70254592                                  {product} {ergonomic}
    uintx ProfiledCodeHeapSize                     = 122916026                              {pd product} {ergonomic}
    uintx ReservedCodeCacheSize                    = 251658240                              {pd product} {ergonomic}
     bool SegmentedCodeCache                       = true                                      {product} {ergonomic}
   size_t SoftMaxHeapSize                          = 536870912                              {manageable} {ergonomic}
     intx ThreadPriorityPolicy                     = 1                                         {product} {jimage}
     bool UseCompressedClassPointers               = true                           {product lp64_product} {ergonomic}
     bool UseCompressedOops                        = true                           {product lp64_product} {ergonomic}
     bool UseParallelGC                            = true                                      {product} {command line}

Logging:
Log output configuration:
 #0: stdout all=warning uptime,level,tags
 #1: stderr all=off uptime,level,tags

Environment Variables:
JAVA_HOME=/nix/store/gpxl5qgg8kicmcvivwmybwjlpf7wh20l-graalvm17-ce-22.3.0
PATH=/nix/store/1d6ian3r8kdzspw8hacjhl3xkp40g1lj-binutils-wrapper-2.39/bin:/nix/store/dq0xwmsk1g0i2ayg6pb7y87na2knzylh-gcc-wrapper-11.3.0/bin:/nix/store/bap4d0lpcrhpwmpb8ayjcgkmvfj62lnq-bash-interactive-5.1-p16/bin:/nix/store/pr5n59mb4jzmfx6kanwxly0l07p861fg-patchelf-0.15.0/bin:/nix/store/1gf2flfqnpqbr1b4p4qz2f72y42bs56r-gcc-11.3.0/bin:/nix/store/57xv61c5zi8pphjbcwxxjlgc34p61ic9-glibc-2.35-163-bin/bin:/nix/store/a7gvj343m05j2s32xcnwr35v31ynlypr-coreutils-9.1/bin:/nix/store/039g378vc3pc3dvi9dzdlrd0i4q93qwf-binutils-2.39/bin:/nix/store/gpxl5qgg8kicmcvivwmybwjlpf7wh20l-graalvm17-ce-22.3.0/bin:/nix/store/6z9ag3ihc8mq2hzsw48lhbznvzny65nz-apache-maven-3.8.6/bin:/nix/store/a7s9klvriqi68xz3qjc0qyfl5h86xc16-jdt-language-server-1.9.0/bin:/nix/store/48ifl2w60a3zp7yskbpnvn8jp9jdsb7k-java-debug/bin:/nix/store/mydc6f4k2z73xlcz7ilif3v2lcaiqvza-findutils-4.9.0/bin:/nix/store/j9p3g8472iijd50vhdprx0nmk2fqn5gv-diffutils-3.8/bin:/nix/store/89zs7rms6x00xfq4dq6m7mjnhkr8a6r4-gnused-4.8/bin:/nix/store/86bp03jkmsl6f92w0yzg4s59g5mhxwmy-gnugrep-3.7/bin:/nix/store/hwcdqw4jrjnd37wxqgsd47hd0j8bnj09-gawk-5.1.1/bin:/nix/store/cfbhw8r8ags41vwqaz47r583d0p4h4a1-gnutar-1.34/bin:/nix/store/p3m1ndl1lapwrlh698bnb5lvvxh67378-gzip-1.12/bin:/nix/store/a8mhcagrsly7c7mpjrpsnaahk4aax056-bzip2-1.0.8-bin/bin:/nix/store/mblgz65m3zv9x548a3d5m96fj2pbwr09-gnumake-4.3/bin:/nix/store/dsd5gz46hdbdk2rfdimqddhq6m8m8fqs-bash-5.1-p16/bin:/nix/store/v7ljksji50mg3w61dykaa3n3y79n6nil-patch-2.7.6/bin:/nix/store/zlcnmqq14jz5x9439jf937mvayyl63da-xz-5.2.7-bin/bin:/nix/store/y6aj732zm9m87c82fpvf103a1xb22blp-file-5.43/bin:/nix/store/i4kzir3m7mrisxmf5xvlnkw01x4qaqr4-prybar-elisp-0.0.0-e0d9a52/bin:/nix/store/lwwivxf6h7x3cvxp9zv8sj0mv7dak99r-prybar-lua-0.0.0-e0d9a52/bin:/nix/store/gxj28g1cg4hq3qanmjv07156h800qr58-prybar-python3-0.0.0-e0d9a52/bin:/nix/store/hshkjnxrgidigf8x75vg6lqng2xlx9i3-prybar-sqlite-0.0.0-e0d9a52/bin:/nix/store/c4w01bpjgyy5ixmwdk8m1pw87zq4sl26-prybar-tcl-0.0.0-e0d9a52/bin:/nix/store/hpbvrlwd5viqmvcaisb3x0118i913a9n-st
LD_LIBRARY_PATH=/nix/store/a4pff549sk2idnkpzk5nsfps3mdkdnvm-cups-2.4.2-lib/lib:/nix/store/72mqxxhh3cy5yifh92wh2yb8cl2hikyy-cairo-1.16.0/lib:/nix/store/2k366jrbsra97gjfxwvrhvixjfxdach5-glib-2.74.1/lib:/nix/store/2j2znigd8ak37rlwh9khz0ry3clqlw1l-gtk+3-3.24.34/lib:/nix/store/hisqvx32cd57apbpcsnkpx6k3549wql1-libglvnd-1.4.0/lib:/nix/store/p36pgcv991mq5srvg765b78yqpxvk3qs-mesa-21.3.3-drivers/lib:/nix/store/mav4251if1ahjq5vkpwycyyvnmy459c4-pulseaudio-14.2/lib
DISPLAY=:0
LANG=en_US.UTF-8

Signal Handlers:
   SIGSEGV: crash_handler in libjvm.so, mask=11100100010111111101111111111110, flags=SA_RESTART|SA_SIGINFO
    SIGBUS: crash_handler in libjvm.so, mask=11100100010111111101111111111110, flags=SA_RESTART|SA_SIGINFO
    SIGFPE: crash_handler in libjvm.so, mask=11100100010111111101111111111110, flags=SA_RESTART|SA_SIGINFO
   SIGPIPE: IsolateEnterStub_IgnoreSIGPIPEStartupHook_noopSignalHandler_8f19bff2f35b5f630d83b364d6b2339320d4ec70_216e8361c6bc87a8f89f58cc10d3b2fd4415bf87 in libjvmcicompiler.so, mask=00000000000000000000000000000000, flags=SA_RESTART
  *** Handler was modified!
  *** Expected: javaSignalHandler in libjvm.so, mask=11100100110111111111111111111110, flags=SA_RESTART|SA_SIGINFO
   SIGXFSZ: javaSignalHandler in libjvm.so, mask=11100100010111111101111111111110, flags=SA_RESTART|SA_SIGINFO
    SIGILL: crash_handler in libjvm.so, mask=11100100010111111101111111111110, flags=SA_RESTART|SA_SIGINFO
   SIGUSR2: SR_handler in libjvm.so, mask=00000000000000000000000000000000, flags=SA_RESTART|SA_SIGINFO
    SIGHUP: UserHandler in libjvm.so, mask=11100100010111111101111111111110, flags=SA_RESTART|SA_SIGINFO
    SIGINT: UserHandler in libjvm.so, mask=11100100010111111101111111111110, flags=SA_RESTART|SA_SIGINFO
   SIGTERM: UserHandler in libjvm.so, mask=11100100010111111101111111111110, flags=SA_RESTART|SA_SIGINFO
   SIGQUIT: UserHandler in libjvm.so, mask=11100100010111111101111111111110, flags=SA_RESTART|SA_SIGINFO
  *** Handler was modified!
  *** Expected: javaSignalHandler in libjvm.so, mask=11100100110111111111111111111110, flags=SA_RESTART|SA_SIGINFO
   SIGTRAP: crash_handler in libjvm.so, mask=11100100010111111101111111111110, flags=SA_RESTART|SA_SIGINFO


---------------  S Y S T E M  ---------------

OS:
DISTRIB_ID=Ubuntu
DISTRIB_RELEASE=20.04
DISTRIB_CODENAME=focal
DISTRIB_DESCRIPTION="Ubuntu 20.04.2 LTS"
uname: Linux 6.2.0-1014-gcp #14~22.04.1-Ubuntu SMP Mon Sep 11 07:44:43 UTC 2023 x86_64
OS uptime: 0 days 18:51 hours
libc: glibc 2.35 NPTL 2.35 
rlimit (soft/hard): STACK 8192k/infinity , CORE infinity/infinity , NPROC infinity/infinity , NOFILE 5242/5242 , AS infinity/infinity , CPU infinity/infinity , DATA infinity/infinity , FSIZE infinity/infinity , MEMLOCK 8192k/8192k
load average: 7.69 9.75 9.97

/proc/meminfo:
MemTotal:       65835948 kB
MemFree:        27096588 kB
MemAvailable:   37626264 kB
Buffers:         1003296 kB
Cached:          8838980 kB
SwapCached:            0 kB
Active:          5556292 kB
Inactive:       30408216 kB
Active(anon):      28500 kB
Inactive(anon): 25906044 kB
Active(file):    5527792 kB
Inactive(file):  4502172 kB
Unevictable:       28376 kB
Mlocked:           28376 kB
SwapTotal:             0 kB
SwapFree:              0 kB
Zswap:                 0 kB
Zswapped:              0 kB
Dirty:              6736 kB
Writeback:             0 kB
AnonPages:      24879484 kB
Mapped:          1376212 kB
Shmem:             60528 kB
KReclaimable:    1250740 kB
Slab:            1888108 kB
SReclaimable:    1250740 kB
SUnreclaim:       637368 kB
KernelStack:      184784 kB
PageTables:       308492 kB
SecPageTables:         0 kB
NFS_Unstable:          0 kB
Bounce:                0 kB
WritebackTmp:          0 kB
CommitLimit:    32917972 kB
Committed_AS:   74749324 kB
VmallocTotal:   34359738367 kB
VmallocUsed:      218584 kB
VmallocChunk:          0 kB
Percpu:            34240 kB
HardwareCorrupted:     0 kB
AnonHugePages:   4837376 kB
ShmemHugePages:        0 kB
ShmemPmdMapped:        0 kB
FileHugePages:         0 kB
FilePmdMapped:         0 kB
HugePages_Total:       0
HugePages_Free:        0
HugePages_Rsvd:        0
HugePages_Surp:        0
Hugepagesize:       2048 kB
Hugetlb:               0 kB
DirectMap4k:     1563448 kB
DirectMap2M:    58202112 kB
DirectMap1G:     9437184 kB

/sys/kernel/mm/transparent_hugepage/enabled: always [madvise] never
/sys/kernel/mm/transparent_hugepage/defrag (defrag/compaction efforts parameter): always defer defer+madvise [madvise] never

Process Memory:
Virtual Size: 4921432K (peak: 4953916K)
Resident Set Size: 774836K (peak: 809964K) (anon: 578980K, file: 195856K, shmem: 0K)
Swapped out: 0K
C-Heap outstanding allocations: 44454K, retained: 13001K
glibc malloc tunables: (default)

/proc/sys/kernel/threads-max (system-wide limit on the number of threads): 514278
/proc/sys/vm/max_map_count (maximum number of memory map areas a process may have): 65530
/proc/sys/kernel/pid_max (system-wide limit on number of process identifiers): 4194304

container (cgroup) information:
container_type: cgroupv2
cpu_cpuset_cpus: not supported
cpu_memory_nodes: not supported
active_processor_count: 1
cpu_quota: 50000
cpu_period: 100000
cpu_shares: no shares
memory_limit_in_bytes: 1048576 k
memory_and_swap_limit_in_bytes: unlimited
memory_soft_limit_in_bytes: 524288 k
memory_usage_in_bytes: 632032 k
memory_max_usage_in_bytes: not supported
maximum number of tasks: not supported
current number of tasks: not supported

KVM virtualization detected
Steal ticks since vm start: 293
Steal ticks percentage since vm start:  0.001

CPU: total 8 (initial active 1) (8 cores per cpu, 2 threads per core) family 23 model 49 stepping 0 microcode 0xffffffff, cx8, cmov, fxsr, ht, mmx, 3dnowpref, sse, sse2, sse3, ssse3, sse4a, sse4.1, sse4.2, popcnt, lzcnt, tsc, tscinvbit, avx, avx2, aes, clmul, bmi1, bmi2, adx, sha, fma, vzeroupper, clflush, clflushopt, hv
CPU Model and flags from /proc/cpuinfo:
model name	: AMD EPYC 7B12
flags		: fpu vme de pse tsc msr pae mce cx8 apic sep mtrr pge mca cmov pat pse36 clflush mmx fxsr sse sse2 ht syscall nx mmxext fxsr_opt pdpe1gb rdtscp lm constant_tsc rep_good nopl nonstop_tsc cpuid extd_apicid tsc_known_freq pni pclmulqdq ssse3 fma cx16 sse4_1 sse4_2 movbe popcnt aes xsave avx f16c rdrand hypervisor lahf_lm cmp_legacy cr8_legacy abm sse4a misalignsse 3dnowprefetch osvw topoext ssbd ibrs ibpb stibp vmmcall fsgsbase tsc_adjust bmi1 avx2 smep bmi2 rdseed adx smap clflushopt clwb sha_ni xsaveopt xsavec xgetbv1 clzero xsaveerptr arat npt nrip_save umip rdpid

Online cpus: 0-7
Offline cpus: 
BIOS frequency limitation: <Not Available>
Frequency switch latency (ns): <Not Available>
Available cpu frequencies: <Not Available>
Current governor: <Not Available>
Core performance/turbo boost: <Not Available>

Memory: 4k page, physical 1048576k(416536k free), swap 0k(0k free)
Page Sizes: 4k

vm_info: OpenJDK 64-Bit Server VM (17.0.5+8-jvmci-22.3-b08) for linux-amd64 JRE (17.0.5+8-jvmci-22.3-b08), built on Oct 19 2022 09:01:27 by "buildslave" with gcc 10.3.0

END.
