#
# A fatal error has been detected by the Java Runtime Environment:
#
#  Internal Error (jvmciRuntime.cpp:1609), pid=32, tid=53
#  fatal error: Fatal exception in JVMCI: Error calling jdk.vm.ci.services.Services.serializeSavedProperties
#
# JRE version: OpenJDK Runtime Environment GraalVM CE 22.3.0 (17.0.5+8) (build 17.0.5+8-jvmci-22.3-b08)
# Java VM: OpenJDK 64-Bit Server VM GraalVM CE 22.3.0 (17.0.5+8-jvmci-22.3-b08, mixed mode, sharing, tiered, jvmci, jvmci compiler, compressed oops, compressed class ptrs, parallel gc, linux-amd64)
# Problematic frame:
# V  [libjvm.so+0x972714]  JVMCIRuntime::fatal_exception(JVMCIEnv*, char const*)+0x74
#
# Core dump will be written. Default location: Core dumps may be processed with "/usr/share/apport/apport -p%p -s%s -c%c -d%d -P%P -u%u -g%g -- %E" (or dumping to /home/runner/Assignment-5-1/core.32)
#
# If you would like to submit a bug report, please visit:
#   https://github.com/oracle/graal/issues
#

---------------  S U M M A R Y ------------

Command Line: -XX:ThreadPriorityPolicy=1 -XX:+UnlockExperimentalVMOptions -XX:+EnableJVMCIProduct -XX:JVMCIThreadsPerNativeLibraryRuntime=1 -XX:-UnlockExperimentalVMOptions -Declipse.application=org.eclipse.jdt.ls.core.id1 -Dosgi.bundles.defaultStartLevel=4 -Declipse.product=org.eclipse.jdt.ls.core.product -Dlog.level=ALL -Xverify:none -XX:+UseParallelGC -XX:GCTimeRatio=4 -XX:AdaptiveSizePolicyWeight=90 -Dsun.zip.disableMemoryMapping=true -Xmx512m -Xms100m /nix/store/a7s9klvriqi68xz3qjc0qyfl5h86xc16-jdt-language-server-1.9.0/share/java/plugins/org.eclipse.equinox.launcher_1.6.400.v20210924-0641.jar --add-modules=ALL-SYSTEM --add-opens java.base/java.util=ALL-UNNAMED --add-opens java.base/java.lang=ALL-UNNAMED -configuration /home/runner/.cache/jdt-language-server/config -data /home/runner/.cache/jdt-language-server/data/home/runner/Assignment-5-1

Host: Intel(R) Xeon(R) CPU @ 2.20GHz, 8 cores, 1G, Ubuntu 20.04.2 LTS
Time: Thu Sep 28 17:19:09 2023 UTC elapsed time: 2027.264162 seconds (0d 0h 33m 47s)

---------------  T H R E A D  ---------------

Current thread (0x00007f7c540b1c40):  JavaThread "JVMCI-native CompilerThread0" daemon [_thread_in_vm, id=53, stack(0x00007f7c3b2b3000,0x00007f7c3b4b3000)]


Current CompileTask:
JVMCI-native:2027264 8497       4       java.util.ArrayList::indexOfRange (71 bytes)

Stack: [0x00007f7c3b2b3000,0x00007f7c3b4b3000],  sp=0x00007f7c3b4b1380,  free space=2040k
Native frames: (J=compiled Java code, j=interpreted, Vv=VM code, C=native code)
V  [libjvm.so+0x972714]  JVMCIRuntime::fatal_exception(JVMCIEnv*, char const*)+0x74
V  [libjvm.so+0x93e2fe]  JVMCIEnv::copy_saved_properties()+0x14e
V  [libjvm.so+0x9732a9]  JVMCIRuntime::initialize(JVMCIEnv*)+0xb19
V  [libjvm.so+0x9738a2]  JVMCIRuntime::get_HotSpotJVMCIRuntime(JVMCIEnv*)+0x12
V  [libjvm.so+0x9749f2]  JVMCIRuntime::compile_method(JVMCIEnv*, JVMCICompiler*, methodHandle const&, int)+0xd2
V  [libjvm.so+0x5b0d20]  CompileBroker::invoke_compiler_on_method(CompileTask*)+0x1470
V  [libjvm.so+0x5b12e8]  CompileBroker::compiler_thread_loop()+0x528
V  [libjvm.so+0xd82460]  JavaThread::thread_main_inner()+0xd0
V  [libjvm.so+0xd85a40]  Thread::call_run()+0xc0
V  [libjvm.so+0xbdb1e1]  thread_native_entry(Thread*)+0xe1

Register to memory mapping:

RAX=0x00007f7c5aecd000 points into unknown readable memory: 0x0000000000000058 | 58 00 00 00 00 00 00 00
RBX=0x00007f7c5bfc8398: <offset 0x0000000000ef5398> in /nix/store/gpxl5qgg8kicmcvivwmybwjlpf7wh20l-graalvm17-ce-22.3.0/lib/server/libjvm.so at 0x00007f7c5b0d3000
RCX=0x00007f7c5bf801e8: <offset 0x0000000000ead1e8> in /nix/store/gpxl5qgg8kicmcvivwmybwjlpf7wh20l-graalvm17-ce-22.3.0/lib/server/libjvm.so at 0x00007f7c5b0d3000
RDX=0x0000000000000649 is an unknown value
RSP=0x00007f7c3b4b1380 is pointing into the stack for thread: 0x00007f7c540b1c40
RBP=0x00007f7c3b4b13a0 is pointing into the stack for thread: 0x00007f7c540b1c40
RSI=0x00007f7c5bfc8c48: <offset 0x0000000000ef5c48> in /nix/store/gpxl5qgg8kicmcvivwmybwjlpf7wh20l-graalvm17-ce-22.3.0/lib/server/libjvm.so at 0x00007f7c5b0d3000
RDI=0x00000000e0000000 is an oop: [B 
{0x00000000e0000000} - klass: {type array byte}
 - length: 62
R8 =0x00007f7c5bfc8398: <offset 0x0000000000ef5398> in /nix/store/gpxl5qgg8kicmcvivwmybwjlpf7wh20l-graalvm17-ce-22.3.0/lib/server/libjvm.so at 0x00007f7c5b0d3000
R9 =0x00007f7c3b4b1330 is pointing into the stack for thread: 0x00007f7c540b1c40
R10=0x00007f7c3b4b2948 is pointing into the stack for thread: 0x00007f7c540b1c40
R11=0x0000000000000293 is an unknown value
R12=0x0 is NULL
R13=0x00007f7c540b1c40 is a thread
R14=0x00007f7c54000b80 points into unknown readable memory: 0x00007f7c5c1f9a38 | 38 9a 1f 5c 7c 7f 00 00
R15=0x00007f7c5c307e40: <offset 0x0000000001234e40> in /nix/store/gpxl5qgg8kicmcvivwmybwjlpf7wh20l-graalvm17-ce-22.3.0/lib/server/libjvm.so at 0x00007f7c5b0d3000


Registers:
RAX=0x00007f7c5aecd000, RBX=0x00007f7c5bfc8398, RCX=0x00007f7c5bf801e8, RDX=0x0000000000000649
RSP=0x00007f7c3b4b1380, RBP=0x00007f7c3b4b13a0, RSI=0x00007f7c5bfc8c48, RDI=0x00000000e0000000
R8 =0x00007f7c5bfc8398, R9 =0x00007f7c3b4b1330, R10=0x00007f7c3b4b2948, R11=0x0000000000000293
R12=0x0000000000000000, R13=0x00007f7c540b1c40, R14=0x00007f7c54000b80, R15=0x00007f7c5c307e40
RIP=0x00007f7c5ba45714, EFLAGS=0x0000000000010206, CSGSFS=0x002b000000000033, ERR=0x0000000000000006
  TRAPNO=0x000000000000000e

Top of Stack: (sp=0x00007f7c3b4b1380)
0x00007f7c3b4b1380:   00007f7c3b4b1940 00007f7c540b1c40
0x00007f7c3b4b1390:   00007f7c59860888 0000000800c42498
0x00007f7c3b4b13a0:   00007f7c3b4b1500 00007f7c5ba112fe
0x00007f7c3b4b13b0:   00007f7c3b4b13e0 00007f7c3b4b1440 

Instructions: (pc=0x00007f7c5ba45714)
0x00007f7c5ba45614:   30 e8 f6 cf e8 ff 4c 89 e7 e8 2e 48 d1 ff 84 db
0x00007f7c5ba45624:   75 2a 4d 85 ed 74 04 4d 8b 6d 00 48 83 c4 08 44
0x00007f7c5ba45634:   89 f9 4c 89 f2 4c 89 ee 5b 4c 89 e7 41 5c 41 5d
0x00007f7c5ba45644:   41 5e 41 5f 5d e9 e2 47 d1 ff 66 90 48 83 c4 08
0x00007f7c5ba45654:   5b 41 5c 41 5d 41 5e 41 5f 5d c3 90 31 d2 be 08
0x00007f7c5ba45664:   00 00 00 4c 89 ff e8 b1 78 a3 ff 49 89 c5 e9 37
0x00007f7c5ba45674:   ff ff ff 66 0f 1f 84 00 00 00 00 00 48 8b 7a 08
0x00007f7c5ba45684:   e9 6d ff ff ff 0f 1f 80 00 00 00 00 e8 5b 48 0a
0x00007f7c5ba45694:   00 84 c0 75 89 e9 6a ff ff ff 66 90 55 48 89 e5
0x00007f7c5ba456a4:   41 56 41 55 41 54 49 89 fc 53 48 89 f3 66 48 8d
0x00007f7c5ba456b4:   3d 27 5e 85 00 66 66 48 e8 df 43 8d ff 4c 8b 28
0x00007f7c5ba456c4:   8b 05 be 72 8a 00 85 c0 75 14 ba 01 00 00 00 48
0x00007f7c5ba456d4:   8d 0d ae 72 8a 00 f0 0f b1 11 85 c0 74 4e be c8
0x00007f7c5ba456e4:   00 00 00 4c 89 ef e8 01 0b 41 00 48 8d 05 12 ac
0x00007f7c5ba456f4:   85 00 49 89 d8 48 8d 0d e8 aa 53 00 ba 49 06 00
0x00007f7c5ba45704:   00 48 8d 35 3c 35 58 00 bf 00 00 00 e0 48 8b 00
0x00007f7c5ba45714:   c6 00 58 31 c0 e8 e2 91 c6 ff 5b 41 5c 41 5d 41
0x00007f7c5ba45724:   5e 5d e9 55 34 26 00 0f 1f 44 00 00 48 8d 05 81
0x00007f7c5ba45734:   a3 8b 00 48 89 df 4c 8b 30 e8 9e 43 8d ff 48 89
0x00007f7c5ba45744:   de 48 89 c2 49 8b 06 4c 89 f7 ff 50 08 4c 89 f7
0x00007f7c5ba45754:   e8 a7 5c 27 00 4d 85 e4 74 12 be 01 00 00 00 4c
0x00007f7c5ba45764:   89 e7 e8 35 43 fc ff eb 82 0f 1f 00 be 01 00 00
0x00007f7c5ba45774:   00 4c 89 ef e8 d3 fd ff ff e9 6d ff ff ff 66 66
0x00007f7c5ba45784:   2e 0f 1f 84 00 00 00 00 00 0f 1f 00 55 48 89 e5
0x00007f7c5ba45794:   41 57 41 56 41 55 41 54 53 48 81 ec 08 02 00 00
0x00007f7c5ba457a4:   64 48 8b 04 25 28 00 00 00 48 89 45 c8 8b 07 83
0x00007f7c5ba457b4:   f8 02 0f 84 11 04 00 00 4c 8b 6f 18 49 89 ff 49
0x00007f7c5ba457c4:   89 f4 4d 85 ed 74 14 4c 89 ef e8 5d 57 22 00 41
0x00007f7c5ba457d4:   8b 07 83 f8 02 0f 84 19 04 00 00 48 8d 1d 9a 06
0x00007f7c5ba457e4:   8a 00 4c 8d 35 0b 3c 58 00 eb 38 90 48 85 d2 7f
0x00007f7c5ba457f4:   0d 48 8d 05 b4 c0 85 00 48 83 38 00 7e 0e 41 8b
0x00007f7c5ba45804:   77 2c 4c 89 f7 31 c0 e8 a0 b2 f7 ff 49 8b 7f 18 


Stack slot to memory mapping:
stack at sp + 0 slots: 0x00007f7c3b4b1940 is pointing into the stack for thread: 0x00007f7c540b1c40
stack at sp + 1 slots: 0x00007f7c540b1c40 is a thread
stack at sp + 2 slots: 0x00007f7c59860888 points into unknown readable memory: 0x657300183c7affff | ff ff 7a 3c 18 00 73 65
stack at sp + 3 slots: 0x0000000800c42498 is a pointer to class: 
jdk.vm.ci.services.Services {0x0000000800c42498}
 - instance size:     2
 - klass size:        65
 - access:            public final synchronized 
 - state:             fully_initialized
 - name:              'jdk/vm/ci/services/Services'
 - super:             'java/lang/Object'
 - sub:               
 - arrays:            NULL
 - methods:           Array<T>(0x00007f7c58851500)
 - method ordering:   Array<T>(0x0000000800928960)
 - default_methods:   Array<T>(0x0000000000000000)
 - local interfaces:  Array<T>(0x00000008005ce810)
 - trans. interfaces: Array<T>(0x00000008005ce810)
 - constants:         constant pool [427] {0x00007f7c58850490} for 'jdk/vm/ci/services/Services' cache=0x00007f7c58852958
 - class loader data:  loader data: 0x00007f7c54027cc0 of 'bootstrap'
 - source file:       'Services.java'
 - class annotations:       Array<T>(0x0000000000000000)
 - class type annotations:  Array<T>(0x0000000000000000)
 - field annotations:       Array<T>(0x0000000000000000)
 - field type annotations:  Array<T>(0x0000000000000000)
 - inner classes:     Array<T>(0x00007f7c58852848)
 - nest members:     Array<T>(0x00007f7c58852868)
 - permitted subclasses:     Array<T>(0x00000008005ce7a0)
 - java mirror:       a 'java/lang/Class'{0x00000000e017c4a8} = 'jdk/vm/ci/services/Services'
 - vtable length      5  (start addr: 0x0000000800c42668)
 - itable length      2 (start addr: 0x0000000800c42690)
 - ---- static fields (3 words):
 - public static final 'IS_BUILDING_NATIVE_IMAGE' 'Z' @128 
 - public static final 'IS_IN_NATIVE_IMAGE' 'Z' @129 
 - private static volatile 'savedProperties' 'Ljava/util/Map;' @112 
 - static final 'JVMCI_ENABLED' 'Z' @130 
 - private static final 'servicesCache' 'Ljava/util/Map;' @116 
 - private static final 'MAX_UNICODE_IN_UTF8_LENGTH' 'I' @120 
 - private static final 'MAX_UTF8_PROPERTY_STRING_LENGTH' 'I' @124 
 - ---- non-static fields (0 words):
 - non-static oop maps: 
stack at sp + 4 slots: 0x00007f7c3b4b1500 is pointing into the stack for thread: 0x00007f7c540b1c40
stack at sp + 5 slots: 0x00007f7c5ba112fe: <offset 0x000000000093e2fe> in /nix/store/gpxl5qgg8kicmcvivwmybwjlpf7wh20l-graalvm17-ce-22.3.0/lib/server/libjvm.so at 0x00007f7c5b0d3000
stack at sp + 6 slots: 0x00007f7c3b4b13e0 is pointing into the stack for thread: 0x00007f7c540b1c40
stack at sp + 7 slots: 0x00007f7c3b4b1440 is pointing into the stack for thread: 0x00007f7c540b1c40


---------------  P R O C E S S  ---------------

Threads class SMR info:
_java_thread_list=0x00007f7ba0000b70, length=24, elements={
0x00007f7c54025f60, 0x00007f7c540a5f00, 0x00007f7c540a7340, 0x00007f7c540adab0,
0x00007f7c540aee60, 0x00007f7c540b0250, 0x00007f7c540b1c40, 0x00007f7c540b3150,
0x00007f7c540b45a0, 0x00007f7c540d7920, 0x00007f7c5411f2a0, 0x00007f7c54323550,
0x00007f7c54356ee0, 0x00007f7c54358f20, 0x00007f7c5435a5c0, 0x00007f7bec0170e0,
0x00007f7bec2a3240, 0x00007f7bdc0010d0, 0x00007f7bec481940, 0x00007f7bec5efcb0,
0x00007f7bd0000ff0, 0x00007f7c543f6560, 0x00007f7c544b1b50, 0x00007f7bd02f97a0
}

Java Threads: ( => current thread )
  0x00007f7c54025f60 JavaThread "main" [_thread_blocked, id=45, stack(0x00007f7c5aeee000,0x00007f7c5afee000)]
  0x00007f7c540a5f00 JavaThread "Reference Handler" daemon [_thread_blocked, id=48, stack(0x00007f7c58700000,0x00007f7c58800000)]
  0x00007f7c540a7340 JavaThread "Finalizer" daemon [_thread_blocked, id=49, stack(0x00007f7c58600000,0x00007f7c58700000)]
  0x00007f7c540adab0 JavaThread "Signal Dispatcher" daemon [_thread_blocked, id=50, stack(0x00007f7c5821a000,0x00007f7c5831a000)]
  0x00007f7c540aee60 JavaThread "Service Thread" daemon [_thread_blocked, id=51, stack(0x00007f7c5811a000,0x00007f7c5821a000)]
  0x00007f7c540b0250 JavaThread "Monitor Deflation Thread" daemon [_thread_blocked, id=52, stack(0x00007f7c5801a000,0x00007f7c5811a000)]
=>0x00007f7c540b1c40 JavaThread "JVMCI-native CompilerThread0" daemon [_thread_in_vm, id=53, stack(0x00007f7c3b2b3000,0x00007f7c3b4b3000)]
  0x00007f7c540b3150 JavaThread "C1 CompilerThread0" daemon [_thread_blocked, id=54, stack(0x00007f7c3b0b3000,0x00007f7c3b2b3000)]
  0x00007f7c540b45a0 JavaThread "Sweeper thread" daemon [_thread_blocked, id=55, stack(0x00007f7c3afb3000,0x00007f7c3b0b3000)]
  0x00007f7c540d7920 JavaThread "Common-Cleaner" daemon [_thread_blocked, id=56, stack(0x00007f7c3aeb3000,0x00007f7c3afb3000)]
  0x00007f7c5411f2a0 JavaThread "Notification Thread" daemon [_thread_blocked, id=57, stack(0x00007f7c3adb3000,0x00007f7c3aeb3000)]
  0x00007f7c54323550 JavaThread "Active Thread: Equinox Container: 0e2bb478-2dd6-4f49-a113-5fd07c391288" [_thread_blocked, id=74, stack(0x00007f7c38700000,0x00007f7c38800000)]
  0x00007f7c54356ee0 JavaThread "Framework Event Dispatcher: Equinox Container: 0e2bb478-2dd6-4f49-a113-5fd07c391288" daemon [_thread_blocked, id=85, stack(0x00007f7c38500000,0x00007f7c38600000)]
  0x00007f7c54358f20 JavaThread "Start Level: Equinox Container: 0e2bb478-2dd6-4f49-a113-5fd07c391288" daemon [_thread_blocked, id=86, stack(0x00007f7c38300000,0x00007f7c38400000)]
  0x00007f7c5435a5c0 JavaThread "Refresh Thread: Equinox Container: 0e2bb478-2dd6-4f49-a113-5fd07c391288" daemon [_thread_blocked, id=87, stack(0x00007f7c38100000,0x00007f7c38200000)]
  0x00007f7bec0170e0 JavaThread "SCR Component Actor" daemon [_thread_blocked, id=98, stack(0x00007f7c02d00000,0x00007f7c02e00000)]
  0x00007f7bec2a3240 JavaThread "Worker-JM" [_thread_blocked, id=110, stack(0x00007f7c02900000,0x00007f7c02a00000)]
  0x00007f7bdc0010d0 JavaThread "Worker-1" [_thread_blocked, id=127, stack(0x00007f7c02500000,0x00007f7c02600000)]
  0x00007f7bec481940 JavaThread "Java indexing" daemon [_thread_blocked, id=128, stack(0x00007f7c02300000,0x00007f7c02400000)]
  0x00007f7bec5efcb0 JavaThread "Bundle File Closer" daemon [_thread_blocked, id=129, stack(0x00007f7c02100000,0x00007f7c02200000)]
  0x00007f7bd0000ff0 JavaThread "Worker-2: Java indexing... " [_thread_blocked, id=140, stack(0x00007f7c01f00000,0x00007f7c02000000)]
  0x00007f7c543f6560 JavaThread "pool-3-thread-1" [_thread_blocked, id=141, stack(0x00007f7c01d00000,0x00007f7c01e00000)]
  0x00007f7c544b1b50 JavaThread "pool-2-thread-1" [_thread_blocked, id=150, stack(0x00007f7c02b00000,0x00007f7c02c00000)]
  0x00007f7bd02f97a0 JavaThread "Worker-5" [_thread_blocked, id=241, stack(0x00007f7c01700000,0x00007f7c01800000)]

Other Threads:
  0x00007f7c540a1640 VMThread "VM Thread" [stack: 0x00007f7c59007000,0x00007f7c59107000] [id=47] _threads_hazard_ptr=0x00007f7ba0000b70
  0x00007f7c54120c40 WatcherThread [stack: 0x00007f7c3acb3000,0x00007f7c3adb3000] [id=58]
  0x00007f7c5403d860 GCTaskThread "GC Thread#0" [stack: 0x00007f7c5aab1000,0x00007f7c5abb1000] [id=46]

Threads with active compile tasks:
JVMCI-native CompilerThread0  2027326 8497       4       java.util.ArrayList::indexOfRange (71 bytes)

VM state: synchronizing (normal execution)

VM Mutex/Monitor currently owned by a thread:  ([mutex/lock_event])
[0x00007f7c54023110] Threads_lock - owner thread: 0x00007f7c540a1640
[0x00007f7c540238c0] Heap_lock - owner thread: 0x00007f7bdc0010d0

OutOfMemory and StackOverflow Exception counts:
OutOfMemoryError java_heap_errors=5
LinkageErrors=66

Heap address: 0x00000000e0000000, size: 512 MB, Compressed Oops mode: 32-bit

CDS archive(s) mapped at: [0x0000000800000000-0x0000000800bc8000-0x0000000800bc8000), size 12353536, SharedBaseAddress: 0x0000000800000000, ArchiveRelocationMode: 0.
Compressed class space mapped at: 0x0000000800c00000-0x0000000840c00000, reserved size: 1073741824
Narrow klass base: 0x0000000800000000, Narrow klass shift: 0, Narrow klass range: 0x100000000

GC Precious Log:
 CPUs: 8 total, 1 available
 Memory: 1024M
 Large Page Support: Disabled
 NUMA Support: Disabled
 Compressed Oops: Enabled (32-bit)
 Alignments: Space 512K, Generation 512K, Heap 2M
 Heap Min Capacity: 100M
 Heap Initial Capacity: 100M
 Heap Max Capacity: 512M
 Pre-touch: Disabled
 Parallel Workers: 1

Heap:
 PSYoungGen      total 68608K, used 28671K [0x00000000f5580000, 0x00000000fc080000, 0x0000000100000000)
  eden space 28672K, 99% used [0x00000000f5580000,0x00000000f717fff8,0x00000000f7180000)
  from space 39936K, 0% used [0x00000000f7180000,0x00000000f7180000,0x00000000f9880000)
  to   space 19456K, 0% used [0x00000000f9880000,0x00000000f9880000,0x00000000fab80000)
 ParOldGen       total 349696K, used 349695K [0x00000000e0000000, 0x00000000f5580000, 0x00000000f5580000)
  object space 349696K, 99% used [0x00000000e0000000,0x00000000f557fff8,0x00000000f5580000)
 Metaspace       used 54919K, committed 56128K, reserved 1105920K
  class space    used 5499K, committed 6016K, reserved 1048576K

Card table byte_map: [0x00007f7c5abb1000,0x00007f7c5acb2000] _byte_map_base: 0x00007f7c5a4b1000

Marking Bits: (ParMarkBitMap*) 0x00007f7c5c3014c0
 Begin Bits: [0x00007f7c59a04000, 0x00007f7c5a204000)
 End Bits:   [0x00007f7c5a204000, 0x00007f7c5aa04000)

Polling page: 0x00007f7c5aecb000

Metaspace:

Usage:
  Non-class:     48.26 MB used.
      Class:      5.37 MB used.
       Both:     53.63 MB used.

Virtual space:
  Non-class space:       56.00 MB reserved,      48.94 MB ( 87%) committed,  7 nodes.
      Class space:        1.00 GB reserved,       5.88 MB ( <1%) committed,  1 nodes.
             Both:        1.05 GB reserved,      54.81 MB (  5%) committed. 

Chunk freelists:
   Non-Class:  2.71 MB
       Class:  2.26 MB
        Both:  4.97 MB

MaxMetaspaceSize: unlimited
CompressedClassSpaceSize: 1.00 GB
Initial GC threshold: 21.00 MB
Current GC threshold: 91.38 MB
CDS: on
MetaspaceReclaimPolicy: balanced
 - commit_granule_bytes: 65536.
 - commit_granule_words: 8192.
 - virtual_space_node_default_size: 1048576.
 - enlarge_chunks_in_place: 1.
 - new_chunks_are_fully_committed: 0.
 - uncommit_free_chunks: 1.
 - use_allocation_guard: 0.
 - handle_deallocations: 1.


Internal statistics:

num_allocs_failed_limit: 6.
num_arena_births: 478.
num_arena_deaths: 148.
num_vsnodes_births: 8.
num_vsnodes_deaths: 0.
num_space_committed: 877.
num_space_uncommitted: 0.
num_chunks_returned_to_freelist: 209.
num_chunks_taken_from_freelist: 2612.
num_chunk_merges: 88.
num_chunk_splits: 1705.
num_chunks_enlarged: 1055.
num_purges: 14.
num_inconsistent_stats: 0.

CodeHeap 'non-profiled nmethods': size=120036Kb used=2679Kb max_used=2679Kb free=117356Kb
 bounds [0x00007f7c42f7a000, 0x00007f7c4321a000, 0x00007f7c4a4b3000]
CodeHeap 'profiled nmethods': size=120032Kb used=14704Kb max_used=14704Kb free=105327Kb
 bounds [0x00007f7c3ba42000, 0x00007f7c3c8a2000, 0x00007f7c42f7a000]
CodeHeap 'non-nmethods': size=5692Kb used=1374Kb max_used=1392Kb free=4317Kb
 bounds [0x00007f7c3b4b3000, 0x00007f7c3b723000, 0x00007f7c3ba42000]
 total_blobs=7686 nmethods=6981 adapters=609
 compilation: enabled
              stopped_count=0, restarted_count=0
 full_count=0

JVMCI Events (20 events):
Event: 1457.692 Thread 0x00007f7c540b1c40 compacted oop handles in JVMCI runtime 0 from 42 to 42
Event: 1457.692 Thread 0x00007f7c540b1c40 releasing handles for JVMCI runtime 0: oop handles=42, metadata handles={total=88, live=77, blocks=35}
Event: 1457.692 Thread 0x00007f7c540b1c40 detached from JVMCI runtime 0
Event: 1530.833 Thread 0x00007f7c540b1c40 attached to JVMCI runtime 0
Event: 1530.838 Thread 0x00007f7c540b1c40 created JavaVM[8]@0x00007f7b97a9e340 for JVMCI runtime 0
Event: 1533.418 Thread 0x00007f7c540b1c40 initializing JVMCI runtime 0
Event: 1533.418 Thread 0x00007f7c540b1c40 done waiting for JavaVM references initialization in JVMCI runtime 0
Event: 1779.428 Thread 0x00007f7c540b1c40 initialized JVMCI runtime 0
Event: 1822.040 Thread 0x00007f7c540b1c40 compacted oop handles in JVMCI runtime 0 from 54 to 46
Event: 1827.990 Thread 0x00007f7c540b1c40 detaching from JVMCI runtime 0: releasing idle compiler thread (0 other threads still attached)
Event: 1827.990 Thread 0x00007f7c540b1c40 shutting down HotSpotJVMCIRuntime for JVMCI runtime 0
Event: 1827.990 Thread 0x00007f7c540b1c40 shut down JVMCI runtime 0
Event: 1827.992 Thread 0x00007f7c540b1c40 destroyed JavaVM[8]@0x00007f7b97a9e340 for JVMCI runtime 0
Event: 1827.992 Thread 0x00007f7c540b1c40 compacted oop handles in JVMCI runtime 0 from 51 to 51
Event: 1827.992 Thread 0x00007f7c540b1c40 releasing handles for JVMCI runtime 0: oop handles=51, metadata handles={total=125, live=105, blocks=35}
Event: 1827.992 Thread 0x00007f7c540b1c40 detached from JVMCI runtime 0
Event: 1911.935 Thread 0x00007f7c540b1c40 attached to JVMCI runtime 0
Event: 1911.941 Thread 0x00007f7c540b1c40 created JavaVM[9]@0x00007f7b97a9e340 for JVMCI runtime 0
Event: 1911.942 Thread 0x00007f7c540b1c40 initializing JVMCI runtime 0
Event: 1911.942 Thread 0x00007f7c540b1c40 done waiting for JavaVM references initialization in JVMCI runtime 0

Compilation events (20 events):
Event: 1373.921 Thread 0x00007f7c540b3150 nmethod 8487 0x00007f7c3c89bb10 code [0x00007f7c3c89bce0, 0x00007f7c3c89c010]
Event: 1380.605 Thread 0x00007f7c540b3150 8488       3       java.util.concurrent.ThreadPoolExecutor::workerCountOf (5 bytes)
Event: 1380.605 Thread 0x00007f7c540b3150 nmethod 8488 0x00007f7c3c89c190 code [0x00007f7c3c89c320, 0x00007f7c3c89c410]
Event: 1401.391 Thread 0x00007f7c540b1c40 8489       4       java.lang.Thread::interrupted (23 bytes)
Event: 1450.912 Thread 0x00007f7c540b1c40 nmethod 8489 0x00007f7c43216e10 code [0x00007f7c43216fa0, 0x00007f7c43217030]
Event: 1504.812 Thread 0x00007f7c540b3150 8490       3       java.util.concurrent.ScheduledThreadPoolExecutor$DelayedWorkQueue::setIndex (16 bytes)
Event: 1504.812 Thread 0x00007f7c540b3150 nmethod 8490 0x00007f7c3c89c490 code [0x00007f7c3c89c640, 0x00007f7c3c89cc10]
Event: 1524.026 Thread 0x00007f7c540b3150 8491       1       java.util.concurrent.ThreadPoolExecutor::getQueue (5 bytes)
Event: 1524.026 Thread 0x00007f7c540b3150 nmethod 8491 0x00007f7c43217110 code [0x00007f7c432172a0, 0x00007f7c43217370]
Event: 1530.833 Thread 0x00007f7c540b1c40 8492       4       java.io.UnixFileSystem::normalize (41 bytes)
Event: 1722.602 Thread 0x00007f7c540b3150 8494       3       java.util.AbstractSequentialList::iterator (5 bytes)
Event: 1744.089 Thread 0x00007f7c540b3150 nmethod 8494 0x00007f7c3c89cd10 code [0x00007f7c3c89cec0, 0x00007f7c3c89d420]
Event: 1744.090 Thread 0x00007f7c540b3150 8495       3       java.util.concurrent.locks.AbstractQueuedSynchronizer$ConditionObject::canReacquire (28 bytes)
Event: 1748.219 Thread 0x00007f7c540b3150 nmethod 8495 0x00007f7c3c89d510 code [0x00007f7c3c89d6c0, 0x00007f7c3c89da10]
Event: 1822.040 Thread 0x00007f7c540b1c40 nmethod 8492 0x00007f7c43217410 code [0x00007f7c432175a0, 0x00007f7c43217780]
Event: 1822.040 Thread 0x00007f7c540b1c40 8493       4       java.util.regex.Pattern::append (43 bytes)
Event: 1825.925 Thread 0x00007f7c540b1c40 nmethod 8493 0x00007f7c43217910 code [0x00007f7c43217aa0, 0x00007f7c43217c00]
Event: 1909.541 Thread 0x00007f7c540b3150 8496       3       java.util.Collections$SingletonMap::get (20 bytes)
Event: 1911.935 Thread 0x00007f7c540b3150 nmethod 8496 0x00007f7c3c89db90 code [0x00007f7c3c89dd60, 0x00007f7c3c89e220]
Event: 1911.935 Thread 0x00007f7c540b1c40 8497       4       java.util.ArrayList::indexOfRange (71 bytes)

GC Heap History (20 events):
Event: 2004.831 GC heap before
{Heap before GC invocations=933 (full 825):
 PSYoungGen      total 68608K, used 28671K [0x00000000f5580000, 0x00000000fc080000, 0x0000000100000000)
  eden space 28672K, 99% used [0x00000000f5580000,0x00000000f717fff8,0x00000000f7180000)
  from space 39936K, 0% used [0x00000000f7180000,0x00000000f7180000,0x00000000f9880000)
  to   space 19456K, 0% used [0x00000000f9880000,0x00000000f9880000,0x00000000fab80000)
 ParOldGen       total 349696K, used 349695K [0x00000000e0000000, 0x00000000f5580000, 0x00000000f5580000)
  object space 349696K, 99% used [0x00000000e0000000,0x00000000f557ffa8,0x00000000f5580000)
 Metaspace       used 54919K, committed 56128K, reserved 1105920K
  class space    used 5499K, committed 6016K, reserved 1048576K
}
Event: 2007.142 GC heap after
{Heap after GC invocations=933 (full 825):
 PSYoungGen      total 48128K, used 28671K [0x00000000f5580000, 0x00000000fc080000, 0x0000000100000000)
  eden space 28672K, 99% used [0x00000000f5580000,0x00000000f717fff8,0x00000000f7180000)
  from space 19456K, 0% used [0x00000000f9880000,0x00000000f9880000,0x00000000fab80000)
  to   space 39936K, 0% used [0x00000000f7180000,0x00000000f7180000,0x00000000f9880000)
 ParOldGen       total 349696K, used 349695K [0x00000000e0000000, 0x00000000f5580000, 0x00000000f5580000)
  object space 349696K, 99% used [0x00000000e0000000,0x00000000f557fe38,0x00000000f5580000)
 Metaspace       used 54919K, committed 56128K, reserved 1105920K
  class space    used 5499K, committed 6016K, reserved 1048576K
}
Event: 2007.143 GC heap before
{Heap before GC invocations=934 (full 826):
 PSYoungGen      total 48128K, used 28671K [0x00000000f5580000, 0x00000000fc080000, 0x0000000100000000)
  eden space 28672K, 99% used [0x00000000f5580000,0x00000000f717fff8,0x00000000f7180000)
  from space 19456K, 0% used [0x00000000f9880000,0x00000000f9880000,0x00000000fab80000)
  to   space 39936K, 0% used [0x00000000f7180000,0x00000000f7180000,0x00000000f9880000)
 ParOldGen       total 349696K, used 349695K [0x00000000e0000000, 0x00000000f5580000, 0x00000000f5580000)
  object space 349696K, 99% used [0x00000000e0000000,0x00000000f557fff8,0x00000000f5580000)
 Metaspace       used 54919K, committed 56128K, reserved 1105920K
  class space    used 5499K, committed 6016K, reserved 1048576K
}
Event: 2009.405 GC heap after
{Heap after GC invocations=934 (full 826):
 PSYoungGen      total 68608K, used 28671K [0x00000000f5580000, 0x00000000fc080000, 0x0000000100000000)
  eden space 28672K, 99% used [0x00000000f5580000,0x00000000f717ffc8,0x00000000f7180000)
  from space 39936K, 0% used [0x00000000f7180000,0x00000000f7180000,0x00000000f9880000)
  to   space 19456K, 0% used [0x00000000f9880000,0x00000000f9880000,0x00000000fab80000)
 ParOldGen       total 349696K, used 349695K [0x00000000e0000000, 0x00000000f5580000, 0x00000000f5580000)
  object space 349696K, 99% used [0x00000000e0000000,0x00000000f557ff98,0x00000000f5580000)
 Metaspace       used 54919K, committed 56128K, reserved 1105920K
  class space    used 5499K, committed 6016K, reserved 1048576K
}
Event: 2009.406 GC heap before
{Heap before GC invocations=935 (full 827):
 PSYoungGen      total 68608K, used 28671K [0x00000000f5580000, 0x00000000fc080000, 0x0000000100000000)
  eden space 28672K, 99% used [0x00000000f5580000,0x00000000f717ffe0,0x00000000f7180000)
  from space 39936K, 0% used [0x00000000f7180000,0x00000000f7180000,0x00000000f9880000)
  to   space 19456K, 0% used [0x00000000f9880000,0x00000000f9880000,0x00000000fab80000)
 ParOldGen       total 349696K, used 349695K [0x00000000e0000000, 0x00000000f5580000, 0x00000000f5580000)
  object space 349696K, 99% used [0x00000000e0000000,0x00000000f557ff98,0x00000000f5580000)
 Metaspace       used 54919K, committed 56128K, reserved 1105920K
  class space    used 5499K, committed 6016K, reserved 1048576K
}
Event: 2011.639 GC heap after
{Heap after GC invocations=935 (full 827):
 PSYoungGen      total 48128K, used 28671K [0x00000000f5580000, 0x00000000fc080000, 0x0000000100000000)
  eden space 28672K, 99% used [0x00000000f5580000,0x00000000f717ffe0,0x00000000f7180000)
  from space 19456K, 0% used [0x00000000f9880000,0x00000000f9880000,0x00000000fab80000)
  to   space 39936K, 0% used [0x00000000f7180000,0x00000000f7180000,0x00000000f9880000)
 ParOldGen       total 349696K, used 349695K [0x00000000e0000000, 0x00000000f5580000, 0x00000000f5580000)
  object space 349696K, 99% used [0x00000000e0000000,0x00000000f557ff98,0x00000000f5580000)
 Metaspace       used 54919K, committed 56128K, reserved 1105920K
  class space    used 5499K, committed 6016K, reserved 1048576K
}
Event: 2011.640 GC heap before
{Heap before GC invocations=936 (full 828):
 PSYoungGen      total 48128K, used 28671K [0x00000000f5580000, 0x00000000fc080000, 0x0000000100000000)
  eden space 28672K, 99% used [0x00000000f5580000,0x00000000f717fff8,0x00000000f7180000)
  from space 19456K, 0% used [0x00000000f9880000,0x00000000f9880000,0x00000000fab80000)
  to   space 39936K, 0% used [0x00000000f7180000,0x00000000f7180000,0x00000000f9880000)
 ParOldGen       total 349696K, used 349695K [0x00000000e0000000, 0x00000000f5580000, 0x00000000f5580000)
  object space 349696K, 99% used [0x00000000e0000000,0x00000000f557fff8,0x00000000f5580000)
 Metaspace       used 54919K, committed 56128K, reserved 1105920K
  class space    used 5499K, committed 6016K, reserved 1048576K
}
Event: 2013.929 GC heap after
{Heap after GC invocations=936 (full 828):
 PSYoungGen      total 68608K, used 28671K [0x00000000f5580000, 0x00000000fc080000, 0x0000000100000000)
  eden space 28672K, 99% used [0x00000000f5580000,0x00000000f717fff8,0x00000000f7180000)
  from space 39936K, 0% used [0x00000000f7180000,0x00000000f7180000,0x00000000f9880000)
  to   space 19456K, 0% used [0x00000000f9880000,0x00000000f9880000,0x00000000fab80000)
 ParOldGen       total 349696K, used 349695K [0x00000000e0000000, 0x00000000f5580000, 0x00000000f5580000)
  object space 349696K, 99% used [0x00000000e0000000,0x00000000f557ffc8,0x00000000f5580000)
 Metaspace       used 54919K, committed 56128K, reserved 1105920K
  class space    used 5499K, committed 6016K, reserved 1048576K
}
Event: 2013.929 GC heap before
{Heap before GC invocations=937 (full 829):
 PSYoungGen      total 68608K, used 28671K [0x00000000f5580000, 0x00000000fc080000, 0x0000000100000000)
  eden space 28672K, 99% used [0x00000000f5580000,0x00000000f717fff8,0x00000000f7180000)
  from space 39936K, 0% used [0x00000000f7180000,0x00000000f7180000,0x00000000f9880000)
  to   space 19456K, 0% used [0x00000000f9880000,0x00000000f9880000,0x00000000fab80000)
 ParOldGen       total 349696K, used 349695K [0x00000000e0000000, 0x00000000f5580000, 0x00000000f5580000)
  object space 349696K, 99% used [0x00000000e0000000,0x00000000f557ffe0,0x00000000f5580000)
 Metaspace       used 54919K, committed 56128K, reserved 1105920K
  class space    used 5499K, committed 6016K, reserved 1048576K
}
Event: 2016.221 GC heap after
{Heap after GC invocations=937 (full 829):
 PSYoungGen      total 48128K, used 28671K [0x00000000f5580000, 0x00000000fc080000, 0x0000000100000000)
  eden space 28672K, 99% used [0x00000000f5580000,0x00000000f717fff8,0x00000000f7180000)
  from space 19456K, 0% used [0x00000000f9880000,0x00000000f9880000,0x00000000fab80000)
  to   space 39936K, 0% used [0x00000000f7180000,0x00000000f7180000,0x00000000f9880000)
 ParOldGen       total 349696K, used 349695K [0x00000000e0000000, 0x00000000f5580000, 0x00000000f5580000)
  object space 349696K, 99% used [0x00000000e0000000,0x00000000f557ffe0,0x00000000f5580000)
 Metaspace       used 54919K, committed 56128K, reserved 1105920K
  class space    used 5499K, committed 6016K, reserved 1048576K
}
Event: 2016.221 GC heap before
{Heap before GC invocations=938 (full 830):
 PSYoungGen      total 48128K, used 28671K [0x00000000f5580000, 0x00000000fc080000, 0x0000000100000000)
  eden space 28672K, 99% used [0x00000000f5580000,0x00000000f717fff8,0x00000000f7180000)
  from space 19456K, 0% used [0x00000000f9880000,0x00000000f9880000,0x00000000fab80000)
  to   space 39936K, 0% used [0x00000000f7180000,0x00000000f7180000,0x00000000f9880000)
 ParOldGen       total 349696K, used 349695K [0x00000000e0000000, 0x00000000f5580000, 0x00000000f5580000)
  object space 349696K, 99% used [0x00000000e0000000,0x00000000f557ffe0,0x00000000f5580000)
 Metaspace       used 54919K, committed 56128K, reserved 1105920K
  class space    used 5499K, committed 6016K, reserved 1048576K
}
Event: 2018.333 GC heap after
{Heap after GC invocations=938 (full 830):
 PSYoungGen      total 68608K, used 28671K [0x00000000f5580000, 0x00000000fc080000, 0x0000000100000000)
  eden space 28672K, 99% used [0x00000000f5580000,0x00000000f717fff8,0x00000000f7180000)
  from space 39936K, 0% used [0x00000000f7180000,0x00000000f7180000,0x00000000f9880000)
  to   space 19456K, 0% used [0x00000000f9880000,0x00000000f9880000,0x00000000fab80000)
 ParOldGen       total 349696K, used 349695K [0x00000000e0000000, 0x00000000f5580000, 0x00000000f5580000)
  object space 349696K, 99% used [0x00000000e0000000,0x00000000f557ffe0,0x00000000f5580000)
 Metaspace       used 54919K, committed 56128K, reserved 1105920K
  class space    used 5499K, committed 6016K, reserved 1048576K
}
Event: 2018.334 GC heap before
{Heap before GC invocations=939 (full 831):
 PSYoungGen      total 68608K, used 28671K [0x00000000f5580000, 0x00000000fc080000, 0x0000000100000000)
  eden space 28672K, 99% used [0x00000000f5580000,0x00000000f717fff8,0x00000000f7180000)
  from space 39936K, 0% used [0x00000000f7180000,0x00000000f7180000,0x00000000f9880000)
  to   space 19456K, 0% used [0x00000000f9880000,0x00000000f9880000,0x00000000fab80000)
 ParOldGen       total 349696K, used 349695K [0x00000000e0000000, 0x00000000f5580000, 0x00000000f5580000)
  object space 349696K, 99% used [0x00000000e0000000,0x00000000f557fff8,0x00000000f5580000)
 Metaspace       used 54919K, committed 56128K, reserved 1105920K
  class space    used 5499K, committed 6016K, reserved 1048576K
}
Event: 2020.591 GC heap after
{Heap after GC invocations=939 (full 831):
 PSYoungGen      total 48128K, used 28671K [0x00000000f5580000, 0x00000000fc080000, 0x0000000100000000)
  eden space 28672K, 99% used [0x00000000f5580000,0x00000000f717fff8,0x00000000f7180000)
  from space 19456K, 0% used [0x00000000f9880000,0x00000000f9880000,0x00000000fab80000)
  to   space 39936K, 0% used [0x00000000f7180000,0x00000000f7180000,0x00000000f9880000)
 ParOldGen       total 349696K, used 349695K [0x00000000e0000000, 0x00000000f5580000, 0x00000000f5580000)
  object space 349696K, 99% used [0x00000000e0000000,0x00000000f557fff8,0x00000000f5580000)
 Metaspace       used 54919K, committed 56128K, reserved 1105920K
  class space    used 5499K, committed 6016K, reserved 1048576K
}
Event: 2020.591 GC heap before
{Heap before GC invocations=940 (full 832):
 PSYoungGen      total 48128K, used 28671K [0x00000000f5580000, 0x00000000fc080000, 0x0000000100000000)
  eden space 28672K, 99% used [0x00000000f5580000,0x00000000f717fff8,0x00000000f7180000)
  from space 19456K, 0% used [0x00000000f9880000,0x00000000f9880000,0x00000000fab80000)
  to   space 39936K, 0% used [0x00000000f7180000,0x00000000f7180000,0x00000000f9880000)
 ParOldGen       total 349696K, used 349695K [0x00000000e0000000, 0x00000000f5580000, 0x00000000f5580000)
  object space 349696K, 99% used [0x00000000e0000000,0x00000000f557fff8,0x00000000f5580000)
 Metaspace       used 54919K, committed 56128K, reserved 1105920K
  class space    used 5499K, committed 6016K, reserved 1048576K
}
Event: 2022.801 GC heap after
{Heap after GC invocations=940 (full 832):
 PSYoungGen      total 68608K, used 28671K [0x00000000f5580000, 0x00000000fc080000, 0x0000000100000000)
  eden space 28672K, 99% used [0x00000000f5580000,0x00000000f717fff8,0x00000000f7180000)
  from space 39936K, 0% used [0x00000000f7180000,0x00000000f7180000,0x00000000f9880000)
  to   space 19456K, 0% used [0x00000000f9880000,0x00000000f9880000,0x00000000fab80000)
 ParOldGen       total 349696K, used 349695K [0x00000000e0000000, 0x00000000f5580000, 0x00000000f5580000)
  object space 349696K, 99% used [0x00000000e0000000,0x00000000f557fff8,0x00000000f5580000)
 Metaspace       used 54919K, committed 56128K, reserved 1105920K
  class space    used 5499K, committed 6016K, reserved 1048576K
}
Event: 2022.803 GC heap before
{Heap before GC invocations=941 (full 833):
 PSYoungGen      total 68608K, used 28671K [0x00000000f5580000, 0x00000000fc080000, 0x0000000100000000)
  eden space 28672K, 99% used [0x00000000f5580000,0x00000000f717fff8,0x00000000f7180000)
  from space 39936K, 0% used [0x00000000f7180000,0x00000000f7180000,0x00000000f9880000)
  to   space 19456K, 0% used [0x00000000f9880000,0x00000000f9880000,0x00000000fab80000)
 ParOldGen       total 349696K, used 349695K [0x00000000e0000000, 0x00000000f5580000, 0x00000000f5580000)
  object space 349696K, 99% used [0x00000000e0000000,0x00000000f557fff8,0x00000000f5580000)
 Metaspace       used 54919K, committed 56128K, reserved 1105920K
  class space    used 5499K, committed 6016K, reserved 1048576K
}
Event: 2025.204 GC heap after
{Heap after GC invocations=941 (full 833):
 PSYoungGen      total 48128K, used 28671K [0x00000000f5580000, 0x00000000fc080000, 0x0000000100000000)
  eden space 28672K, 99% used [0x00000000f5580000,0x00000000f717fff8,0x00000000f7180000)
  from space 19456K, 0% used [0x00000000f9880000,0x00000000f9880000,0x00000000fab80000)
  to   space 39936K, 0% used [0x00000000f7180000,0x00000000f7180000,0x00000000f9880000)
 ParOldGen       total 349696K, used 349695K [0x00000000e0000000, 0x00000000f5580000, 0x00000000f5580000)
  object space 349696K, 99% used [0x00000000e0000000,0x00000000f557fff8,0x00000000f5580000)
 Metaspace       used 54919K, committed 56128K, reserved 1105920K
  class space    used 5499K, committed 6016K, reserved 1048576K
}
Event: 2025.204 GC heap before
{Heap before GC invocations=942 (full 834):
 PSYoungGen      total 48128K, used 28671K [0x00000000f5580000, 0x00000000fc080000, 0x0000000100000000)
  eden space 28672K, 99% used [0x00000000f5580000,0x00000000f717fff8,0x00000000f7180000)
  from space 19456K, 0% used [0x00000000f9880000,0x00000000f9880000,0x00000000fab80000)
  to   space 39936K, 0% used [0x00000000f7180000,0x00000000f7180000,0x00000000f9880000)
 ParOldGen       total 349696K, used 349695K [0x00000000e0000000, 0x00000000f5580000, 0x00000000f5580000)
  object space 349696K, 99% used [0x00000000e0000000,0x00000000f557fff8,0x00000000f5580000)
 Metaspace       used 54919K, committed 56128K, reserved 1105920K
  class space    used 5499K, committed 6016K, reserved 1048576K
}
Event: 2027.243 GC heap after
{Heap after GC invocations=942 (full 834):
 PSYoungGen      total 68608K, used 28671K [0x00000000f5580000, 0x00000000fc080000, 0x0000000100000000)
  eden space 28672K, 99% used [0x00000000f5580000,0x00000000f717fff8,0x00000000f7180000)
  from space 39936K, 0% used [0x00000000f7180000,0x00000000f7180000,0x00000000f9880000)
  to   space 19456K, 0% used [0x00000000f9880000,0x00000000f9880000,0x00000000fab80000)
 ParOldGen       total 349696K, used 349695K [0x00000000e0000000, 0x00000000f5580000, 0x00000000f5580000)
  object space 349696K, 99% used [0x00000000e0000000,0x00000000f557fff8,0x00000000f5580000)
 Metaspace       used 54919K, committed 56128K, reserved 1105920K
  class space    used 5499K, committed 6016K, reserved 1048576K
}

Dll operation events (9 events):
Event: 0.011 Loaded shared library /nix/store/gpxl5qgg8kicmcvivwmybwjlpf7wh20l-graalvm17-ce-22.3.0/lib/libjava.so
Event: 0.047 Loaded shared library /nix/store/gpxl5qgg8kicmcvivwmybwjlpf7wh20l-graalvm17-ce-22.3.0/lib/libjsvml.so
Event: 0.505 Loaded shared library /nix/store/gpxl5qgg8kicmcvivwmybwjlpf7wh20l-graalvm17-ce-22.3.0/lib/libnio.so
Event: 0.515 Loaded shared library /nix/store/gpxl5qgg8kicmcvivwmybwjlpf7wh20l-graalvm17-ce-22.3.0/lib/libzip.so
Event: 0.522 Loaded shared library /nix/store/gpxl5qgg8kicmcvivwmybwjlpf7wh20l-graalvm17-ce-22.3.0/lib/libjvmcicompiler.so
Event: 1.004 Loaded shared library /nix/store/gpxl5qgg8kicmcvivwmybwjlpf7wh20l-graalvm17-ce-22.3.0/lib/libjimage.so
Event: 1.641 Loaded shared library /nix/store/gpxl5qgg8kicmcvivwmybwjlpf7wh20l-graalvm17-ce-22.3.0/lib/libnet.so
Event: 6.889 Loaded shared library /home/runner/.cache/jdt-language-server/config/org.eclipse.equinox.launcher/org.eclipse.equinox.launcher.gtk.linux.x86_64_1.2.400.v20211117-0650/eclipse_11600.so
Event: 19.845 Loaded shared library /nix/store/gpxl5qgg8kicmcvivwmybwjlpf7wh20l-graalvm17-ce-22.3.0/lib/libextnet.so

Deoptimization events (20 events):
Event: 1151.032 Thread 0x00007f7c544b1b50 DEOPT PACKING pc=0x00007f7c4315aebf sp=0x00007f7c02bfd3b0
Event: 1151.032 Thread 0x00007f7c544b1b50 DEOPT UNPACKING pc=0x00007f7c3b505325 sp=0x00007f7c02bfc7a0 mode 3
Event: 1909.541 Thread 0x00007f7c544b1b50 DEOPT PACKING pc=0x00007f7c3c5e0651 sp=0x00007f7c02bfcc30
Event: 1909.541 Thread 0x00007f7c544b1b50 DEOPT UNPACKING pc=0x00007f7c3b505325 sp=0x00007f7c02bfc0d8 mode 0
Event: 1984.900 Thread 0x00007f7bec481940 Uncommon trap: trap_request=0xffffff8f fr.pc=0x00007f7c4320af29 relative=0x0000000000001069
Event: 1984.900 Thread 0x00007f7bec481940 Uncommon trap: reason=constraint action=none pc=0x00007f7c4320af29 method=org.eclipse.jdt.internal.core.index.DiskIndex.copyQueryResults(Lorg/eclipse/jdt/internal/compiler/util/HashtableOfObject;I)V @ 123 jvmci
Event: 1984.900 Thread 0x00007f7bec481940 DEOPT PACKING pc=0x00007f7c4320af29 sp=0x00007f7c023fe550
Event: 1984.900 Thread 0x00007f7bec481940 DEOPT UNPACKING pc=0x00007f7c3b505325 sp=0x00007f7c023fda28 mode 3
Event: 2002.079 Thread 0x00007f7bec481940 Uncommon trap: trap_request=0xffffff8f fr.pc=0x00007f7c431fe214 relative=0x0000000000000274
Event: 2002.079 Thread 0x00007f7bec481940 Uncommon trap: reason=constraint action=none pc=0x00007f7c431fe214 method=org.eclipse.jdt.internal.core.index.DiskIndex$IntList.add(I)V @ 0 jvmci
Event: 2002.079 Thread 0x00007f7bec481940 DEOPT PACKING pc=0x00007f7c431fe214 sp=0x00007f7c023fe520
Event: 2002.079 Thread 0x00007f7bec481940 DEOPT UNPACKING pc=0x00007f7c3b505325 sp=0x00007f7c023fd9c0 mode 3
Event: 2018.333 Thread 0x00007f7c544b1b50 Uncommon trap: trap_request=0xffffff8f fr.pc=0x00007f7c42fa1c14 relative=0x0000000000000274
Event: 2018.333 Thread 0x00007f7c544b1b50 Uncommon trap: reason=constraint action=none pc=0x00007f7c42fa1c14 method=java.lang.StringLatin1.newString([BII)Ljava/lang/String; @ 0 jvmci
Event: 2018.333 Thread 0x00007f7c544b1b50 DEOPT PACKING pc=0x00007f7c42fa1c14 sp=0x00007f7c02bfc440
Event: 2018.333 Thread 0x00007f7c544b1b50 DEOPT UNPACKING pc=0x00007f7c3b505325 sp=0x00007f7c02bfb8d0 mode 3
Event: 2022.801 Thread 0x00007f7c544b1b50 Uncommon trap: trap_request=0xffffff8f fr.pc=0x00007f7c42f96c98 relative=0x00000000000001f8
Event: 2022.801 Thread 0x00007f7c544b1b50 Uncommon trap: reason=constraint action=none pc=0x00007f7c42f96c98 method=java.util.Arrays.copyOfRange([BII)[B @ 0 jvmci
Event: 2027.243 Thread 0x00007f7c544b1b50 DEOPT PACKING pc=0x00007f7c42f96c98 sp=0x00007f7c02bfc3a0
Event: 2027.243 Thread 0x00007f7c544b1b50 DEOPT UNPACKING pc=0x00007f7c3b505325 sp=0x00007f7c02bfb838 mode 3

Classes unloaded (20 events):
Event: 202.458 Thread 0x00007f7c540a1640 Unloading class 0x0000000801127000 'jdk/internal/reflect/GeneratedSerializationConstructorAccessor18'
Event: 202.458 Thread 0x00007f7c540a1640 Unloading class 0x0000000801126c00 'jdk/internal/reflect/GeneratedSerializationConstructorAccessor17'
Event: 202.458 Thread 0x00007f7c540a1640 Unloading class 0x0000000801126800 'jdk/internal/reflect/GeneratedSerializationConstructorAccessor16'
Event: 202.458 Thread 0x00007f7c540a1640 Unloading class 0x0000000801126400 'jdk/internal/reflect/GeneratedSerializationConstructorAccessor15'
Event: 202.458 Thread 0x00007f7c540a1640 Unloading class 0x0000000801125400 'jdk/internal/reflect/GeneratedSerializationConstructorAccessor14'
Event: 202.458 Thread 0x00007f7c540a1640 Unloading class 0x0000000801125000 'jdk/internal/reflect/GeneratedSerializationConstructorAccessor13'
Event: 202.458 Thread 0x00007f7c540a1640 Unloading class 0x0000000801124c00 'jdk/internal/reflect/GeneratedSerializationConstructorAccessor12'
Event: 202.458 Thread 0x00007f7c540a1640 Unloading class 0x0000000801124800 'jdk/internal/reflect/GeneratedMethodAccessor12'
Event: 202.458 Thread 0x00007f7c540a1640 Unloading class 0x0000000801124400 'jdk/internal/reflect/GeneratedMethodAccessor11'
Event: 202.458 Thread 0x00007f7c540a1640 Unloading class 0x0000000801124000 'jdk/internal/reflect/GeneratedSerializationConstructorAccessor11'
Event: 202.458 Thread 0x00007f7c540a1640 Unloading class 0x0000000801122c00 'jdk/internal/reflect/GeneratedSerializationConstructorAccessor10'
Event: 202.458 Thread 0x00007f7c540a1640 Unloading class 0x0000000801122800 'jdk/internal/reflect/GeneratedSerializationConstructorAccessor9'
Event: 202.458 Thread 0x00007f7c540a1640 Unloading class 0x0000000801122400 'jdk/internal/reflect/GeneratedSerializationConstructorAccessor8'
Event: 202.458 Thread 0x00007f7c540a1640 Unloading class 0x0000000801122000 'jdk/internal/reflect/GeneratedConstructorAccessor37'
Event: 202.458 Thread 0x00007f7c540a1640 Unloading class 0x00000008010ecc00 'jdk/internal/reflect/GeneratedMethodAccessor10'
Event: 202.458 Thread 0x00007f7c540a1640 Unloading class 0x00000008010ec800 'jdk/internal/reflect/GeneratedMethodAccessor9'
Event: 202.458 Thread 0x00007f7c540a1640 Unloading class 0x00000008010ec400 'jdk/internal/reflect/GeneratedMethodAccessor8'
Event: 202.458 Thread 0x00007f7c540a1640 Unloading class 0x00000008010ec000 'jdk/internal/reflect/GeneratedMethodAccessor7'
Event: 202.458 Thread 0x00007f7c540a1640 Unloading class 0x000000080108a400 'jdk/internal/reflect/GeneratedSerializationConstructorAccessor2'
Event: 202.458 Thread 0x00007f7c540a1640 Unloading class 0x000000080108a000 'jdk/internal/reflect/GeneratedSerializationConstructorAccessor1'

Classes redefined (0 events):
No events

Internal exceptions (20 events):
Event: 56.308 Thread 0x00007f7bcc001130 Exception <a 'java/lang/NoSuchMethodError'{0x00000000f580b2d8}: 'java.lang.Object java.lang.invoke.Invokers$Holder.linkToTargetMethod(java.lang.Object, java.lang.Object, long, java.lang.Object)'> (0x00000000f580b2d8) 
thrown [src/hotspot/share/interpreter/linkResolver.cpp, line 758]
Event: 56.398 Thread 0x00007f7bcc001130 Exception <a 'java/io/FileNotFoundException'{0x00000000f5a88858}> (0x00000000f5a88858) 
thrown [src/hotspot/share/prims/jni.cpp, line 516]
Event: 56.411 Thread 0x00007f7bcc001130 Exception <a 'java/lang/NoSuchMethodError'{0x00000000f5b647c0}: 'java.lang.Object java.lang.invoke.DirectMethodHandle$Holder.newInvokeSpecial(java.lang.Object, java.lang.Object, int, java.lang.Object, java.lang.Object)'> (0x00000000f5b647c0) 
thrown [src/hotspot/share/interpreter/linkResolver.cpp, line 758]
Event: 56.411 Thread 0x00007f7bcc001130 Exception <a 'java/lang/NoSuchMethodError'{0x00000000f5b68e50}: 'java.lang.Object java.lang.invoke.DirectMethodHandle$Holder.invokeSpecial(java.lang.Object, java.lang.Object, java.lang.Object, int, java.lang.Object, java.lang.Object)'> (0x00000000f5b68e50) 
thrown [src/hotspot/share/interpreter/linkResolver.cpp, line 758]
Event: 56.594 Thread 0x00007f7bcc001130 Implicit null exception at 0x00007f7c431550b3 to 0x00007f7c4315534d
Event: 56.743 Thread 0x00007f7bcc001130 Exception <a 'java/lang/NoSuchMethodError'{0x00000000f5851c90}: 'java.lang.Object java.lang.invoke.DirectMethodHandle$Holder.newInvokeSpecial(java.lang.Object, java.lang.Object, java.lang.Object, int, java.lang.Object)'> (0x00000000f5851c90) 
thrown [src/hotspot/share/interpreter/linkResolver.cpp, line 758]
Event: 56.743 Thread 0x00007f7bcc001130 Exception <a 'java/lang/NoSuchMethodError'{0x00000000f5855e40}: 'java.lang.Object java.lang.invoke.DirectMethodHandle$Holder.invokeSpecial(java.lang.Object, java.lang.Object, java.lang.Object, java.lang.Object, int, java.lang.Object)'> (0x00000000f5855e40) 
thrown [src/hotspot/share/interpreter/linkResolver.cpp, line 758]
Event: 56.743 Thread 0x00007f7bcc001130 Exception <a 'java/lang/NoSuchMethodError'{0x00000000f5859ba0}: 'java.lang.Object java.lang.invoke.Invokers$Holder.linkToTargetMethod(java.lang.Object, java.lang.Object, int, java.lang.Object, java.lang.Object)'> (0x00000000f5859ba0) 
thrown [src/hotspot/share/interpreter/linkResolver.cpp, line 758]
Event: 58.091 Thread 0x00007f7bd02f97a0 Implicit null exception at 0x00007f7c43171c22 to 0x00007f7c43171fb2
Event: 58.740 Thread 0x00007f7bd02f97a0 Implicit null exception at 0x00007f7c430d0b69 to 0x00007f7c430d0d1b
Event: 68.210 Thread 0x00007f7bec481940 Implicit null exception at 0x00007f7c43189235 to 0x00007f7c43189761
Event: 1984.900 Thread 0x00007f7bec481940 Exception <a 'java/lang/OutOfMemoryError'{0x00000000e0010e40}> (0x00000000e0010e40) 
thrown [src/hotspot/share/gc/shared/memAllocator.cpp, line 138]
Event: 1984.900 Thread 0x00007f7bec481940 Implicit null exception at 0x00007f7c4320a973 to 0x00007f7c4320af0e
Event: 2002.079 Thread 0x00007f7bec481940 Exception <a 'java/lang/OutOfMemoryError'{0x00000000e00108a0}> (0x00000000e00108a0) 
thrown [src/hotspot/share/gc/shared/memAllocator.cpp, line 138]
Event: 2002.079 Thread 0x00007f7bec481940 Implicit null exception at 0x00007f7c431fe16d to 0x00007f7c431fe1f9
Event: 2018.333 Thread 0x00007f7c544b1b50 Exception <a 'java/lang/OutOfMemoryError'{0x00000000e0010300}> (0x00000000e0010300) 
thrown [src/hotspot/share/gc/shared/memAllocator.cpp, line 138]
Event: 2018.333 Thread 0x00007f7c544b1b50 Implicit null exception at 0x00007f7c42fa1b2f to 0x00007f7c42fa1bf9
Event: 2022.801 Thread 0x00007f7c544b1b50 Exception <a 'java/lang/OutOfMemoryError'{0x00000000e0010300}> (0x00000000e0010300) 
thrown [src/hotspot/share/gc/shared/memAllocator.cpp, line 138]
Event: 2022.801 Thread 0x00007f7c544b1b50 Implicit null exception at 0x00007f7c42f96beb to 0x00007f7c42f96c7d
Event: 2027.243 Thread 0x00007f7c540b1c40 Exception <a 'java/lang/OutOfMemoryError'{0x00000000e0010620}> (0x00000000e0010620) 
thrown [src/hotspot/share/gc/shared/memAllocator.cpp, line 136]

VM Operations (20 events):
Event: 1995.851 Executing VM operation: ParallelGCFailedAllocation done
Event: 1995.851 Executing VM operation: ParallelGCFailedAllocation
Event: 2002.064 Executing VM operation: ParallelGCFailedAllocation done
Event: 2002.079 Executing VM operation: ParallelGCFailedAllocation
Event: 2004.830 Executing VM operation: ParallelGCFailedAllocation done
Event: 2004.831 Executing VM operation: ParallelGCFailedAllocation
Event: 2007.142 Executing VM operation: ParallelGCFailedAllocation done
Event: 2007.143 Executing VM operation: ParallelGCFailedAllocation
Event: 2009.405 Executing VM operation: ParallelGCFailedAllocation done
Event: 2009.406 Executing VM operation: ParallelGCFailedAllocation
Event: 2011.639 Executing VM operation: ParallelGCFailedAllocation done
Event: 2011.640 Executing VM operation: ParallelGCFailedAllocation
Event: 2013.929 Executing VM operation: ParallelGCFailedAllocation done
Event: 2013.929 Executing VM operation: ParallelGCFailedAllocation
Event: 2018.333 Executing VM operation: ParallelGCFailedAllocation done
Event: 2018.333 Executing VM operation: ParallelGCFailedAllocation
Event: 2022.801 Executing VM operation: ParallelGCFailedAllocation done
Event: 2022.801 Executing VM operation: ParallelGCFailedAllocation
Event: 2027.243 Executing VM operation: ParallelGCFailedAllocation done
Event: 2027.244 Executing VM operation: ParallelGCFailedAllocation

Events (20 events):
Event: 58.741 loading class java/nio/channels/AsynchronousCloseException
Event: 58.741 loading class java/nio/channels/ClosedChannelException
Event: 58.741 loading class java/nio/channels/ClosedChannelException done
Event: 58.741 loading class java/nio/channels/AsynchronousCloseException done
Event: 58.741 loading class java/nio/channels/ClosedByInterruptException done
Event: 61.827 Thread 0x00007f7c54216910 Thread exited: 0x00007f7c54216910
Event: 61.846 loading class org/xml/sax/SAXException
Event: 61.847 loading class org/xml/sax/SAXException done
Event: 61.858 loading class com/sun/org/apache/xerces/internal/xni/XNIException
Event: 61.858 loading class com/sun/org/apache/xerces/internal/xni/XNIException done
Event: 61.858 loading class com/sun/org/apache/xerces/internal/xni/parser/XMLParseException
Event: 61.859 loading class com/sun/org/apache/xerces/internal/xni/parser/XMLParseException done
Event: 107.135 Thread 0x00007f7ba80032a0 Thread exited: 0x00007f7ba80032a0
Event: 109.298 Thread 0x00007f7bc4420fd0 Thread exited: 0x00007f7bc4420fd0
Event: 122.909 Thread 0x00007f7bec305800 Thread exited: 0x00007f7bec305800
Event: 122.909 Thread 0x00007f7bc4000ff0 Thread exited: 0x00007f7bc4000ff0
Event: 122.909 Thread 0x00007f7bcc001130 Thread exited: 0x00007f7bcc001130
Event: 426.799 Thread 0x00007f7bc4371330 Thread exited: 0x00007f7bc4371330
Event: 429.234 Thread 0x00007f7ba8001dd0 Thread exited: 0x00007f7ba8001dd0
Event: 457.512 Thread 0x00007f7bc441cbd0 Thread exited: 0x00007f7bc441cbd0


Dynamic libraries:
e0000000-f3a80000 rw-p 00000000 00:00 0 
f3a80000-fc080000 rw-p 00000000 00:00 0 
fc080000-100000000 ---p 00000000 00:00 0 
800000000-800449000 rw-p 00001000 00:dca 4611686019135357769             /nix/store/gpxl5qgg8kicmcvivwmybwjlpf7wh20l-graalvm17-ce-22.3.0/lib/server/classes.jsa
800449000-800bc8000 r--p 0044a000 00:dca 4611686019135357769             /nix/store/gpxl5qgg8kicmcvivwmybwjlpf7wh20l-graalvm17-ce-22.3.0/lib/server/classes.jsa
800bc8000-800c00000 ---p 00000000 00:00 0 
800c00000-800c10000 rw-p 00000000 00:00 0 
800c10000-800c30000 rw-p 00000000 00:00 0 
800c30000-800cb0000 rw-p 00000000 00:00 0 
800cb0000-800cf0000 rw-p 00000000 00:00 0 
800cf0000-800db0000 rw-p 00000000 00:00 0 
800db0000-800df0000 rw-p 00000000 00:00 0 
800df0000-800f30000 rw-p 00000000 00:00 0 
800f30000-800fb0000 rw-p 00000000 00:00 0 
800fb0000-800ff0000 rw-p 00000000 00:00 0 
800ff0000-8011e0000 rw-p 00000000 00:00 0 
8011e0000-840c00000 ---p 00000000 00:00 0 
55990c011000-55990c012000 r-xp 00000000 00:dca 4611686019099417844       /nix/store/gpxl5qgg8kicmcvivwmybwjlpf7wh20l-graalvm17-ce-22.3.0/bin/.java-wrapped
55990c013000-55990c014000 r--p 00001000 00:dca 4611686019099417844       /nix/store/gpxl5qgg8kicmcvivwmybwjlpf7wh20l-graalvm17-ce-22.3.0/bin/.java-wrapped
55990c014000-55990c015000 rw-p 00002000 00:dca 4611686019099417844       /nix/store/gpxl5qgg8kicmcvivwmybwjlpf7wh20l-graalvm17-ce-22.3.0/bin/.java-wrapped
55990c015000-55990c016000 rw-p 00004000 00:dca 4611686019099417844       /nix/store/gpxl5qgg8kicmcvivwmybwjlpf7wh20l-graalvm17-ce-22.3.0/bin/.java-wrapped
55990c016000-55990c017000 rw-p 00005000 00:dca 4611686019099417844       /nix/store/gpxl5qgg8kicmcvivwmybwjlpf7wh20l-graalvm17-ce-22.3.0/bin/.java-wrapped
55990d398000-55990d3e0000 rw-p 00000000 00:00 0                          [heap]
7f7b90000000-7f7b90021000 rw-p 00000000 00:00 0 
7f7b90021000-7f7b94000000 ---p 00000000 00:00 0 
7f7b96e00000-7f7b96f00000 ---p 00000000 00:00 0 
7f7b96f00000-7f7b974af000 r--p 01122000 00:dca 4611686019135190040       /nix/store/gpxl5qgg8kicmcvivwmybwjlpf7wh20l-graalvm17-ce-22.3.0/lib/libjvmcicompiler.so
7f7b974af000-7f7b97600000 r--p 00000000 00:00 0 
7f7b97600000-7f7b9763d000 rw-p 00000000 00:00 0 
7f7b9763d000-7f7b97b5d000 rw-p 0185f000 00:dca 4611686019135190040       /nix/store/gpxl5qgg8kicmcvivwmybwjlpf7wh20l-graalvm17-ce-22.3.0/lib/libjvmcicompiler.so
7f7b97b5d000-7f7b97f44000 r--p 01d7f000 00:dca 4611686019135190040       /nix/store/gpxl5qgg8kicmcvivwmybwjlpf7wh20l-graalvm17-ce-22.3.0/lib/libjvmcicompiler.so
7f7b98000000-7f7b98021000 rw-p 00000000 00:00 0 
7f7b98021000-7f7b9c000000 ---p 00000000 00:00 0 
7f7b9c000000-7f7b9c021000 rw-p 00000000 00:00 0 
7f7b9c021000-7f7ba0000000 ---p 00000000 00:00 0 
7f7ba0000000-7f7ba0021000 rw-p 00000000 00:00 0 
7f7ba0021000-7f7ba4000000 ---p 00000000 00:00 0 
7f7ba4000000-7f7ba4021000 rw-p 00000000 00:00 0 
7f7ba4021000-7f7ba8000000 ---p 00000000 00:00 0 
7f7ba8000000-7f7ba8021000 rw-p 00000000 00:00 0 
7f7ba8021000-7f7bac000000 ---p 00000000 00:00 0 
7f7bacc00000-7f7bacd80000 rw-p 00000000 00:00 0 
7f7bacd80000-7f7bad400000 ---p 00000000 00:00 0 
7f7bad800000-7f7badaf0000 rw-p 00000000 00:00 0 
7f7badaf0000-7f7badb70000 rw-p 00000000 00:00 0 
7f7badb70000-7f7badc00000 ---p 00000000 00:00 0 
7f7badc00000-7f7bae000000 rw-p 00000000 00:00 0 
7f7bae4b3000-7f7bb8000000 r--s 00000000 00:dca 4611686019135192581       /nix/store/gpxl5qgg8kicmcvivwmybwjlpf7wh20l-graalvm17-ce-22.3.0/lib/modules
7f7bb8000000-7f7bb8021000 rw-p 00000000 00:00 0 
7f7bb8021000-7f7bbc000000 ---p 00000000 00:00 0 
7f7bbc000000-7f7bbc160000 rw-p 00000000 00:00 0 
7f7bbc160000-7f7bc0000000 ---p 00000000 00:00 0 
7f7bc0000000-7f7bc0021000 rw-p 00000000 00:00 0 
7f7bc0021000-7f7bc4000000 ---p 00000000 00:00 0 
7f7bc4000000-7f7bc44ea000 rw-p 00000000 00:00 0 
7f7bc44ea000-7f7bc8000000 ---p 00000000 00:00 0 
7f7bc8000000-7f7bc8021000 rw-p 00000000 00:00 0 
7f7bc8021000-7f7bcc000000 ---p 00000000 00:00 0 
7f7bcc000000-7f7bcc0fb000 rw-p 00000000 00:00 0 
7f7bcc0fb000-7f7bd0000000 ---p 00000000 00:00 0 
7f7bd0000000-7f7bd02fd000 rw-p 00000000 00:00 0 
7f7bd02fd000-7f7bd4000000 ---p 00000000 00:00 0 
7f7bd4000000-7f7bd406b000 rw-p 00000000 00:00 0 
7f7bd406b000-7f7bd8000000 ---p 00000000 00:00 0 
7f7bd8000000-7f7bd8021000 rw-p 00000000 00:00 0 
7f7bd8021000-7f7bdc000000 ---p 00000000 00:00 0 
7f7bdc000000-7f7bdc03c000 rw-p 00000000 00:00 0 
7f7bdc03c000-7f7be0000000 ---p 00000000 00:00 0 
7f7be0000000-7f7be0021000 rw-p 00000000 00:00 0 
7f7be0021000-7f7be4000000 ---p 00000000 00:00 0 
7f7be4000000-7f7be4157000 rw-p 00000000 00:00 0 
7f7be4157000-7f7be8000000 ---p 00000000 00:00 0 
7f7be8000000-7f7be8025000 rw-p 00000000 00:00 0 
7f7be8025000-7f7bec000000 ---p 00000000 00:00 0 
7f7bec000000-7f7bec8ca000 rw-p 00000000 00:00 0 
7f7bec8ca000-7f7bf0000000 ---p 00000000 00:00 0 
7f7bf0c00000-7f7bf0ef0000 rw-p 00000000 00:00 0 
7f7bf0ef0000-7f7bf13f0000 rw-p 00000000 00:00 0 
7f7bf13f0000-7f7bf14b0000 rw-p 00000000 00:00 0 
7f7bf14b0000-7f7bf14f0000 rw-p 00000000 00:00 0 
7f7bf14f0000-7f7bf16f0000 rw-p 00000000 00:00 0 
7f7bf16f0000-7f7bf17b0000 rw-p 00000000 00:00 0 
7f7bf17b0000-7f7bf17f0000 rw-p 00000000 00:00 0 
7f7bf17f0000-7f7bf18f0000 rw-p 00000000 00:00 0 
7f7bf18f0000-7f7bf19f0000 rw-p 00000000 00:00 0 
7f7bf19f0000-7f7bf1bf0000 rw-p 00000000 00:00 0 
7f7bf1bf0000-7f7bf1cf0000 rw-p 00000000 00:00 0 
7f7bf1cf0000-7f7bf1df0000 rw-p 00000000 00:00 0 
7f7bf1df0000-7f7bf23b0000 rw-p 00000000 00:00 0 
7f7bf23b0000-7f7bf23f0000 rw-p 00000000 00:00 0 
7f7bf23f0000-7f7bf24f0000 rw-p 00000000 00:00 0 
7f7bf24f0000-7f7bf25f0000 rw-p 00000000 00:00 0 
7f7bf25f0000-7f7bf28f0000 rw-p 00000000 00:00 0 
7f7bf28f0000-7f7bf29f0000 rw-p 00000000 00:00 0 
7f7bf29f0000-7f7bf2c00000 rw-p 00000000 00:00 0 
7f7bf2e00000-7f7bf2e10000 r-xp 00000000 00:a2d 366                       /home/runner/.cache/jdt-language-server/config/org.eclipse.equinox.launcher/org.eclipse.equinox.launcher.gtk.linux.x86_64_1.2.400.v20211117-0650/eclipse_11600.so
7f7bf2e10000-7f7bf300f000 ---p 00010000 00:a2d 366                       /home/runner/.cache/jdt-language-server/config/org.eclipse.equinox.launcher/org.eclipse.equinox.launcher.gtk.linux.x86_64_1.2.400.v20211117-0650/eclipse_11600.so
7f7bf300f000-7f7bf3010000 r--p 0000f000 00:a2d 366                       /home/runner/.cache/jdt-language-server/config/org.eclipse.equinox.launcher/org.eclipse.equinox.launcher.gtk.linux.x86_64_1.2.400.v20211117-0650/eclipse_11600.so
7f7bf3010000-7f7bf3011000 rw-p 00010000 00:a2d 366                       /home/runner/.cache/jdt-language-server/config/org.eclipse.equinox.launcher/org.eclipse.equinox.launcher.gtk.linux.x86_64_1.2.400.v20211117-0650/eclipse_11600.so
7f7bf4000000-7f7bf4021000 rw-p 00000000 00:00 0 
7f7bf4021000-7f7bf8000000 ---p 00000000 00:00 0 
7f7bf8000000-7f7bf8021000 rw-p 00000000 00:00 0 
7f7bf8021000-7f7bfc000000 ---p 00000000 00:00 0 
7f7bfc000000-7f7bfc021000 rw-p 00000000 00:00 0 
7f7bfc021000-7f7c00000000 ---p 00000000 00:00 0 
7f7c01100000-7f7c01104000 ---p 00000000 00:00 0 
7f7c01104000-7f7c01200000 rw-p 00000000 00:00 0 
7f7c01300000-7f7c01304000 ---p 00000000 00:00 0 
7f7c01304000-7f7c01400000 rw-p 00000000 00:00 0 
7f7c01500000-7f7c01504000 ---p 00000000 00:00 0 
7f7c01504000-7f7c01600000 rw-p 00000000 00:00 0 
7f7c01700000-7f7c01704000 ---p 00000000 00:00 0 
7f7c01704000-7f7c01800000 rw-p 00000000 00:00 0 
7f7c01900000-7f7c01904000 ---p 00000000 00:00 0 
7f7c01904000-7f7c01a00000 rw-p 00000000 00:00 0 
7f7c01b00000-7f7c01b04000 ---p 00000000 00:00 0 
7f7c01b04000-7f7c01c00000 rw-p 00000000 00:00 0 
7f7c01d00000-7f7c01d04000 ---p 00000000 00:00 0 
7f7c01d04000-7f7c01e00000 rw-p 00000000 00:00 0 
7f7c01f00000-7f7c01f04000 ---p 00000000 00:00 0 
7f7c01f04000-7f7c02000000 rw-p 00000000 00:00 0 
7f7c02000000-7f7c02004000 ---p 00000000 00:00 0 
7f7c02004000-7f7c02100000 rw-p 00000000 00:00 0 
7f7c02100000-7f7c02104000 ---p 00000000 00:00 0 
7f7c02104000-7f7c02200000 rw-p 00000000 00:00 0 
7f7c02300000-7f7c02304000 ---p 00000000 00:00 0 
7f7c02304000-7f7c02400000 rw-p 00000000 00:00 0 
7f7c02500000-7f7c02504000 ---p 00000000 00:00 0 
7f7c02504000-7f7c02600000 rw-p 00000000 00:00 0 
7f7c02700000-7f7c02704000 ---p 00000000 00:00 0 
7f7c02704000-7f7c02800000 rw-p 00000000 00:00 0 
7f7c02900000-7f7c02904000 ---p 00000000 00:00 0 
7f7c02904000-7f7c02a00000 rw-p 00000000 00:00 0 
7f7c02a00000-7f7c02a04000 ---p 00000000 00:00 0 
7f7c02a04000-7f7c02b00000 rw-p 00000000 00:00 0 
7f7c02b00000-7f7c02b04000 ---p 00000000 00:00 0 
7f7c02b04000-7f7c02c00000 rw-p 00000000 00:00 0 
7f7c02d00000-7f7c02d04000 ---p 00000000 00:00 0 
7f7c02d04000-7f7c02e00000 rw-p 00000000 00:00 0 
7f7c03a68000-7f7c03f00000 rw-p 00000000 00:00 0 
7f7c04000000-7f7c04021000 rw-p 00000000 00:00 0 
7f7c04021000-7f7c08000000 ---p 00000000 00:00 0 
7f7c08000000-7f7c08021000 rw-p 00000000 00:00 0 
7f7c08021000-7f7c0c000000 ---p 00000000 00:00 0 
7f7c0c000000-7f7c0c021000 rw-p 00000000 00:00 0 
7f7c0c021000-7f7c10000000 ---p 00000000 00:00 0 
7f7c10000000-7f7c10021000 rw-p 00000000 00:00 0 
7f7c10021000-7f7c14000000 ---p 00000000 00:00 0 
7f7c14000000-7f7c140d6000 rw-p 00000000 00:00 0 
7f7c140d6000-7f7c18000000 ---p 00000000 00:00 0 
7f7c18000000-7f7c1884b000 rw-p 00000000 00:00 0 
7f7c1884b000-7f7c1c000000 ---p 00000000 00:00 0 
7f7c1c000000-7f7c1c021000 rw-p 00000000 00:00 0 
7f7c1c021000-7f7c20000000 ---p 00000000 00:00 0 
7f7c20000000-7f7c20021000 rw-p 00000000 00:00 0 
7f7c20021000-7f7c24000000 ---p 00000000 00:00 0 
7f7c24000000-7f7c24021000 rw-p 00000000 00:00 0 
7f7c24021000-7f7c28000000 ---p 00000000 00:00 0 
7f7c28000000-7f7c28021000 rw-p 00000000 00:00 0 
7f7c28021000-7f7c2c000000 ---p 00000000 00:00 0 
7f7c2c000000-7f7c2c021000 rw-p 00000000 00:00 0 
7f7c2c021000-7f7c30000000 ---p 00000000 00:00 0 
7f7c30000000-7f7c30021000 rw-p 00000000 00:00 0 
7f7c30021000-7f7c34000000 ---p 00000000 00:00 0 
7f7c34000000-7f7c34058000 rw-p 00000000 00:00 0 
7f7c34058000-7f7c38004000 ---p 00000000 00:00 0 
7f7c38004000-7f7c38100000 rw-p 00000000 00:00 0 
7f7c38100000-7f7c38104000 ---p 00000000 00:00 0 
7f7c38104000-7f7c38200000 rw-p 00000000 00:00 0 
7f7c38300000-7f7c38304000 ---p 00000000 00:00 0 
7f7c38304000-7f7c38400000 rw-p 00000000 00:00 0 
7f7c38500000-7f7c38504000 ---p 00000000 00:00 0 
7f7c38504000-7f7c38600000 rw-p 00000000 00:00 0 
7f7c38700000-7f7c38704000 ---p 00000000 00:00 0 
7f7c38704000-7f7c38800000 rw-p 00000000 00:00 0 
7f7c38800000-7f7c3a96a000 r-xp 00000000 00:dca 4611686019135190040       /nix/store/gpxl5qgg8kicmcvivwmybwjlpf7wh20l-graalvm17-ce-22.3.0/lib/libjvmcicompiler.so
7f7c3a96a000-7f7c3ab69000 ---p 0216a000 00:dca 4611686019135190040       /nix/store/gpxl5qgg8kicmcvivwmybwjlpf7wh20l-graalvm17-ce-22.3.0/lib/libjvmcicompiler.so
7f7c3ab69000-7f7c3ab6a000 r--p 02169000 00:dca 4611686019135190040       /nix/store/gpxl5qgg8kicmcvivwmybwjlpf7wh20l-graalvm17-ce-22.3.0/lib/libjvmcicompiler.so
7f7c3ab6a000-7f7c3ab6c000 rw-p 0216a000 00:dca 4611686019135190040       /nix/store/gpxl5qgg8kicmcvivwmybwjlpf7wh20l-graalvm17-ce-22.3.0/lib/libjvmcicompiler.so
7f7c3ab6c000-7f7c3ab6d000 rw-p 00000000 00:00 0 
7f7c3ab6d000-7f7c3ab72000 rw-p 023c3000 00:dca 4611686019135190040       /nix/store/gpxl5qgg8kicmcvivwmybwjlpf7wh20l-graalvm17-ce-22.3.0/lib/libjvmcicompiler.so
7f7c3ac68000-7f7c3ac6c000 ---p 00000000 00:00 0 
7f7c3ac6c000-7f7c3ac8a000 rw-p 00000000 00:00 0 
7f7c3ac8a000-7f7c3ac91000 r-xp 00000000 00:dca 4611686019135192580       /nix/store/gpxl5qgg8kicmcvivwmybwjlpf7wh20l-graalvm17-ce-22.3.0/lib/libzip.so
7f7c3ac91000-7f7c3ac92000 ---p 00007000 00:dca 4611686019135192580       /nix/store/gpxl5qgg8kicmcvivwmybwjlpf7wh20l-graalvm17-ce-22.3.0/lib/libzip.so
7f7c3ac92000-7f7c3ac93000 r--p 00007000 00:dca 4611686019135192580       /nix/store/gpxl5qgg8kicmcvivwmybwjlpf7wh20l-graalvm17-ce-22.3.0/lib/libzip.so
7f7c3ac93000-7f7c3ac94000 rw-p 00008000 00:dca 4611686019135192580       /nix/store/gpxl5qgg8kicmcvivwmybwjlpf7wh20l-graalvm17-ce-22.3.0/lib/libzip.so
7f7c3ac94000-7f7c3ac96000 rw-p 0000b000 00:dca 4611686019135192580       /nix/store/gpxl5qgg8kicmcvivwmybwjlpf7wh20l-graalvm17-ce-22.3.0/lib/libzip.so
7f7c3ac96000-7f7c3acab000 r-xp 00000000 00:dca 4611686019135192570       /nix/store/gpxl5qgg8kicmcvivwmybwjlpf7wh20l-graalvm17-ce-22.3.0/lib/libnet.so
7f7c3acab000-7f7c3acac000 ---p 00015000 00:dca 4611686019135192570       /nix/store/gpxl5qgg8kicmcvivwmybwjlpf7wh20l-graalvm17-ce-22.3.0/lib/libnet.so
7f7c3acac000-7f7c3acad000 r--p 00015000 00:dca 4611686019135192570       /nix/store/gpxl5qgg8kicmcvivwmybwjlpf7wh20l-graalvm17-ce-22.3.0/lib/libnet.so
7f7c3acad000-7f7c3acae000 rw-p 00016000 00:dca 4611686019135192570       /nix/store/gpxl5qgg8kicmcvivwmybwjlpf7wh20l-graalvm17-ce-22.3.0/lib/libnet.so
7f7c3acae000-7f7c3acb1000 rw-p 0001b000 00:dca 4611686019135192570       /nix/store/gpxl5qgg8kicmcvivwmybwjlpf7wh20l-graalvm17-ce-22.3.0/lib/libnet.so
7f7c3acb1000-7f7c3acb2000 ---p 00000000 00:00 0 
7f7c3acb2000-7f7c3adb3000 rw-p 00000000 00:00 0 
7f7c3adb3000-7f7c3adb7000 ---p 00000000 00:00 0 
7f7c3adb7000-7f7c3aeb3000 rw-p 00000000 00:00 0 
7f7c3aeb3000-7f7c3aeb7000 ---p 00000000 00:00 0 
7f7c3aeb7000-7f7c3afb3000 rw-p 00000000 00:00 0 
7f7c3afb3000-7f7c3afb7000 ---p 00000000 00:00 0 
7f7c3afb7000-7f7c3b0b3000 rw-p 00000000 00:00 0 
7f7c3b0b3000-7f7c3b0b7000 ---p 00000000 00:00 0 
7f7c3b0b7000-7f7c3b2b3000 rw-p 00000000 00:00 0 
7f7c3b2b3000-7f7c3b2b7000 ---p 00000000 00:00 0 
7f7c3b2b7000-7f7c3b4b3000 rw-p 00000000 00:00 0 
7f7c3b4b3000-7f7c3b723000 rwxp 00000000 00:00 0 
7f7c3b723000-7f7c3ba42000 ---p 00000000 00:00 0 
7f7c3ba42000-7f7c3c8a2000 rwxp 00000000 00:00 0 
7f7c3c8a2000-7f7c42f7a000 ---p 00000000 00:00 0 
7f7c42f7a000-7f7c4321a000 rwxp 00000000 00:00 0 
7f7c4321a000-7f7c4a4b3000 ---p 00000000 00:00 0 
7f7c4a4b3000-7f7c54000000 r--s 00000000 00:dca 4611686019135192581       /nix/store/gpxl5qgg8kicmcvivwmybwjlpf7wh20l-graalvm17-ce-22.3.0/lib/modules
7f7c54000000-7f7c5460b000 rw-p 00000000 00:00 0 
7f7c5460b000-7f7c58000000 ---p 00000000 00:00 0 
7f7c58000000-7f7c58013000 r-xp 00000000 00:dca 4611686019135192571       /nix/store/gpxl5qgg8kicmcvivwmybwjlpf7wh20l-graalvm17-ce-22.3.0/lib/libnio.so
7f7c58013000-7f7c58014000 r--p 00012000 00:dca 4611686019135192571       /nix/store/gpxl5qgg8kicmcvivwmybwjlpf7wh20l-graalvm17-ce-22.3.0/lib/libnio.so
7f7c58014000-7f7c58015000 rw-p 00013000 00:dca 4611686019135192571       /nix/store/gpxl5qgg8kicmcvivwmybwjlpf7wh20l-graalvm17-ce-22.3.0/lib/libnio.so
7f7c58015000-7f7c5801a000 rw-p 00019000 00:dca 4611686019135192571       /nix/store/gpxl5qgg8kicmcvivwmybwjlpf7wh20l-graalvm17-ce-22.3.0/lib/libnio.so
7f7c5801a000-7f7c5801e000 ---p 00000000 00:00 0 
7f7c5801e000-7f7c5811a000 rw-p 00000000 00:00 0 
7f7c5811a000-7f7c5811e000 ---p 00000000 00:00 0 
7f7c5811e000-7f7c5821a000 rw-p 00000000 00:00 0 
7f7c5821a000-7f7c5821e000 ---p 00000000 00:00 0 
7f7c5821e000-7f7c5831a000 rw-p 00000000 00:00 0 
7f7c5831a000-7f7c58600000 r--p 00000000 00:834 28444448                  /usr/lib/locale/locale-archive
7f7c58600000-7f7c58604000 ---p 00000000 00:00 0 
7f7c58604000-7f7c58700000 rw-p 00000000 00:00 0 
7f7c58700000-7f7c58704000 ---p 00000000 00:00 0 
7f7c58704000-7f7c58bf0000 rw-p 00000000 00:00 0 
7f7c58bf0000-7f7c58ef0000 rw-p 00000000 00:00 0 
7f7c58ef0000-7f7c59000000 rw-p 00000000 00:00 0 
7f7c59000000-7f7c59002000 r-xp 00000000 00:dca 4611686019135190017       /nix/store/gpxl5qgg8kicmcvivwmybwjlpf7wh20l-graalvm17-ce-22.3.0/lib/libextnet.so
7f7c59002000-7f7c59003000 r--p 00001000 00:dca 4611686019135190017       /nix/store/gpxl5qgg8kicmcvivwmybwjlpf7wh20l-graalvm17-ce-22.3.0/lib/libextnet.so
7f7c59003000-7f7c59004000 rw-p 00002000 00:dca 4611686019135190017       /nix/store/gpxl5qgg8kicmcvivwmybwjlpf7wh20l-graalvm17-ce-22.3.0/lib/libextnet.so
7f7c59004000-7f7c59005000 rw-p 00004000 00:dca 4611686019135190017       /nix/store/gpxl5qgg8kicmcvivwmybwjlpf7wh20l-graalvm17-ce-22.3.0/lib/libextnet.so
7f7c59005000-7f7c59006000 ---p 00000000 00:00 0 
7f7c59006000-7f7c59107000 rw-p 00000000 00:00 0 
7f7c59107000-7f7c591d5000 r-xp 00000000 00:dca 4611686019135190036       /nix/store/gpxl5qgg8kicmcvivwmybwjlpf7wh20l-graalvm17-ce-22.3.0/lib/libjsvml.so
7f7c591d5000-7f7c591d6000 r--p 000cd000 00:dca 4611686019135190036       /nix/store/gpxl5qgg8kicmcvivwmybwjlpf7wh20l-graalvm17-ce-22.3.0/lib/libjsvml.so
7f7c591d6000-7f7c591d7000 rw-p 000ce000 00:dca 4611686019135190036       /nix/store/gpxl5qgg8kicmcvivwmybwjlpf7wh20l-graalvm17-ce-22.3.0/lib/libjsvml.so
7f7c591d7000-7f7c5aaaf000 rw-p 00000000 00:00 0 
7f7c5aaaf000-7f7c5aab0000 ---p 00000000 00:00 0 
7f7c5aab0000-7f7c5ac4f000 rw-p 00000000 00:00 0 
7f7c5ac4f000-7f7c5ac92000 rw-p 00000000 00:00 0 
7f7c5ac92000-7f7c5acb1000 ---p 00000000 00:00 0 
7f7c5acb1000-7f7c5acb8000 rw-p 00000000 00:00 0 
7f7c5acb8000-7f7c5ad9d000 ---p 00000000 00:00 0 
7f7c5ad9d000-7f7c5adba000 rw-p 00000000 00:00 0 
7f7c5adba000-7f7c5ae88000 ---p 00000000 00:00 0 
7f7c5ae88000-7f7c5ae8d000 rw-p 00000000 00:00 0 
7f7c5ae8d000-7f7c5ae94000 ---p 00000000 00:00 0 
7f7c5ae94000-7f7c5aeb8000 r-xp 00000000 00:dca 4611686019135190028       /nix/store/gpxl5qgg8kicmcvivwmybwjlpf7wh20l-graalvm17-ce-22.3.0/lib/libjava.so
7f7c5aeb8000-7f7c5aeb9000 ---p 00024000 00:dca 4611686019135190028       /nix/store/gpxl5qgg8kicmcvivwmybwjlpf7wh20l-graalvm17-ce-22.3.0/lib/libjava.so
7f7c5aeb9000-7f7c5aeba000 r--p 00024000 00:dca 4611686019135190028       /nix/store/gpxl5qgg8kicmcvivwmybwjlpf7wh20l-graalvm17-ce-22.3.0/lib/libjava.so
7f7c5aeba000-7f7c5aebb000 rw-p 00025000 00:dca 4611686019135190028       /nix/store/gpxl5qgg8kicmcvivwmybwjlpf7wh20l-graalvm17-ce-22.3.0/lib/libjava.so
7f7c5aebb000-7f7c5aebc000 rw-p 00000000 00:00 0 
7f7c5aebc000-7f7c5aec3000 rw-p 0002f000 00:dca 4611686019135190028       /nix/store/gpxl5qgg8kicmcvivwmybwjlpf7wh20l-graalvm17-ce-22.3.0/lib/libjava.so
7f7c5aec3000-7f7c5aecb000 rw-s 00000000 00:831 361                       /tmp/hsperfdata_runner/32
7f7c5aecb000-7f7c5aecc000 ---p 00000000 00:00 0 
7f7c5aecc000-7f7c5aecd000 r--p 00000000 00:00 0 
7f7c5aecd000-7f7c5aece000 rwxp 00000000 00:00 0 
7f7c5aece000-7f7c5aee9000 r-xp 00000000 00:dca 4611686019135190032       /nix/store/gpxl5qgg8kicmcvivwmybwjlpf7wh20l-graalvm17-ce-22.3.0/lib/libjimage.so
7f7c5aee9000-7f7c5aeea000 ---p 0001b000 00:dca 4611686019135190032       /nix/store/gpxl5qgg8kicmcvivwmybwjlpf7wh20l-graalvm17-ce-22.3.0/lib/libjimage.so
7f7c5aeea000-7f7c5aeec000 r--p 0001b000 00:dca 4611686019135190032       /nix/store/gpxl5qgg8kicmcvivwmybwjlpf7wh20l-graalvm17-ce-22.3.0/lib/libjimage.so
7f7c5aeec000-7f7c5aeed000 rw-p 0001d000 00:dca 4611686019135190032       /nix/store/gpxl5qgg8kicmcvivwmybwjlpf7wh20l-graalvm17-ce-22.3.0/lib/libjimage.so
7f7c5aeed000-7f7c5aeee000 rw-p 00024000 00:dca 4611686019135190032       /nix/store/gpxl5qgg8kicmcvivwmybwjlpf7wh20l-graalvm17-ce-22.3.0/lib/libjimage.so
7f7c5aeee000-7f7c5aef2000 ---p 00000000 00:00 0 
7f7c5aef2000-7f7c5afee000 rw-p 00000000 00:00 0 
7f7c5afee000-7f7c5affc000 r--p 00000000 00:dca 4611686019027979927       /nix/store/4nlgxhb09sdr51nc9hdm8az5b08vzkgx-glibc-2.35-163/lib/libm.so.6
7f7c5affc000-7f7c5b06f000 r-xp 0000e000 00:dca 4611686019027979927       /nix/store/4nlgxhb09sdr51nc9hdm8az5b08vzkgx-glibc-2.35-163/lib/libm.so.6
7f7c5b06f000-7f7c5b0cc000 r--p 00081000 00:dca 4611686019027979927       /nix/store/4nlgxhb09sdr51nc9hdm8az5b08vzkgx-glibc-2.35-163/lib/libm.so.6
7f7c5b0cc000-7f7c5b0cd000 r--p 000dd000 00:dca 4611686019027979927       /nix/store/4nlgxhb09sdr51nc9hdm8az5b08vzkgx-glibc-2.35-163/lib/libm.so.6
7f7c5b0cd000-7f7c5b0ce000 rw-p 000de000 00:dca 4611686019027979927       /nix/store/4nlgxhb09sdr51nc9hdm8az5b08vzkgx-glibc-2.35-163/lib/libm.so.6
7f7c5b0ce000-7f7c5b0cf000 r--p 00000000 00:dca 4611686019027979946       /nix/store/4nlgxhb09sdr51nc9hdm8az5b08vzkgx-glibc-2.35-163/lib/librt.so.1
7f7c5b0cf000-7f7c5b0d0000 r-xp 00001000 00:dca 4611686019027979946       /nix/store/4nlgxhb09sdr51nc9hdm8az5b08vzkgx-glibc-2.35-163/lib/librt.so.1
7f7c5b0d0000-7f7c5b0d1000 r--p 00002000 00:dca 4611686019027979946       /nix/store/4nlgxhb09sdr51nc9hdm8az5b08vzkgx-glibc-2.35-163/lib/librt.so.1
7f7c5b0d1000-7f7c5b0d2000 r--p 00002000 00:dca 4611686019027979946       /nix/store/4nlgxhb09sdr51nc9hdm8az5b08vzkgx-glibc-2.35-163/lib/librt.so.1
7f7c5b0d2000-7f7c5b0d3000 rw-p 00003000 00:dca 4611686019027979946       /nix/store/4nlgxhb09sdr51nc9hdm8az5b08vzkgx-glibc-2.35-163/lib/librt.so.1
7f7c5b0d3000-7f7c5c1e6000 r-xp 00000000 00:dca 4611686019135360866       /nix/store/gpxl5qgg8kicmcvivwmybwjlpf7wh20l-graalvm17-ce-22.3.0/lib/server/libjvm.so
7f7c5c1e6000-7f7c5c1e7000 ---p 01113000 00:dca 4611686019135360866       /nix/store/gpxl5qgg8kicmcvivwmybwjlpf7wh20l-graalvm17-ce-22.3.0/lib/server/libjvm.so
7f7c5c1e7000-7f7c5c29c000 r--p 01113000 00:dca 4611686019135360866       /nix/store/gpxl5qgg8kicmcvivwmybwjlpf7wh20l-graalvm17-ce-22.3.0/lib/server/libjvm.so
7f7c5c29c000-7f7c5c2d0000 rw-p 011c8000 00:dca 4611686019135360866       /nix/store/gpxl5qgg8kicmcvivwmybwjlpf7wh20l-graalvm17-ce-22.3.0/lib/server/libjvm.so
7f7c5c2d0000-7f7c5c32c000 rw-p 00000000 00:00 0 
7f7c5c32c000-7f7c5c354000 r--p 00000000 00:dca 4611686019027979918       /nix/store/4nlgxhb09sdr51nc9hdm8az5b08vzkgx-glibc-2.35-163/lib/libc.so.6
7f7c5c354000-7f7c5c4ca000 r-xp 00028000 00:dca 4611686019027979918       /nix/store/4nlgxhb09sdr51nc9hdm8az5b08vzkgx-glibc-2.35-163/lib/libc.so.6
7f7c5c4ca000-7f7c5c522000 r--p 0019e000 00:dca 4611686019027979918       /nix/store/4nlgxhb09sdr51nc9hdm8az5b08vzkgx-glibc-2.35-163/lib/libc.so.6
7f7c5c522000-7f7c5c526000 r--p 001f6000 00:dca 4611686019027979918       /nix/store/4nlgxhb09sdr51nc9hdm8az5b08vzkgx-glibc-2.35-163/lib/libc.so.6
7f7c5c526000-7f7c5c528000 rw-p 001fa000 00:dca 4611686019027979918       /nix/store/4nlgxhb09sdr51nc9hdm8az5b08vzkgx-glibc-2.35-163/lib/libc.so.6
7f7c5c528000-7f7c5c537000 rw-p 00000000 00:00 0 
7f7c5c537000-7f7c5c538000 r--p 00000000 00:dca 4611686019027979923       /nix/store/4nlgxhb09sdr51nc9hdm8az5b08vzkgx-glibc-2.35-163/lib/libdl.so.2
7f7c5c538000-7f7c5c539000 r-xp 00001000 00:dca 4611686019027979923       /nix/store/4nlgxhb09sdr51nc9hdm8az5b08vzkgx-glibc-2.35-163/lib/libdl.so.2
7f7c5c539000-7f7c5c53a000 r--p 00002000 00:dca 4611686019027979923       /nix/store/4nlgxhb09sdr51nc9hdm8az5b08vzkgx-glibc-2.35-163/lib/libdl.so.2
7f7c5c53a000-7f7c5c53b000 r--p 00002000 00:dca 4611686019027979923       /nix/store/4nlgxhb09sdr51nc9hdm8az5b08vzkgx-glibc-2.35-163/lib/libdl.so.2
7f7c5c53b000-7f7c5c53c000 rw-p 00003000 00:dca 4611686019027979923       /nix/store/4nlgxhb09sdr51nc9hdm8az5b08vzkgx-glibc-2.35-163/lib/libdl.so.2
7f7c5c53c000-7f7c5c53d000 r--p 00000000 00:dca 4611686019027979942       /nix/store/4nlgxhb09sdr51nc9hdm8az5b08vzkgx-glibc-2.35-163/lib/libpthread.so.0
7f7c5c53d000-7f7c5c53e000 r-xp 00001000 00:dca 4611686019027979942       /nix/store/4nlgxhb09sdr51nc9hdm8az5b08vzkgx-glibc-2.35-163/lib/libpthread.so.0
7f7c5c53e000-7f7c5c53f000 r--p 00002000 00:dca 4611686019027979942       /nix/store/4nlgxhb09sdr51nc9hdm8az5b08vzkgx-glibc-2.35-163/lib/libpthread.so.0
7f7c5c53f000-7f7c5c540000 r--p 00002000 00:dca 4611686019027979942       /nix/store/4nlgxhb09sdr51nc9hdm8az5b08vzkgx-glibc-2.35-163/lib/libpthread.so.0
7f7c5c540000-7f7c5c541000 rw-p 00003000 00:dca 4611686019027979942       /nix/store/4nlgxhb09sdr51nc9hdm8az5b08vzkgx-glibc-2.35-163/lib/libpthread.so.0
7f7c5c541000-7f7c5c54f000 r-xp 00000000 00:dca 4611686019135190033       /nix/store/gpxl5qgg8kicmcvivwmybwjlpf7wh20l-graalvm17-ce-22.3.0/lib/libjli.so
7f7c5c54f000-7f7c5c550000 ---p 0000e000 00:dca 4611686019135190033       /nix/store/gpxl5qgg8kicmcvivwmybwjlpf7wh20l-graalvm17-ce-22.3.0/lib/libjli.so
7f7c5c550000-7f7c5c551000 r--p 0000e000 00:dca 4611686019135190033       /nix/store/gpxl5qgg8kicmcvivwmybwjlpf7wh20l-graalvm17-ce-22.3.0/lib/libjli.so
7f7c5c551000-7f7c5c552000 rw-p 0000f000 00:dca 4611686019135190033       /nix/store/gpxl5qgg8kicmcvivwmybwjlpf7wh20l-graalvm17-ce-22.3.0/lib/libjli.so
7f7c5c552000-7f7c5c553000 rw-p 00012000 00:dca 4611686019135190033       /nix/store/gpxl5qgg8kicmcvivwmybwjlpf7wh20l-graalvm17-ce-22.3.0/lib/libjli.so
7f7c5c553000-7f7c5c556000 r--p 00000000 00:dca 4611686019106210071       /nix/store/026hln0aq1hyshaxsdvhg0kmcm6yf45r-zlib-1.2.13/lib/libz.so.1.2.13
7f7c5c556000-7f7c5c568000 r-xp 00003000 00:dca 4611686019106210071       /nix/store/026hln0aq1hyshaxsdvhg0kmcm6yf45r-zlib-1.2.13/lib/libz.so.1.2.13
7f7c5c568000-7f7c5c56f000 r--p 00015000 00:dca 4611686019106210071       /nix/store/026hln0aq1hyshaxsdvhg0kmcm6yf45r-zlib-1.2.13/lib/libz.so.1.2.13
7f7c5c56f000-7f7c5c570000 r--p 0001b000 00:dca 4611686019106210071       /nix/store/026hln0aq1hyshaxsdvhg0kmcm6yf45r-zlib-1.2.13/lib/libz.so.1.2.13
7f7c5c570000-7f7c5c571000 rw-p 0001c000 00:dca 4611686019106210071       /nix/store/026hln0aq1hyshaxsdvhg0kmcm6yf45r-zlib-1.2.13/lib/libz.so.1.2.13
7f7c5c571000-7f7c5c573000 rw-p 00000000 00:00 0 
7f7c5c573000-7f7c5c575000 r--p 00000000 00:dca 4611686019027979912       /nix/store/4nlgxhb09sdr51nc9hdm8az5b08vzkgx-glibc-2.35-163/lib/ld-linux-x86-64.so.2
7f7c5c575000-7f7c5c59c000 r-xp 00002000 00:dca 4611686019027979912       /nix/store/4nlgxhb09sdr51nc9hdm8az5b08vzkgx-glibc-2.35-163/lib/ld-linux-x86-64.so.2
7f7c5c59c000-7f7c5c5a8000 r--p 00029000 00:dca 4611686019027979912       /nix/store/4nlgxhb09sdr51nc9hdm8az5b08vzkgx-glibc-2.35-163/lib/ld-linux-x86-64.so.2
7f7c5c5a8000-7f7c5c5aa000 r--p 00034000 00:dca 4611686019027979912       /nix/store/4nlgxhb09sdr51nc9hdm8az5b08vzkgx-glibc-2.35-163/lib/ld-linux-x86-64.so.2
7f7c5c5aa000-7f7c5c5ac000 rw-p 00036000 00:dca 4611686019027979912       /nix/store/4nlgxhb09sdr51nc9hdm8az5b08vzkgx-glibc-2.35-163/lib/ld-linux-x86-64.so.2
7ffd15645000-7ffd15669000 rw-p 00000000 00:00 0                          [stack]
7ffd156fc000-7ffd15700000 r--p 00000000 00:00 0                          [vvar]
7ffd15700000-7ffd15702000 r-xp 00000000 00:00 0                          [vdso]
ffffffffff600000-ffffffffff601000 --xp 00000000 00:00 0                  [vsyscall]


VM Arguments:
jvm_args: -XX:ThreadPriorityPolicy=1 -XX:+UnlockExperimentalVMOptions -XX:+EnableJVMCIProduct -XX:JVMCIThreadsPerNativeLibraryRuntime=1 -XX:-UnlockExperimentalVMOptions -Declipse.application=org.eclipse.jdt.ls.core.id1 -Dosgi.bundles.defaultStartLevel=4 -Declipse.product=org.eclipse.jdt.ls.core.product -Dlog.level=ALL -Xverify:none -XX:+UseParallelGC -XX:GCTimeRatio=4 -XX:AdaptiveSizePolicyWeight=90 -Dsun.zip.disableMemoryMapping=true -Xmx512m -Xms100m 
java_command: /nix/store/a7s9klvriqi68xz3qjc0qyfl5h86xc16-jdt-language-server-1.9.0/share/java/plugins/org.eclipse.equinox.launcher_1.6.400.v20210924-0641.jar --add-modules=ALL-SYSTEM --add-opens java.base/java.util=ALL-UNNAMED --add-opens java.base/java.lang=ALL-UNNAMED -configuration /home/runner/.cache/jdt-language-server/config -data /home/runner/.cache/jdt-language-server/data/home/runner/Assignment-5-1
java_class_path (initial): /nix/store/a7s9klvriqi68xz3qjc0qyfl5h86xc16-jdt-language-server-1.9.0/share/java/plugins/org.eclipse.equinox.launcher_1.6.400.v20210924-0641.jar
Launcher Type: SUN_STANDARD

[Global flags]
    uintx AdaptiveSizePolicyWeight                 = 90                                        {product} {command line}
     intx CICompilerCount                          = 2                                         {product} {ergonomic}
     bool EnableJVMCIProduct                       = true                                {JVMCI product} {jimage}
    uintx GCTimeRatio                              = 4                                         {product} {command line}
   size_t InitialHeapSize                          = 104857600                                 {product} {command line}
     uint JVMCIThreadsPerNativeLibraryRuntime      = 1                                   {JVMCI product} {jimage}
   size_t MaxHeapSize                              = 536870912                                 {product} {command line}
   size_t MaxNewSize                               = 178782208                                 {product} {ergonomic}
   size_t MinHeapDeltaBytes                        = 524288                                    {product} {ergonomic}
   size_t MinHeapSize                              = 104857600                                 {product} {command line}
   size_t NewSize                                  = 34603008                                  {product} {ergonomic}
    uintx NonNMethodCodeHeapSize                   = 5826188                                {pd product} {ergonomic}
    uintx NonProfiledCodeHeapSize                  = 122916026                              {pd product} {ergonomic}
   size_t OldSize                                  = 70254592                                  {product} {ergonomic}
    uintx ProfiledCodeHeapSize                     = 122916026                              {pd product} {ergonomic}
    uintx ReservedCodeCacheSize                    = 251658240                              {pd product} {ergonomic}
     bool SegmentedCodeCache                       = true                                      {product} {ergonomic}
   size_t SoftMaxHeapSize                          = 536870912                              {manageable} {ergonomic}
     intx ThreadPriorityPolicy                     = 1                                         {product} {jimage}
     bool UseCompressedClassPointers               = true                           {product lp64_product} {ergonomic}
     bool UseCompressedOops                        = true                           {product lp64_product} {ergonomic}
     bool UseParallelGC                            = true                                      {product} {command line}

Logging:
Log output configuration:
 #0: stdout all=warning uptime,level,tags
 #1: stderr all=off uptime,level,tags

Environment Variables:
JAVA_HOME=/nix/store/gpxl5qgg8kicmcvivwmybwjlpf7wh20l-graalvm17-ce-22.3.0
PATH=/nix/store/1d6ian3r8kdzspw8hacjhl3xkp40g1lj-binutils-wrapper-2.39/bin:/nix/store/dq0xwmsk1g0i2ayg6pb7y87na2knzylh-gcc-wrapper-11.3.0/bin:/nix/store/bap4d0lpcrhpwmpb8ayjcgkmvfj62lnq-bash-interactive-5.1-p16/bin:/nix/store/pr5n59mb4jzmfx6kanwxly0l07p861fg-patchelf-0.15.0/bin:/nix/store/1gf2flfqnpqbr1b4p4qz2f72y42bs56r-gcc-11.3.0/bin:/nix/store/57xv61c5zi8pphjbcwxxjlgc34p61ic9-glibc-2.35-163-bin/bin:/nix/store/a7gvj343m05j2s32xcnwr35v31ynlypr-coreutils-9.1/bin:/nix/store/039g378vc3pc3dvi9dzdlrd0i4q93qwf-binutils-2.39/bin:/nix/store/gpxl5qgg8kicmcvivwmybwjlpf7wh20l-graalvm17-ce-22.3.0/bin:/nix/store/6z9ag3ihc8mq2hzsw48lhbznvzny65nz-apache-maven-3.8.6/bin:/nix/store/a7s9klvriqi68xz3qjc0qyfl5h86xc16-jdt-language-server-1.9.0/bin:/nix/store/48ifl2w60a3zp7yskbpnvn8jp9jdsb7k-java-debug/bin:/nix/store/mydc6f4k2z73xlcz7ilif3v2lcaiqvza-findutils-4.9.0/bin:/nix/store/j9p3g8472iijd50vhdprx0nmk2fqn5gv-diffutils-3.8/bin:/nix/store/89zs7rms6x00xfq4dq6m7mjnhkr8a6r4-gnused-4.8/bin:/nix/store/86bp03jkmsl6f92w0yzg4s59g5mhxwmy-gnugrep-3.7/bin:/nix/store/hwcdqw4jrjnd37wxqgsd47hd0j8bnj09-gawk-5.1.1/bin:/nix/store/cfbhw8r8ags41vwqaz47r583d0p4h4a1-gnutar-1.34/bin:/nix/store/p3m1ndl1lapwrlh698bnb5lvvxh67378-gzip-1.12/bin:/nix/store/a8mhcagrsly7c7mpjrpsnaahk4aax056-bzip2-1.0.8-bin/bin:/nix/store/mblgz65m3zv9x548a3d5m96fj2pbwr09-gnumake-4.3/bin:/nix/store/dsd5gz46hdbdk2rfdimqddhq6m8m8fqs-bash-5.1-p16/bin:/nix/store/v7ljksji50mg3w61dykaa3n3y79n6nil-patch-2.7.6/bin:/nix/store/zlcnmqq14jz5x9439jf937mvayyl63da-xz-5.2.7-bin/bin:/nix/store/y6aj732zm9m87c82fpvf103a1xb22blp-file-5.43/bin:/nix/store/i4kzir3m7mrisxmf5xvlnkw01x4qaqr4-prybar-elisp-0.0.0-e0d9a52/bin:/nix/store/lwwivxf6h7x3cvxp9zv8sj0mv7dak99r-prybar-lua-0.0.0-e0d9a52/bin:/nix/store/gxj28g1cg4hq3qanmjv07156h800qr58-prybar-python3-0.0.0-e0d9a52/bin:/nix/store/hshkjnxrgidigf8x75vg6lqng2xlx9i3-prybar-sqlite-0.0.0-e0d9a52/bin:/nix/store/c4w01bpjgyy5ixmwdk8m1pw87zq4sl26-prybar-tcl-0.0.0-e0d9a52/bin:/nix/store/hpbvrlwd5viqmvcaisb3x0118i913a9n-st
LD_LIBRARY_PATH=/nix/store/a4pff549sk2idnkpzk5nsfps3mdkdnvm-cups-2.4.2-lib/lib:/nix/store/72mqxxhh3cy5yifh92wh2yb8cl2hikyy-cairo-1.16.0/lib:/nix/store/2k366jrbsra97gjfxwvrhvixjfxdach5-glib-2.74.1/lib:/nix/store/2j2znigd8ak37rlwh9khz0ry3clqlw1l-gtk+3-3.24.34/lib:/nix/store/hisqvx32cd57apbpcsnkpx6k3549wql1-libglvnd-1.4.0/lib:/nix/store/p36pgcv991mq5srvg765b78yqpxvk3qs-mesa-21.3.3-drivers/lib:/nix/store/mav4251if1ahjq5vkpwycyyvnmy459c4-pulseaudio-14.2/lib
DISPLAY=:0
LANG=en_US.UTF-8

Signal Handlers:
   SIGSEGV: crash_handler in libjvm.so, mask=11100100010111111101111111111110, flags=SA_RESTART|SA_SIGINFO
    SIGBUS: crash_handler in libjvm.so, mask=11100100010111111101111111111110, flags=SA_RESTART|SA_SIGINFO
    SIGFPE: crash_handler in libjvm.so, mask=11100100010111111101111111111110, flags=SA_RESTART|SA_SIGINFO
   SIGPIPE: IsolateEnterStub_IgnoreSIGPIPEStartupHook_noopSignalHandler_8f19bff2f35b5f630d83b364d6b2339320d4ec70_216e8361c6bc87a8f89f58cc10d3b2fd4415bf87 in libjvmcicompiler.so, mask=00000000000000000000000000000000, flags=SA_RESTART
  *** Handler was modified!
  *** Expected: javaSignalHandler in libjvm.so, mask=11100100110111111111111111111110, flags=SA_RESTART|SA_SIGINFO
   SIGXFSZ: javaSignalHandler in libjvm.so, mask=11100100010111111101111111111110, flags=SA_RESTART|SA_SIGINFO
    SIGILL: crash_handler in libjvm.so, mask=11100100010111111101111111111110, flags=SA_RESTART|SA_SIGINFO
   SIGUSR2: SR_handler in libjvm.so, mask=00000000000000000000000000000000, flags=SA_RESTART|SA_SIGINFO
    SIGHUP: UserHandler in libjvm.so, mask=11100100010111111101111111111110, flags=SA_RESTART|SA_SIGINFO
    SIGINT: UserHandler in libjvm.so, mask=11100100010111111101111111111110, flags=SA_RESTART|SA_SIGINFO
   SIGTERM: UserHandler in libjvm.so, mask=11100100010111111101111111111110, flags=SA_RESTART|SA_SIGINFO
   SIGQUIT: UserHandler in libjvm.so, mask=11100100010111111101111111111110, flags=SA_RESTART|SA_SIGINFO
  *** Handler was modified!
  *** Expected: javaSignalHandler in libjvm.so, mask=11100100110111111111111111111110, flags=SA_RESTART|SA_SIGINFO
   SIGTRAP: crash_handler in libjvm.so, mask=11100100010111111101111111111110, flags=SA_RESTART|SA_SIGINFO


---------------  S Y S T E M  ---------------

OS:
DISTRIB_ID=Ubuntu
DISTRIB_RELEASE=20.04
DISTRIB_CODENAME=focal
DISTRIB_DESCRIPTION="Ubuntu 20.04.2 LTS"
uname: Linux 6.2.0-1014-gcp #14~22.04.1-Ubuntu SMP Mon Sep 11 07:44:43 UTC 2023 x86_64
OS uptime: 0 days 4:33 hours
libc: glibc 2.35 NPTL 2.35 
rlimit (soft/hard): STACK 8192k/infinity , CORE infinity/infinity , NPROC infinity/infinity , NOFILE 5242/5242 , AS infinity/infinity , CPU infinity/infinity , DATA infinity/infinity , FSIZE infinity/infinity , MEMLOCK 8192k/8192k
load average: 22.92 27.04 25.46

/proc/meminfo:
MemTotal:       65835948 kB
MemFree:        35924560 kB
MemAvailable:   44309200 kB
Buffers:         1322728 kB
Cached:          6907944 kB
SwapCached:            0 kB
Active:          4958784 kB
Inactive:       22845716 kB
Active(anon):      10100 kB
Inactive(anon): 19325176 kB
Active(file):    4948684 kB
Inactive(file):  3520540 kB
Unevictable:       28460 kB
Mlocked:           28460 kB
SwapTotal:             0 kB
SwapFree:              0 kB
Zswap:                 0 kB
Zswapped:              0 kB
Dirty:              3736 kB
Writeback:           312 kB
AnonPages:      18799988 kB
Mapped:          1771568 kB
Shmem:             22412 kB
KReclaimable:     920812 kB
Slab:            1382488 kB
SReclaimable:     920812 kB
SUnreclaim:       461676 kB
KernelStack:      138636 kB
PageTables:       231612 kB
SecPageTables:         0 kB
NFS_Unstable:          0 kB
Bounce:                0 kB
WritebackTmp:          0 kB
CommitLimit:    32917972 kB
Committed_AS:   55324736 kB
VmallocTotal:   34359738367 kB
VmallocUsed:      166612 kB
VmallocChunk:          0 kB
Percpu:            28800 kB
HardwareCorrupted:     0 kB
AnonHugePages:   3858432 kB
ShmemHugePages:        0 kB
ShmemPmdMapped:        0 kB
FileHugePages:         0 kB
FilePmdMapped:         0 kB
HugePages_Total:       0
HugePages_Free:        0
HugePages_Rsvd:        0
HugePages_Surp:        0
Hugepagesize:       2048 kB
Hugetlb:               0 kB
DirectMap4k:      275256 kB
DirectMap2M:    18595840 kB
DirectMap1G:    50331648 kB

/sys/kernel/mm/transparent_hugepage/enabled: always [madvise] never
/sys/kernel/mm/transparent_hugepage/defrag (defrag/compaction efforts parameter): always defer defer+madvise [madvise] never

Process Memory:
Virtual Size: 4788860K (peak: 4874044K)
Resident Set Size: 707020K (peak: 807724K) (anon: 576268K, file: 130752K, shmem: 0K)
Swapped out: 0K
C-Heap outstanding allocations: 42450K, retained: 10029K
glibc malloc tunables: (default)

/proc/sys/kernel/threads-max (system-wide limit on the number of threads): 514278
/proc/sys/vm/max_map_count (maximum number of memory map areas a process may have): 65530
/proc/sys/kernel/pid_max (system-wide limit on number of process identifiers): 4194304

container (cgroup) information:
container_type: cgroupv2
cpu_cpuset_cpus: not supported
cpu_memory_nodes: not supported
active_processor_count: 1
cpu_quota: 50000
cpu_period: 100000
cpu_shares: no shares
memory_limit_in_bytes: 1048576 k
memory_and_swap_limit_in_bytes: unlimited
memory_soft_limit_in_bytes: 524288 k
memory_usage_in_bytes: 631808 k
memory_max_usage_in_bytes: not supported
maximum number of tasks: not supported
current number of tasks: not supported

KVM virtualization detected
Steal ticks since vm start: 1804
Steal ticks percentage since vm start:  0.001

CPU: total 8 (initial active 1) (4 cores per cpu, 2 threads per core) family 6 model 79 stepping 0 microcode 0xffffffff, cx8, cmov, fxsr, ht, mmx, 3dnowpref, sse, sse2, sse3, ssse3, sse4.1, sse4.2, popcnt, lzcnt, tsc, tscinvbit, avx, avx2, aes, erms, clmul, bmi1, bmi2, rtm, adx, fma, vzeroupper, clflush, hv
CPU Model and flags from /proc/cpuinfo:
model name	: Intel(R) Xeon(R) CPU @ 2.20GHz
flags		: fpu vme de pse tsc msr pae mce cx8 apic sep mtrr pge mca cmov pat pse36 clflush mmx fxsr sse sse2 ss ht syscall nx pdpe1gb rdtscp lm constant_tsc rep_good nopl xtopology nonstop_tsc cpuid tsc_known_freq pni pclmulqdq ssse3 fma cx16 pcid sse4_1 sse4_2 x2apic movbe popcnt aes xsave avx f16c rdrand hypervisor lahf_lm abm 3dnowprefetch invpcid_single pti ssbd ibrs ibpb stibp fsgsbase tsc_adjust bmi1 hle avx2 smep bmi2 erms invpcid rtm rdseed adx smap xsaveopt arat md_clear arch_capabilities

Online cpus: 0-7
Offline cpus: 
BIOS frequency limitation: <Not Available>
Frequency switch latency (ns): <Not Available>
Available cpu frequencies: <Not Available>
Current governor: <Not Available>
Core performance/turbo boost: <Not Available>

Memory: 4k page, physical 1048576k(416756k free), swap 0k(0k free)
Page Sizes: 4k

vm_info: OpenJDK 64-Bit Server VM (17.0.5+8-jvmci-22.3-b08) for linux-amd64 JRE (17.0.5+8-jvmci-22.3-b08), built on Oct 19 2022 09:01:27 by "buildslave" with gcc 10.3.0

END.
